#
# A fatal error has been detected by the Java Runtime Environment:
#
#  SIGILL (0x4) at pc=0x00007fe1a6444341, pid=10288, tid=140606842377984
#
# JRE version: Java(TM) SE Runtime Environment (7.0_79-b15) (build 1.7.0_79-b15)
# Java VM: Java HotSpot(TM) 64-Bit Server VM (24.79-b02 mixed mode linux-amd64 compressed oops)
# Problematic frame:
# V  [libjvm.so+0x795341]  Matcher::match()+0x3d1
#
# Failed to write core dump. Core dumps have been disabled. To enable core dumping, try "ulimit -c unlimited" before starting Java again
#
# If you would like to submit a bug report, please visit:
#   http://bugreport.java.com/bugreport/crash.jsp
#

---------------  T H R E A D  ---------------

Current thread (0x00007fe1a009d000):  JavaThread "C2 CompilerThread0" daemon [_thread_in_native, id=10307, stack(0x00007fe194d49000,0x00007fe194e4a000)]

siginfo:si_signo=SIGILL: si_errno=0, si_code=2 (ILL_ILLOPN), si_addr=0x00007fe1a6444341

Registers:
RAX=0x00007fe160017b30, RBX=0x00007fe194e44ff0, RCX=0x00007fe194e44ff0, RDX=0x00007fe194e44ff0
RSP=0x00007fe194e44ee0, RBP=0x00007fe194e44fe0, RSI=0x00007fe160017b10, RDI=0x00007fe194e47310
R8 =0x0000000000000008, R9 =0x00007fe1a6ae73c0, R10=0x0000000000000028, R11=0x00007fe16000a218
R12=0x0000000000000004, R13=0x0000000000000001, R14=0x0000000000000000, R15=0x0000000000000000
RIP=0x00007fe1a6444341, EFLAGS=0x0000000000010206, CSGSFS=0x0000000000000033, ERR=0x0000000000000000
  TRAPNO=0x0000000000000006

Top of Stack: (sp=0x00007fe194e44ee0)
0x00007fe194e44ee0:   0000000000000000 00007fe1a6ae73c0
0x00007fe194e44ef0:   0000000000000000 00007fe194e44ff0
0x00007fe194e44f00:   00007fe160017b10 00000000000027d8
0x00007fe194e44f10:   00007fe194e45960 00000006a5f4f6b3
0x00007fe194e44f20:   0000000000000000 00007fe1a5f4f48a
0x00007fe194e44f30:   00007fe1600178d8 00007fe194e44f70
0x00007fe194e44f40:   00000000000027d8 00007fe194e45960
0x00007fe194e44f50:   0000000000100000 0000000000000000
0x00007fe194e44f60:   0000000000000000 0000000000000000
0x00007fe194e44f70:   0000000000000000 00007fe194e44ff0
0x00007fe194e44f80:   0000000000000000 0000000000000000
0x00007fe194e44f90:   0400000000000000 0000000000000000
0x00007fe194e44fa0:   0000000000000000 00007fe194e45c40
0x00007fe194e44fb0:   00007fe194e44fe0 00007fe194e46770
0x00007fe194e44fc0:   00007fe194e47310 00007fe194e44ff0
0x00007fe194e44fd0:   00007fe194e45c40 00007fe1a6aced20
0x00007fe194e44fe0:   00007fe194e467c0 00007fe1a60f2efa
0x00007fe194e44ff0:   00007fe1a6aac7f0 0000000000000005
0x00007fe194e45000:   00007fe194e47310 00007fe1a009d980
0x00007fe194e45010:   00007fe1a009d980 0000000000000004
0x00007fe194e45020:   00007fe1600178b0 00007fe1a009d980
0x00007fe194e45030:   0000000000000040 00007fe1600178e0
0x00007fe194e45040:   0000000000000000 0000000000000000
0x00007fe194e45050:   0000000000000000 0000000000000000
0x00007fe194e45060:   0000000000000000 0000000000000000
0x00007fe194e45070:   0000000000000000 0000000000000000
0x00007fe194e45080:   0000000000000000 0000000000000000
0x00007fe194e45090:   0000000000000000 0000000000000000
0x00007fe194e450a0:   0000000000000000 0000000000000000
0x00007fe194e450b0:   0000000000000000 0000000000000000
0x00007fe194e450c0:   0000000000000000 0000000000000000
0x00007fe194e450d0:   0000000000000000 0000000000000000 

Instructions: (pc=0x00007fe1a6444341)
0x00007fe1a6444321:   00 00 00 00 c7 40 0c 00 00 00 00 c7 40 10 00 00
0x00007fe1a6444331:   00 00 c7 40 14 00 00 00 00 c7 40 18 00 00 00 b0
0x00007fe1a6444341:   06 ee b0 b0 3f ad 94 77 80 cd 94 00 00 00 c7 40
0x00007fe1a6444351:   24 00 00 00 00 48 8b 8d 20 ff ff ff 4e 8b 64 b9 

Register to memory mapping:

RAX=0x00007fe160017b30 is an unknown value
RBX=0x00007fe194e44ff0 is pointing into the stack for thread: 0x00007fe1a009d000
RCX=0x00007fe194e44ff0 is pointing into the stack for thread: 0x00007fe1a009d000
RDX=0x00007fe194e44ff0 is pointing into the stack for thread: 0x00007fe1a009d000
RSP=0x00007fe194e44ee0 is pointing into the stack for thread: 0x00007fe1a009d000
RBP=0x00007fe194e44fe0 is pointing into the stack for thread: 0x00007fe1a009d000
RSI=0x00007fe160017b10 is an unknown value
RDI=0x00007fe194e47310 is pointing into the stack for thread: 0x00007fe1a009d000
R8 =0x0000000000000008 is an unknown value
R9 =0x00007fe1a6ae73c0: <offset 0xe383c0> in /home/capstone/installs/jdk1.7.0_79/jre/lib/amd64/server/libjvm.so at 0x00007fe1a5caf000
R10=0x0000000000000028 is an unknown value
R11=0x00007fe16000a218 is an unknown value
R12=0x0000000000000004 is an unknown value
R13=0x0000000000000001 is an unknown value
R14=0x0000000000000000 is an unknown value
R15=0x0000000000000000 is an unknown value


Stack: [0x00007fe194d49000,0x00007fe194e4a000],  sp=0x00007fe194e44ee0,  free space=1007k
Native frames: (J=compiled Java code, j=interpreted, Vv=VM code, C=native code)
V  [libjvm.so+0x795341]  Matcher::match()+0x3d1
V  [libjvm.so+0x443efa]  Compile::Code_Gen()+0x12a
V  [libjvm.so+0x444a8d]  Compile::Compile(ciEnv*, TypeFunc const* (*)(), unsigned char*, char const*, int, bool, bool, bool)+0x7bd
V  [libjvm.so+0x8abe19]  OptoRuntime::generate_stub(ciEnv*, TypeFunc const* (*)(), unsigned char*, char const*, int, bool, bool, bool)+0xd9
V  [libjvm.so+0x8abff6]  OptoRuntime::generate(ciEnv*)+0x46
V  [libjvm.so+0x3b19d9]  C2Compiler::initialize_runtime()+0x119
V  [libjvm.so+0x1eabe3]  AbstractCompiler::initialize_runtimes(void (*)(), int volatile*)+0x1c3
V  [libjvm.so+0x3b18aa]  C2Compiler::initialize()+0x2a
V  [libjvm.so+0x3b1d1e]  C2Compiler::compile_method(ciEnv*, ciMethod*, int)+0x31e
V  [libjvm.so+0x44ec6e]  CompileBroker::invoke_compiler_on_method(CompileTask*)+0x33e
V  [libjvm.so+0x44fa4d]  CompileBroker::compiler_thread_loop()+0x43d
V  [libjvm.so+0x95c11f]  JavaThread::thread_main_inner()+0xdf
V  [libjvm.so+0x95c225]  JavaThread::run()+0xf5
V  [libjvm.so+0x821ca8]  java_start(Thread*)+0x108


Current CompileTask:
C2:     45    1             java.lang.String::indexOf (70 bytes)


---------------  P R O C E S S  ---------------

Java Threads: ( => current thread )
  0x00007fe1a00a2800 JavaThread "Service Thread" daemon [_thread_blocked, id=10309, stack(0x00007fe194b47000,0x00007fe194c48000)]
  0x00007fe1a00a0000 JavaThread "C2 CompilerThread1" daemon [_thread_blocked, id=10308, stack(0x00007fe194c48000,0x00007fe194d49000)]
=>0x00007fe1a009d000 JavaThread "C2 CompilerThread0" daemon [_thread_in_native, id=10307, stack(0x00007fe194d49000,0x00007fe194e4a000)]
  0x00007fe1a009b000 JavaThread "Signal Dispatcher" daemon [_thread_blocked, id=10306, stack(0x00007fe194e4a000,0x00007fe194f4b000)]
  0x00007fe1a0079800 JavaThread "Finalizer" daemon [_thread_blocked, id=10305, stack(0x00007fe19590a000,0x00007fe195a0b000)]
  0x00007fe1a0077800 JavaThread "Reference Handler" daemon [_thread_blocked, id=10304, stack(0x00007fe195a0b000,0x00007fe195b0c000)]
  0x00007fe1a000b000 JavaThread "main" [_thread_in_vm, id=10294, stack(0x00007fe1a7629000,0x00007fe1a772a000)]

Other Threads:
  0x00007fe1a0073800 VMThread [stack: 0x00007fe195b0c000,0x00007fe195c0d000] [id=10303]
  0x00007fe1a00ad000 WatcherThread [stack: 0x00007fe194a46000,0x00007fe194b47000] [id=10310]

VM state:not at safepoint (normal execution)

VM Mutex/Monitor currently owned by a thread: None

Heap
 PSYoungGen      total 74752K, used 2580K [0x00000007ad000000, 0x00000007b2300000, 0x0000000800000000)
  eden space 64512K, 4% used [0x00000007ad000000,0x00000007ad2852d8,0x00000007b0f00000)
  from space 10240K, 0% used [0x00000007b1900000,0x00000007b1900000,0x00000007b2300000)
  to   space 10240K, 0% used [0x00000007b0f00000,0x00000007b0f00000,0x00000007b1900000)
 ParOldGen       total 169984K, used 0K [0x0000000707000000, 0x0000000711600000, 0x00000007ad000000)
  object space 169984K, 0% used [0x0000000707000000,0x0000000707000000,0x0000000711600000)
 PSPermGen       total 21504K, used 2490K [0x0000000701e00000, 0x0000000703300000, 0x0000000707000000)
  object space 21504K, 11% used [0x0000000701e00000,0x000000070206e990,0x0000000703300000)

Card table byte_map: [0x00007fe1a4118000,0x00007fe1a490a000] byte_map_base: 0x00007fe1a0909000

Polling page: 0x00007fe1a774c000

Code Cache  [0x00007fe19d000000, 0x00007fe19d270000, 0x00007fe1a0000000)
 total_blobs=167 nmethods=0 adapters=135 free_code_cache=48773Kb largest_free_block=49941376

Compilation events (1 events):
Event: 0.041 Thread 0x00007fe1a009d000    1             java.lang.String::indexOf (70 bytes)

GC Heap History (0 events):
No events

Deoptimization events (0 events):
No events

Internal exceptions (2 events):
Event: 0.018 Thread 0x00007fe1a000b000 Threw 0x00000007ad00f0c0 at /HUDSON/workspace/7u-2-build-linux-amd64/jdk7u79/2331/hotspot/src/share/vm/prims/jni.cpp:3991
Event: 0.038 Thread 0x00007fe1a000b000 Threw 0x00000007ad057110 at /HUDSON/workspace/7u-2-build-linux-amd64/jdk7u79/2331/hotspot/src/share/vm/prims/jvm.cpp:1304

Events (10 events):
Event: 0.041 loading class 0x00007fe1a4073390
Event: 0.041 loading class 0x00007fe1a4073390 done
Event: 0.041 loading class 0x00007fe1a00a6d80
Event: 0.041 loading class 0x00007fe1a00a6d80 done
Event: 0.041 loading class 0x00007fe1a40734b0
Event: 0.041 loading class 0x00007fe1a00a6f60
Event: 0.041 loading class 0x00007fe1a00a6f60 done
Event: 0.041 loading class 0x00007fe1a40734b0 done
Event: 0.041 loading class 0x00007fe1a4074c00
Event: 0.041 loading class 0x00007fe1a4074c00 done


Dynamic libraries:
00400000-00401000 r-xp 00000000 08:02 6567276                            /home/capstone/installs/jdk1.7.0_79/bin/java
00600000-00601000 rw-p 00000000 08:02 6567276                            /home/capstone/installs/jdk1.7.0_79/bin/java
01e9c000-01ebd000 rw-p 00000000 00:00 0                                  [heap]
701e00000-703300000 rw-p 00000000 00:00 0 
703300000-707000000 rw-p 00000000 00:00 0 
707000000-711600000 rw-p 00000000 00:00 0 
711600000-7ad000000 rw-p 00000000 00:00 0 
7ad000000-7b2300000 rw-p 00000000 00:00 0 
7b2300000-800000000 rw-p 00000000 00:00 0 
7fe14c000000-7fe14c021000 rw-p 00000000 00:00 0 
7fe14c021000-7fe150000000 ---p 00000000 00:00 0 
7fe154000000-7fe154021000 rw-p 00000000 00:00 0 
7fe154021000-7fe158000000 ---p 00000000 00:00 0 
7fe158000000-7fe158021000 rw-p 00000000 00:00 0 
7fe158021000-7fe15c000000 ---p 00000000 00:00 0 
7fe15c000000-7fe15c021000 rw-p 00000000 00:00 0 
7fe15c021000-7fe160000000 ---p 00000000 00:00 0 
7fe160000000-7fe160034000 rw-p 00000000 00:00 0 
7fe160034000-7fe164000000 ---p 00000000 00:00 0 
7fe164000000-7fe164021000 rw-p 00000000 00:00 0 
7fe164021000-7fe168000000 ---p 00000000 00:00 0 
7fe168000000-7fe168021000 rw-p 00000000 00:00 0 
7fe168021000-7fe16c000000 ---p 00000000 00:00 0 
7fe16c000000-7fe16c021000 rw-p 00000000 00:00 0 
7fe16c021000-7fe170000000 ---p 00000000 00:00 0 
7fe1700f0000-7fe178000000 rw-p 00000000 00:00 0 
7fe178000000-7fe178021000 rw-p 00000000 00:00 0 
7fe178021000-7fe17c000000 ---p 00000000 00:00 0 
7fe17c000000-7fe17c021000 rw-p 00000000 00:00 0 
7fe17c021000-7fe180000000 ---p 00000000 00:00 0 
7fe180000000-7fe180021000 rw-p 00000000 00:00 0 
7fe180021000-7fe184000000 ---p 00000000 00:00 0 
7fe184000000-7fe184021000 rw-p 00000000 00:00 0 
7fe184021000-7fe188000000 ---p 00000000 00:00 0 
7fe188000000-7fe188021000 rw-p 00000000 00:00 0 
7fe188021000-7fe18c000000 ---p 00000000 00:00 0 
7fe18c000000-7fe18c021000 rw-p 00000000 00:00 0 
7fe18c021000-7fe190000000 ---p 00000000 00:00 0 
7fe190000000-7fe190021000 rw-p 00000000 00:00 0 
7fe190021000-7fe194000000 ---p 00000000 00:00 0 
7fe1947c4000-7fe1947e0000 r--s 00103000 08:02 7092747                    /home/capstone/.m2/repository/org/mockito/mockito-core/1.10.19/mockito-core-1.10.19.jar
7fe1947e0000-7fe1947fe000 r--s 00110000 08:02 7092536                    /home/capstone/.m2/repository/org/mockito/mockito-all/1.10.19/mockito-all-1.10.19.jar
7fe1947fe000-7fe194a46000 rw-p 00000000 00:00 0 
7fe194a46000-7fe194a47000 ---p 00000000 00:00 0 
7fe194a47000-7fe194b47000 rw-p 00000000 00:00 0 
7fe194b47000-7fe194b4a000 ---p 00000000 00:00 0 
7fe194b4a000-7fe194c48000 rw-p 00000000 00:00 0 
7fe194c48000-7fe194c4b000 ---p 00000000 00:00 0 
7fe194c4b000-7fe194d49000 rw-p 00000000 00:00 0 
7fe194d49000-7fe194d4c000 ---p 00000000 00:00 0 
7fe194d4c000-7fe194e4a000 rw-p 00000000 00:00 0 
7fe194e4a000-7fe194e4d000 ---p 00000000 00:00 0 
7fe194e4d000-7fe194f4b000 rw-p 00000000 00:00 0 
7fe194f4b000-7fe19590a000 r--p 00000000 08:02 33101599                   /usr/lib/locale/locale-archive
7fe19590a000-7fe19590d000 ---p 00000000 00:00 0 
7fe19590d000-7fe195a0b000 rw-p 00000000 00:00 0 
7fe195a0b000-7fe195a0e000 ---p 00000000 00:00 0 
7fe195a0e000-7fe195b0c000 rw-p 00000000 00:00 0 
7fe195b0c000-7fe195b0d000 ---p 00000000 00:00 0 
7fe195b0d000-7fe198000000 rw-p 00000000 00:00 0 
7fe198000000-7fe198021000 rw-p 00000000 00:00 0 
7fe198021000-7fe19c000000 ---p 00000000 00:00 0 
7fe19c005000-7fe19c092000 rw-p 00000000 00:00 0 
7fe19c092000-7fe19c252000 r--s 039f7000 08:02 6438489                    /home/capstone/installs/jdk1.7.0_79/jre/lib/rt.jar
7fe19c252000-7fe19c2c8000 rw-p 00000000 00:00 0 
7fe19c2c8000-7fe19c2c9000 ---p 00000000 00:00 0 
7fe19c2c9000-7fe19c3c9000 rw-p 00000000 00:00 0 
7fe19c3c9000-7fe19c3ca000 ---p 00000000 00:00 0 
7fe19c3ca000-7fe19c4ca000 rw-p 00000000 00:00 0 
7fe19c4ca000-7fe19c4cb000 ---p 00000000 00:00 0 
7fe19c4cb000-7fe19c5cb000 rw-p 00000000 00:00 0 
7fe19c5cb000-7fe19c5cc000 ---p 00000000 00:00 0 
7fe19c5cc000-7fe19c6cc000 rw-p 00000000 00:00 0 
7fe19c6cc000-7fe19c6cd000 ---p 00000000 00:00 0 
7fe19c6cd000-7fe19c7cd000 rw-p 00000000 00:00 0 
7fe19c7cd000-7fe19c7ce000 ---p 00000000 00:00 0 
7fe19c7ce000-7fe19c8ce000 rw-p 00000000 00:00 0 
7fe19c8ce000-7fe19c8cf000 ---p 00000000 00:00 0 
7fe19c8cf000-7fe19c9cf000 rw-p 00000000 00:00 0 
7fe19c9cf000-7fe19c9d0000 ---p 00000000 00:00 0 
7fe19c9d0000-7fe19cb23000 rw-p 00000000 00:00 0 
7fe19cb23000-7fe19d000000 rw-p 00000000 00:00 0 
7fe19d000000-7fe19d270000 rwxp 00000000 00:00 0 
7fe19d270000-7fe1a0160000 rw-p 00000000 00:00 0 
7fe1a0160000-7fe1a4000000 ---p 00000000 00:00 0 
7fe1a4011000-7fe1a4013000 r--s 00004000 08:02 7092753                    /home/capstone/.m2/repository/org/powermock/powermock-api-support/1.6.6/powermock-api-support-1.6.6.jar
7fe1a4013000-7fe1a4015000 r--s 00008000 08:02 7092751                    /home/capstone/.m2/repository/org/powermock/powermock-api-mockito-common/1.6.6/powermock-api-mockito-common-1.6.6.jar
7fe1a4015000-7fe1a4017000 r--s 00009000 08:02 7092749                    /home/capstone/.m2/repository/org/objenesis/objenesis/2.1/objenesis-2.1.jar
7fe1a4017000-7fe1a401a000 r--s 00011000 08:02 7092745                    /home/capstone/.m2/repository/org/powermock/powermock-api-mockito/1.6.6/powermock-api-mockito-1.6.6.jar
7fe1a401a000-7fe1a401c000 r--s 0000d000 08:02 7092743                    /home/capstone/.m2/repository/org/powermock/powermock-reflect/1.6.6/powermock-reflect-1.6.6.jar
7fe1a401c000-7fe1a40fa000 rw-p 00000000 00:00 0 
7fe1a40fa000-7fe1a4118000 rw-p 00000000 00:00 0 
7fe1a4118000-7fe1a4123000 rw-p 00000000 00:00 0 
7fe1a4123000-7fe1a4141000 rw-p 00000000 00:00 0 
7fe1a4141000-7fe1a4194000 rw-p 00000000 00:00 0 
7fe1a4194000-7fe1a4671000 rw-p 00000000 00:00 0 
7fe1a4671000-7fe1a469b000 rw-p 00000000 00:00 0 
7fe1a469b000-7fe1a4909000 rw-p 00000000 00:00 0 
7fe1a4909000-7fe1a490a000 rw-p 00000000 00:00 0 
7fe1a490a000-7fe1a4924000 r-xp 00000000 08:02 6437836                    /home/capstone/installs/jdk1.7.0_79/jre/lib/amd64/libzip.so
7fe1a4924000-7fe1a4b24000 ---p 0001a000 08:02 6437836                    /home/capstone/installs/jdk1.7.0_79/jre/lib/amd64/libzip.so
7fe1a4b24000-7fe1a4b25000 rw-p 0001a000 08:02 6437836                    /home/capstone/installs/jdk1.7.0_79/jre/lib/amd64/libzip.so
7fe1a4b25000-7fe1a4b30000 r-xp 00000000 08:02 16288543                   /lib/x86_64-linux-gnu/libnss_files-2.23.so
7fe1a4b30000-7fe1a4d2f000 ---p 0000b000 08:02 16288543                   /lib/x86_64-linux-gnu/libnss_files-2.23.so
7fe1a4d2f000-7fe1a4d30000 r--p 0000a000 08:02 16288543                   /lib/x86_64-linux-gnu/libnss_files-2.23.so
7fe1a4d30000-7fe1a4d31000 rw-p 0000b000 08:02 16288543                   /lib/x86_64-linux-gnu/libnss_files-2.23.so
7fe1a4d31000-7fe1a4d37000 rw-p 00000000 00:00 0 
7fe1a4d37000-7fe1a4d42000 r-xp 00000000 08:02 16288528                   /lib/x86_64-linux-gnu/libnss_nis-2.23.so
7fe1a4d42000-7fe1a4f41000 ---p 0000b000 08:02 16288528                   /lib/x86_64-linux-gnu/libnss_nis-2.23.so
7fe1a4f41000-7fe1a4f42000 r--p 0000a000 08:02 16288528                   /lib/x86_64-linux-gnu/libnss_nis-2.23.so
7fe1a4f42000-7fe1a4f43000 rw-p 0000b000 08:02 16288528                   /lib/x86_64-linux-gnu/libnss_nis-2.23.so
7fe1a4f43000-7fe1a4f59000 r-xp 00000000 08:02 16288539                   /lib/x86_64-linux-gnu/libnsl-2.23.so
7fe1a4f59000-7fe1a5158000 ---p 00016000 08:02 16288539                   /lib/x86_64-linux-gnu/libnsl-2.23.so
7fe1a5158000-7fe1a5159000 r--p 00015000 08:02 16288539                   /lib/x86_64-linux-gnu/libnsl-2.23.so
7fe1a5159000-7fe1a515a000 rw-p 00016000 08:02 16288539                   /lib/x86_64-linux-gnu/libnsl-2.23.so
7fe1a515a000-7fe1a515c000 rw-p 00000000 00:00 0 
7fe1a515c000-7fe1a5164000 r-xp 00000000 08:02 16288540                   /lib/x86_64-linux-gnu/libnss_compat-2.23.so
7fe1a5164000-7fe1a5363000 ---p 00008000 08:02 16288540                   /lib/x86_64-linux-gnu/libnss_compat-2.23.so
7fe1a5363000-7fe1a5364000 r--p 00007000 08:02 16288540                   /lib/x86_64-linux-gnu/libnss_compat-2.23.so
7fe1a5364000-7fe1a5365000 rw-p 00008000 08:02 16288540                   /lib/x86_64-linux-gnu/libnss_compat-2.23.so
7fe1a5365000-7fe1a538e000 r-xp 00000000 08:02 6437802                    /home/capstone/installs/jdk1.7.0_79/jre/lib/amd64/libjava.so
7fe1a538e000-7fe1a558e000 ---p 00029000 08:02 6437802                    /home/capstone/installs/jdk1.7.0_79/jre/lib/amd64/libjava.so
7fe1a558e000-7fe1a5590000 rw-p 00029000 08:02 6437802                    /home/capstone/installs/jdk1.7.0_79/jre/lib/amd64/libjava.so
7fe1a5590000-7fe1a559d000 r-xp 00000000 08:02 6437829                    /home/capstone/installs/jdk1.7.0_79/jre/lib/amd64/libverify.so
7fe1a559d000-7fe1a579c000 ---p 0000d000 08:02 6437829                    /home/capstone/installs/jdk1.7.0_79/jre/lib/amd64/libverify.so
7fe1a579c000-7fe1a579e000 rw-p 0000c000 08:02 6437829                    /home/capstone/installs/jdk1.7.0_79/jre/lib/amd64/libverify.so
7fe1a579e000-7fe1a57a5000 r-xp 00000000 08:02 16288527                   /lib/x86_64-linux-gnu/librt-2.23.so
7fe1a57a5000-7fe1a59a4000 ---p 00007000 08:02 16288527                   /lib/x86_64-linux-gnu/librt-2.23.so
7fe1a59a4000-7fe1a59a5000 r--p 00006000 08:02 16288527                   /lib/x86_64-linux-gnu/librt-2.23.so
7fe1a59a5000-7fe1a59a6000 rw-p 00007000 08:02 16288527                   /lib/x86_64-linux-gnu/librt-2.23.so
7fe1a59a6000-7fe1a5aae000 r-xp 00000000 08:02 16288537                   /lib/x86_64-linux-gnu/libm-2.23.so
7fe1a5aae000-7fe1a5cad000 ---p 00108000 08:02 16288537                   /lib/x86_64-linux-gnu/libm-2.23.so
7fe1a5cad000-7fe1a5cae000 r--p 00107000 08:02 16288537                   /lib/x86_64-linux-gnu/libm-2.23.so
7fe1a5cae000-7fe1a5caf000 rw-p 00108000 08:02 16288537                   /lib/x86_64-linux-gnu/libm-2.23.so
7fe1a5caf000-7fe1a6824000 r-xp 00000000 08:02 6437856                    /home/capstone/installs/jdk1.7.0_79/jre/lib/amd64/server/libjvm.so
7fe1a6824000-7fe1a6a24000 ---p 00b75000 08:02 6437856                    /home/capstone/installs/jdk1.7.0_79/jre/lib/amd64/server/libjvm.so
7fe1a6a24000-7fe1a6ae8000 rw-p 00b75000 08:02 6437856                    /home/capstone/installs/jdk1.7.0_79/jre/lib/amd64/server/libjvm.so
7fe1a6ae8000-7fe1a6b29000 rw-p 00000000 00:00 0 
7fe1a6b29000-7fe1a6ce8000 r-xp 00000000 08:02 16288532                   /lib/x86_64-linux-gnu/libc-2.23.so
7fe1a6ce8000-7fe1a6ee8000 ---p 001bf000 08:02 16288532                   /lib/x86_64-linux-gnu/libc-2.23.so
7fe1a6ee8000-7fe1a6eec000 r--p 001bf000 08:02 16288532                   /lib/x86_64-linux-gnu/libc-2.23.so
7fe1a6eec000-7fe1a6eee000 rw-p 001c3000 08:02 16288532                   /lib/x86_64-linux-gnu/libc-2.23.so
7fe1a6eee000-7fe1a6ef2000 rw-p 00000000 00:00 0 
7fe1a6ef2000-7fe1a6ef5000 r-xp 00000000 08:02 16288531                   /lib/x86_64-linux-gnu/libdl-2.23.so
7fe1a6ef5000-7fe1a70f4000 ---p 00003000 08:02 16288531                   /lib/x86_64-linux-gnu/libdl-2.23.so
7fe1a70f4000-7fe1a70f5000 r--p 00002000 08:02 16288531                   /lib/x86_64-linux-gnu/libdl-2.23.so
7fe1a70f5000-7fe1a70f6000 rw-p 00003000 08:02 16288531                   /lib/x86_64-linux-gnu/libdl-2.23.so
7fe1a70f6000-7fe1a710c000 r-xp 00000000 08:02 6438537                    /home/capstone/installs/jdk1.7.0_79/lib/amd64/jli/libjli.so
7fe1a710c000-7fe1a730c000 ---p 00016000 08:02 6438537                    /home/capstone/installs/jdk1.7.0_79/lib/amd64/jli/libjli.so
7fe1a730c000-7fe1a730d000 rw-p 00016000 08:02 6438537                    /home/capstone/installs/jdk1.7.0_79/lib/amd64/jli/libjli.so
7fe1a730d000-7fe1a7325000 r-xp 00000000 08:02 16288538                   /lib/x86_64-linux-gnu/libpthread-2.23.so
7fe1a7325000-7fe1a7524000 ---p 00018000 08:02 16288538                   /lib/x86_64-linux-gnu/libpthread-2.23.so
7fe1a7524000-7fe1a7525000 r--p 00017000 08:02 16288538                   /lib/x86_64-linux-gnu/libpthread-2.23.so
7fe1a7525000-7fe1a7526000 rw-p 00018000 08:02 16288538                   /lib/x86_64-linux-gnu/libpthread-2.23.so
7fe1a7526000-7fe1a752a000 rw-p 00000000 00:00 0 
7fe1a752a000-7fe1a7550000 r-xp 00000000 08:02 16288521                   /lib/x86_64-linux-gnu/ld-2.23.so
7fe1a7551000-7fe1a755b000 r--s 000aa000 08:02 7092741                    /home/capstone/.m2/repository/org/javassist/javassist/3.21.0-GA/javassist-3.21.0-GA.jar
7fe1a755b000-7fe1a755f000 r--s 0001a000 08:02 7092739                    /home/capstone/.m2/repository/org/powermock/powermock-core/1.6.6/powermock-core-1.6.6.jar
7fe1a755f000-7fe1a7561000 r--s 0000a000 08:02 7092735                    /home/capstone/.m2/repository/org/powermock/powermock-module-junit4/1.6.6/powermock-module-junit4-1.6.6.jar
7fe1a7561000-7fe1a7569000 r--s 00045000 08:02 6829082                    /home/capstone/.m2/repository/junit/junit/4.12/junit-4.12.jar
7fe1a7569000-7fe1a7573000 rw-p 00000000 00:00 0 
7fe1a7573000-7fe1a7629000 rw-p 00000000 00:00 0 
7fe1a7629000-7fe1a762c000 ---p 00000000 00:00 0 
7fe1a762c000-7fe1a772e000 rw-p 00000000 00:00 0 
7fe1a772e000-7fe1a772f000 r--s 00003000 08:02 7092737                    /home/capstone/.m2/repository/org/powermock/powermock-module-junit4-common/1.6.6/powermock-module-junit4-common-1.6.6.jar
7fe1a772f000-7fe1a7731000 r--s 00009000 08:02 6829084                    /home/capstone/.m2/repository/org/hamcrest/hamcrest-core/1.3/hamcrest-core-1.3.jar
7fe1a7731000-7fe1a7736000 r--s 00034000 08:02 7224931                    /home/capstone/.m2/repository/com/google/code/gson/gson/2.8.0/gson-2.8.0.jar
7fe1a7736000-7fe1a773a000 r--s 00016000 08:02 7225212                    /home/capstone/.m2/repository/org/tukaani/xz/1.6/xz-1.6.jar
7fe1a773a000-7fe1a7743000 r--s 0006a000 08:02 7224476                    /home/capstone/.m2/repository/org/apache/commons/commons-compress/1.13/commons-compress-1.13.jar
7fe1a7743000-7fe1a774b000 rw-s 00000000 08:02 17337031                   /tmp/hsperfdata_capstone/10288
7fe1a774b000-7fe1a774c000 rw-p 00000000 00:00 0 
7fe1a774c000-7fe1a774d000 r--p 00000000 00:00 0 
7fe1a774d000-7fe1a774f000 rw-p 00000000 00:00 0 
7fe1a774f000-7fe1a7750000 r--p 00025000 08:02 16288521                   /lib/x86_64-linux-gnu/ld-2.23.so
7fe1a7750000-7fe1a7751000 rw-p 00026000 08:02 16288521                   /lib/x86_64-linux-gnu/ld-2.23.so
7fe1a7751000-7fe1a7752000 rw-p 00000000 00:00 0 
7ffdd2710000-7ffdd2732000 rw-p 00000000 00:00 0                          [stack]
7ffdd27d1000-7ffdd27d3000 r--p 00000000 00:00 0                          [vvar]
7ffdd27d3000-7ffdd27d5000 r-xp 00000000 00:00 0                          [vdso]
ffffffffff600000-ffffffffff601000 r-xp 00000000 00:00 0                  [vsyscall]

VM Arguments:
jvm_args: -ea -Dfile.encoding=UTF-8 
java_command: org.eclipse.jdt.internal.junit.runner.RemoteTestRunner -version 3 -port 33664 -testLoaderClass org.eclipse.jdt.internal.junit4.runner.JUnit4TestLoader -loaderpluginname org.eclipse.jdt.junit4.runtime -classNames com.alanbuttars.commons.compress.stub.compress.CompressTest
Launcher Type: SUN_STANDARD

Environment Variables:
JAVA_HOME=/home/capstone/installs/jdk1.8.0_111
PATH=/home/capstone/bin:/usr/local/sbin:/usr/local/bin:/usr/sbin:/usr/bin:/sbin:/bin:/usr/games:/usr/local/games:$JAVA_HOME/bin:/snap/bin
SHELL=/usr/bin/zsh
DISPLAY=:0

Signal Handlers:
SIGSEGV: [libjvm.so+0x9a3bf0], sa_mask[0]=0x7ffbfeff, sa_flags=0x10000004
SIGBUS: [libjvm.so+0x9a3bf0], sa_mask[0]=0x7ffbfeff, sa_flags=0x10000004
SIGFPE: [libjvm.so+0x81cb60], sa_mask[0]=0x7ffbfeff, sa_flags=0x10000004
SIGPIPE: [libjvm.so+0x81cb60], sa_mask[0]=0x7ffbfeff, sa_flags=0x10000004
SIGXFSZ: [libjvm.so+0x81cb60], sa_mask[0]=0x7ffbfeff, sa_flags=0x10000004
SIGILL: [libjvm.so+0x81cb60], sa_mask[0]=0x7ffbfeff, sa_flags=0x10000004
SIGUSR1: SIG_DFL, sa_mask[0]=0x00000000, sa_flags=0x00000000
SIGUSR2: [libjvm.so+0x81e360], sa_mask[0]=0x00000004, sa_flags=0x10000004
SIGHUP: [libjvm.so+0x81f480], sa_mask[0]=0x7ffbfeff, sa_flags=0x10000004
SIGINT: [libjvm.so+0x81f480], sa_mask[0]=0x7ffbfeff, sa_flags=0x10000004
SIGTERM: [libjvm.so+0x81f480], sa_mask[0]=0x7ffbfeff, sa_flags=0x10000004
SIGQUIT: [libjvm.so+0x81f480], sa_mask[0]=0x7ffbfeff, sa_flags=0x10000004


---------------  S Y S T E M  ---------------

OS:stretch/sid

uname:Linux 4.4.0-64-generic #85-Ubuntu SMP Mon Feb 20 11:50:30 UTC 2017 x86_64
libc:glibc 2.23 NPTL 2.23 
rlimit: STACK 8192k, CORE 0k, NPROC 62809, NOFILE 65536, AS infinity
load average:0.62 0.38 0.28

/proc/meminfo:
MemTotal:       16312852 kB
MemFree:         7496808 kB
MemAvailable:   11559256 kB
Buffers:          287564 kB
Cached:          4609584 kB
SwapCached:            0 kB
Active:          5514592 kB
Inactive:        2802340 kB
Active(anon):    3441464 kB
Inactive(anon):   754360 kB
Active(file):    2073128 kB
Inactive(file):  2047980 kB
Unevictable:         340 kB
Mlocked:             340 kB
SwapTotal:      16657404 kB
SwapFree:       16657404 kB
Dirty:              5628 kB
Writeback:             0 kB
AnonPages:       3420164 kB
Mapped:           628800 kB
Shmem:            776044 kB
Slab:             332560 kB
SReclaimable:     278580 kB
SUnreclaim:        53980 kB
KernelStack:       12448 kB
PageTables:        53292 kB
NFS_Unstable:          0 kB
Bounce:                0 kB
WritebackTmp:          0 kB
CommitLimit:    24813828 kB
Committed_AS:   10470676 kB
VmallocTotal:   34359738367 kB
VmallocUsed:           0 kB
VmallocChunk:          0 kB
HardwareCorrupted:     0 kB
AnonHugePages:   1384448 kB
CmaTotal:              0 kB
CmaFree:               0 kB
HugePages_Total:       0
HugePages_Free:        0
HugePages_Rsvd:        0
HugePages_Surp:        0
Hugepagesize:       2048 kB
DirectMap4k:      245320 kB
DirectMap2M:     8024064 kB
DirectMap1G:     8388608 kB


CPU:total 8 (4 cores per cpu, 2 threads per core) family 6 model 60 stepping 3, cmov, cx8, fxsr, mmx, sse, sse2, sse3, ssse3, sse4.1, sse4.2, popcnt, avx, avx2, aes, erms, ht, tsc, tscinvbit

/proc/cpuinfo:
processor	: 0
vendor_id	: GenuineIntel
cpu family	: 6
model		: 60
model name	: Intel(R) Core(TM) i7-4700HQ CPU @ 2.40GHz
stepping	: 3
microcode	: 0x9
cpu MHz		: 3199.968
cache size	: 6144 KB
physical id	: 0
siblings	: 8
core id		: 0
cpu cores	: 4
apicid		: 0
initial apicid	: 0
fpu		: yes
fpu_exception	: yes
cpuid level	: 13
wp		: yes
flags		: fpu vme de pse tsc msr pae mce cx8 apic sep mtrr pge mca cmov pat pse36 clflush dts acpi mmx fxsr sse sse2 ss ht tm pbe syscall nx pdpe1gb rdtscp lm constant_tsc arch_perfmon pebs bts rep_good nopl xtopology nonstop_tsc aperfmperf eagerfpu pni pclmulqdq dtes64 monitor ds_cpl vmx est tm2 ssse3 sdbg fma cx16 xtpr pdcm pcid sse4_1 sse4_2 x2apic movbe popcnt tsc_deadline_timer aes xsave avx f16c rdrand lahf_lm abm epb tpr_shadow vnmi flexpriority ept vpid fsgsbase tsc_adjust bmi1 avx2 smep bmi2 erms invpcid xsaveopt dtherm ida arat pln pts
bugs		:
bogomips	: 4788.83
clflush size	: 64
cache_alignment	: 64
address sizes	: 39 bits physical, 48 bits virtual
power management:

processor	: 1
vendor_id	: GenuineIntel
cpu family	: 6
model		: 60
model name	: Intel(R) Core(TM) i7-4700HQ CPU @ 2.40GHz
stepping	: 3
microcode	: 0x9
cpu MHz		: 3241.781
cache size	: 6144 KB
physical id	: 0
siblings	: 8
core id		: 1
cpu cores	: 4
apicid		: 2
initial apicid	: 2
fpu		: yes
fpu_exception	: yes
cpuid level	: 13
wp		: yes
flags		: fpu vme de pse tsc msr pae mce cx8 apic sep mtrr pge mca cmov pat pse36 clflush dts acpi mmx fxsr sse sse2 ss ht tm pbe syscall nx pdpe1gb rdtscp lm constant_tsc arch_perfmon pebs bts rep_good nopl xtopology nonstop_tsc aperfmperf eagerfpu pni pclmulqdq dtes64 monitor ds_cpl vmx est tm2 ssse3 sdbg fma cx16 xtpr pdcm pcid sse4_1 sse4_2 x2apic movbe popcnt tsc_deadline_timer aes xsave avx f16c rdrand lahf_lm abm epb tpr_shadow vnmi flexpriority ept vpid fsgsbase tsc_adjust bmi1 avx2 smep bmi2 erms invpcid xsaveopt dtherm ida arat pln pts
bugs		:
bogomips	: 4788.83
clflush size	: 64
cache_alignment	: 64
address sizes	: 39 bits physical, 48 bits virtual
power management:

processor	: 2
vendor_id	: GenuineIntel
cpu family	: 6
model		: 60
model name	: Intel(R) Core(TM) i7-4700HQ CPU @ 2.40GHz
stepping	: 3
microcode	: 0x9
cpu MHz		: 3202.125
cache size	: 6144 KB
physical id	: 0
siblings	: 8
core id		: 2
cpu cores	: 4
apicid		: 4
initial apicid	: 4
fpu		: yes
fpu_exception	: yes
cpuid level	: 13
wp		: yes
flags		: fpu vme de pse tsc msr pae mce cx8 apic sep mtrr pge mca cmov pat pse36 clflush dts acpi mmx fxsr sse sse2 ss ht tm pbe syscall nx pdpe1gb rdtscp lm constant_tsc arch_perfmon pebs bts rep_good nopl xtopology nonstop_tsc aperfmperf eagerfpu pni pclmulqdq dtes64 monitor ds_cpl vmx est tm2 ssse3 sdbg fma cx16 xtpr pdcm pcid sse4_1 sse4_2 x2apic movbe popcnt tsc_deadline_timer aes xsave avx f16c rdrand lahf_lm abm epb tpr_shadow vnmi flexpriority ept vpid fsgsbase tsc_adjust bmi1 avx2 smep bmi2 erms invpcid xsaveopt dtherm ida arat pln pts
bugs		:
bogomips	: 4788.83
clflush size	: 64
cache_alignment	: 64
address sizes	: 39 bits physical, 48 bits virtual
power management:

processor	: 3
vendor_id	: GenuineIntel
cpu family	: 6
model		: 60
model name	: Intel(R) Core(TM) i7-4700HQ CPU @ 2.40GHz
stepping	: 3
microcode	: 0x9
cpu MHz		: 3199.968
cache size	: 6144 KB
physical id	: 0
siblings	: 8
core id		: 3
cpu cores	: 4
apicid		: 6
initial apicid	: 6
fpu		: yes
fpu_exception	: yes
cpuid level	: 13
wp		: yes
flags		: fpu vme de pse tsc msr pae mce cx8 apic sep mtrr pge mca cmov pat pse36 clflush dts acpi mmx fxsr sse sse2 ss ht tm pbe syscall nx pdpe1gb rdtscp lm constant_tsc arch_perfmon pebs bts rep_good nopl xtopology nonstop_tsc aperfmperf eagerfpu pni pclmulqdq dtes64 monitor ds_cpl vmx est tm2 ssse3 sdbg fma cx16 xtpr pdcm pcid sse4_1 sse4_2 x2apic movbe popcnt tsc_deadline_timer aes xsave avx f16c rdrand lahf_lm abm epb tpr_shadow vnmi flexpriority ept vpid fsgsbase tsc_adjust bmi1 avx2 smep bmi2 erms invpcid xsaveopt dtherm ida arat pln pts
bugs		:
bogomips	: 4788.83
clflush size	: 64
cache_alignment	: 64
address sizes	: 39 bits physical, 48 bits virtual
power management:

processor	: 4
vendor_id	: GenuineIntel
cpu family	: 6
model		: 60
model name	: Intel(R) Core(TM) i7-4700HQ CPU @ 2.40GHz
stepping	: 3
microcode	: 0x9
cpu MHz		: 3199.968
cache size	: 6144 KB
physical id	: 0
siblings	: 8
core id		: 0
cpu cores	: 4
apicid		: 1
initial apicid	: 1
fpu		: yes
fpu_exception	: yes
cpuid level	: 13
wp		: yes
flags		: fpu vme de pse tsc msr pae mce cx8 apic sep mtrr pge mca cmov pat pse36 clflush dts acpi mmx fxsr sse sse2 ss ht tm pbe syscall nx pdpe1gb rdtscp lm constant_tsc arch_perfmon pebs bts rep_good nopl xtopology nonstop_tsc aperfmperf eagerfpu pni pclmulqdq dtes64 monitor ds_cpl vmx est tm2 ssse3 sdbg fma cx16 xtpr pdcm pcid sse4_1 sse4_2 x2apic movbe popcnt tsc_deadline_timer aes xsave avx f16c rdrand lahf_lm abm epb tpr_shadow vnmi flexpriority ept vpid fsgsbase tsc_adjust bmi1 avx2 smep bmi2 erms invpcid xsaveopt dtherm ida arat pln pts
bugs		:
bogomips	: 4788.83
clflush size	: 64
cache_alignment	: 64
address sizes	: 39 bits physical, 48 bits virtual
power management:

processor	: 5
vendor_id	: GenuineIntel
cpu family	: 6
model		: 60
model name	: Intel(R) Core(TM) i7-4700HQ CPU @ 2.40GHz
stepping	: 3
microcode	: 0x9
cpu MHz		: 3199.968
cache size	: 6144 KB
physical id	: 0
siblings	: 8
core id		: 1
cpu cores	: 4
apicid		: 3
initial apicid	: 3
fpu		: yes
fpu_exception	: yes
cpuid level	: 13
wp		: yes
flags		: fpu vme de pse tsc msr pae mce cx8 apic sep mtrr pge mca cmov pat pse36 clflush dts acpi mmx fxsr sse sse2 ss ht tm pbe syscall nx pdpe1gb rdtscp lm constant_tsc arch_perfmon pebs bts rep_good nopl xtopology nonstop_tsc aperfmperf eagerfpu pni pclmulqdq dtes64 monitor ds_cpl vmx est tm2 ssse3 sdbg fma cx16 xtpr pdcm pcid sse4_1 sse4_2 x2apic movbe popcnt tsc_deadline_timer aes xsave avx f16c rdrand lahf_lm abm epb tpr_shadow vnmi flexpriority ept vpid fsgsbase tsc_adjust bmi1 avx2 smep bmi2 erms invpcid xsaveopt dtherm ida arat pln pts
bugs		:
bogomips	: 4788.83
clflush size	: 64
cache_alignment	: 64
address sizes	: 39 bits physical, 48 bits virtual
power management:

processor	: 6
vendor_id	: GenuineIntel
cpu family	: 6
model		: 60
model name	: Intel(R) Core(TM) i7-4700HQ CPU @ 2.40GHz
stepping	: 3
microcode	: 0x9
cpu MHz		: 3199.968
cache size	: 6144 KB
physical id	: 0
siblings	: 8
core id		: 2
cpu cores	: 4
apicid		: 5
initial apicid	: 5
fpu		: yes
fpu_exception	: yes
cpuid level	: 13
wp		: yes
flags		: fpu vme de pse tsc msr pae mce cx8 apic sep mtrr pge mca cmov pat pse36 clflush dts acpi mmx fxsr sse sse2 ss ht tm pbe syscall nx pdpe1gb rdtscp lm constant_tsc arch_perfmon pebs bts rep_good nopl xtopology nonstop_tsc aperfmperf eagerfpu pni pclmulqdq dtes64 monitor ds_cpl vmx est tm2 ssse3 sdbg fma cx16 xtpr pdcm pcid sse4_1 sse4_2 x2apic movbe popcnt tsc_deadline_timer aes xsave avx f16c rdrand lahf_lm abm epb tpr_shadow vnmi flexpriority ept vpid fsgsbase tsc_adjust bmi1 avx2 smep bmi2 erms invpcid xsaveopt dtherm ida arat pln pts
bugs		:
bogomips	: 4788.83
clflush size	: 64
cache_alignment	: 64
address sizes	: 39 bits physical, 48 bits virtual
power management:

processor	: 7
vendor_id	: GenuineIntel
cpu family	: 6
model		: 60
model name	: Intel(R) Core(TM) i7-4700HQ CPU @ 2.40GHz
stepping	: 3
microcode	: 0x9
cpu MHz		: 3254.625
cache size	: 6144 KB
physical id	: 0
siblings	: 8
core id		: 3
cpu cores	: 4
apicid		: 7
initial apicid	: 7
fpu		: yes
fpu_exception	: yes
cpuid level	: 13
wp		: yes
flags		: fpu vme de pse tsc msr pae mce cx8 apic sep mtrr pge mca cmov pat pse36 clflush dts acpi mmx fxsr sse sse2 ss ht tm pbe syscall nx pdpe1gb rdtscp lm constant_tsc arch_perfmon pebs bts rep_good nopl xtopology nonstop_tsc aperfmperf eagerfpu pni pclmulqdq dtes64 monitor ds_cpl vmx est tm2 ssse3 sdbg fma cx16 xtpr pdcm pcid sse4_1 sse4_2 x2apic movbe popcnt tsc_deadline_timer aes xsave avx f16c rdrand lahf_lm abm epb tpr_shadow vnmi flexpriority ept vpid fsgsbase tsc_adjust bmi1 avx2 smep bmi2 erms invpcid xsaveopt dtherm ida arat pln pts
bugs		:
bogomips	: 4788.83
clflush size	: 64
cache_alignment	: 64
address sizes	: 39 bits physical, 48 bits virtual
power management:



Memory: 4k page, physical 16312852k(7496808k free), swap 16657404k(16657404k free)

vm_info: Java HotSpot(TM) 64-Bit Server VM (24.79-b02) for linux-amd64 JRE (1.7.0_79-b15), built on Apr 10 2015 11:34:48 by "java_re" with gcc 4.3.0 20080428 (Red Hat 4.3.0-8)

time: Tue Mar  7 21:28:11 2017
elapsed time: 0 seconds

