#
# A fatal error has been detected by the Java Runtime Environment:
#
#  SIGILL (0x4) at pc=0x00007f19d1802341, pid=10257, tid=139748641470208
#
# JRE version: Java(TM) SE Runtime Environment (7.0_79-b15) (build 1.7.0_79-b15)
# Java VM: Java HotSpot(TM) 64-Bit Server VM (24.79-b02 mixed mode linux-amd64 compressed oops)
# Problematic frame:
# V  [libjvm.so+0x795341]  Matcher::match()+0x3d1
#
# Failed to write core dump. Core dumps have been disabled. To enable core dumping, try "ulimit -c unlimited" before starting Java again
#
# If you would like to submit a bug report, please visit:
#   http://bugreport.java.com/bugreport/crash.jsp
#

---------------  T H R E A D  ---------------

Current thread (0x00007f19cc0a5000):  JavaThread "C2 CompilerThread0" daemon [_thread_in_native, id=10277, stack(0x00007f19c411f000,0x00007f19c4220000)]

siginfo:si_signo=SIGILL: si_errno=0, si_code=2 (ILL_ILLOPN), si_addr=0x00007f19d1802341

Registers:
RAX=0x00007f197c00fb40, RBX=0x00007f19c421af70, RCX=0x00007f19c421af70, RDX=0x00007f19c421af70
RSP=0x00007f19c421ae60, RBP=0x00007f19c421af60, RSI=0x00007f197c00fb20, RDI=0x00007f19c421d290
R8 =0x0000000000000008, R9 =0x00007f19d1ea53c0, R10=0x0000000000000028, R11=0x00007f197c002228
R12=0x0000000000000004, R13=0x0000000000000001, R14=0x0000000000000000, R15=0x0000000000000000
RIP=0x00007f19d1802341, EFLAGS=0x0000000000010202, CSGSFS=0x0000000000000033, ERR=0x0000000000000000
  TRAPNO=0x0000000000000006

Top of Stack: (sp=0x00007f19c421ae60)
0x00007f19c421ae60:   0000000000000000 00007f19d1ea53c0
0x00007f19c421ae70:   0000000000000000 00007f19c421af70
0x00007f19c421ae80:   00007f197c00fb20 00000000000027d8
0x00007f19c421ae90:   00007f19c421b8e0 00000006d130d6b3
0x00007f19c421aea0:   0000000000000000 00007f19d130d48a
0x00007f19c421aeb0:   00007f197c00f8e8 00007f19c421aef0
0x00007f19c421aec0:   00000000000027d8 00007f19c421b8e0
0x00007f19c421aed0:   0000000000100000 0000000000000000
0x00007f19c421aee0:   0000000000000000 0000000000000000
0x00007f19c421aef0:   0000000000000000 00007f19c421af70
0x00007f19c421af00:   0000000000000000 0000000000000000
0x00007f19c421af10:   0400000000000000 0000000000000000
0x00007f19c421af20:   0000000000000000 00007f19c421bbc0
0x00007f19c421af30:   00007f19c421af60 00007f19c421c6f0
0x00007f19c421af40:   00007f19c421d290 00007f19c421af70
0x00007f19c421af50:   00007f19c421bbc0 00007f19d1e8cd20
0x00007f19c421af60:   00007f19c421c740 00007f19d14b0efa
0x00007f19c421af70:   00007f19d1e6a7f0 0000000000000005
0x00007f19c421af80:   00007f19c421d290 00007f19cc0a5a40
0x00007f19c421af90:   00007f19cc0a5a40 0000000000000004
0x00007f19c421afa0:   00007f197c00f8c0 00007f19cc0a5a40
0x00007f19c421afb0:   0000000000000040 00007f197c00f8f0
0x00007f19c421afc0:   0000000000000000 0000000000000000
0x00007f19c421afd0:   0000000000000000 0000000000000000
0x00007f19c421afe0:   0000000000000000 0000000000000000
0x00007f19c421aff0:   0000000000000000 0000000000000000
0x00007f19c421b000:   0000000000000000 0000000000000000
0x00007f19c421b010:   0000000000000000 0000000000000000
0x00007f19c421b020:   0000000000000000 0000000000000000
0x00007f19c421b030:   0000000000000000 0000000000000000
0x00007f19c421b040:   0000000000000000 0000000000000000
0x00007f19c421b050:   0000000000000000 0000000000000000 

Instructions: (pc=0x00007f19d1802341)
0x00007f19d1802321:   00 00 00 00 c7 40 0c 00 00 00 00 c7 40 10 00 00
0x00007f19d1802331:   00 00 c7 40 14 00 00 00 00 c7 40 18 00 00 00 b0
0x00007f19d1802341:   06 ee b0 b0 3f ad 94 77 80 cd 94 00 00 00 c7 40
0x00007f19d1802351:   24 00 00 00 00 48 8b 8d 20 ff ff ff 4e 8b 64 b9 

Register to memory mapping:

RAX=0x00007f197c00fb40 is an unknown value
RBX=0x00007f19c421af70 is pointing into the stack for thread: 0x00007f19cc0a5000
RCX=0x00007f19c421af70 is pointing into the stack for thread: 0x00007f19cc0a5000
RDX=0x00007f19c421af70 is pointing into the stack for thread: 0x00007f19cc0a5000
RSP=0x00007f19c421ae60 is pointing into the stack for thread: 0x00007f19cc0a5000
RBP=0x00007f19c421af60 is pointing into the stack for thread: 0x00007f19cc0a5000
RSI=0x00007f197c00fb20 is an unknown value
RDI=0x00007f19c421d290 is pointing into the stack for thread: 0x00007f19cc0a5000
R8 =0x0000000000000008 is an unknown value
R9 =0x00007f19d1ea53c0: <offset 0xe383c0> in /home/capstone/installs/jdk1.7.0_79/jre/lib/amd64/server/libjvm.so at 0x00007f19d106d000
R10=0x0000000000000028 is an unknown value
R11=0x00007f197c002228 is an unknown value
R12=0x0000000000000004 is an unknown value
R13=0x0000000000000001 is an unknown value
R14=0x0000000000000000 is an unknown value
R15=0x0000000000000000 is an unknown value


Stack: [0x00007f19c411f000,0x00007f19c4220000],  sp=0x00007f19c421ae60,  free space=1007k
Native frames: (J=compiled Java code, j=interpreted, Vv=VM code, C=native code)
V  [libjvm.so+0x795341]  Matcher::match()+0x3d1
V  [libjvm.so+0x443efa]  Compile::Code_Gen()+0x12a
V  [libjvm.so+0x444a8d]  Compile::Compile(ciEnv*, TypeFunc const* (*)(), unsigned char*, char const*, int, bool, bool, bool)+0x7bd
V  [libjvm.so+0x8abe19]  OptoRuntime::generate_stub(ciEnv*, TypeFunc const* (*)(), unsigned char*, char const*, int, bool, bool, bool)+0xd9
V  [libjvm.so+0x8abff6]  OptoRuntime::generate(ciEnv*)+0x46
V  [libjvm.so+0x3b19d9]  C2Compiler::initialize_runtime()+0x119
V  [libjvm.so+0x1eabe3]  AbstractCompiler::initialize_runtimes(void (*)(), int volatile*)+0x1c3
V  [libjvm.so+0x3b18aa]  C2Compiler::initialize()+0x2a
V  [libjvm.so+0x3b1d1e]  C2Compiler::compile_method(ciEnv*, ciMethod*, int)+0x31e
V  [libjvm.so+0x44ec6e]  CompileBroker::invoke_compiler_on_method(CompileTask*)+0x33e
V  [libjvm.so+0x44fa4d]  CompileBroker::compiler_thread_loop()+0x43d
V  [libjvm.so+0x95c11f]  JavaThread::thread_main_inner()+0xdf
V  [libjvm.so+0x95c225]  JavaThread::run()+0xf5
V  [libjvm.so+0x821ca8]  java_start(Thread*)+0x108


Current CompileTask:
C2:     49    1             java.lang.String::indexOf (70 bytes)


---------------  P R O C E S S  ---------------

Java Threads: ( => current thread )
  0x00007f19cc0aa800 JavaThread "Service Thread" daemon [_thread_blocked, id=10279, stack(0x00007f19b7eff000,0x00007f19b8000000)]
  0x00007f19cc0a8000 JavaThread "C2 CompilerThread1" daemon [_thread_blocked, id=10278, stack(0x00007f19c401e000,0x00007f19c411f000)]
=>0x00007f19cc0a5000 JavaThread "C2 CompilerThread0" daemon [_thread_in_native, id=10277, stack(0x00007f19c411f000,0x00007f19c4220000)]
  0x00007f19cc0a3000 JavaThread "Signal Dispatcher" daemon [_thread_blocked, id=10276, stack(0x00007f19c4220000,0x00007f19c4321000)]
  0x00007f19cc079800 JavaThread "Finalizer" daemon [_thread_blocked, id=10275, stack(0x00007f19c4ce0000,0x00007f19c4de1000)]
  0x00007f19cc077800 JavaThread "Reference Handler" daemon [_thread_blocked, id=10274, stack(0x00007f19c4de1000,0x00007f19c4ee2000)]
  0x00007f19cc00b000 JavaThread "main" [_thread_in_Java, id=10259, stack(0x00007f19d29e7000,0x00007f19d2ae8000)]

Other Threads:
  0x00007f19cc073800 VMThread [stack: 0x00007f19c4ee2000,0x00007f19c4fe3000] [id=10273]
  0x00007f19cc0bd000 WatcherThread [stack: 0x00007f19b7dfe000,0x00007f19b7eff000] [id=10280]

VM state:not at safepoint (normal execution)

VM Mutex/Monitor currently owned by a thread: None

Heap
 PSYoungGen      total 74752K, used 2580K [0x00000007ad000000, 0x00000007b2300000, 0x0000000800000000)
  eden space 64512K, 4% used [0x00000007ad000000,0x00000007ad2852d8,0x00000007b0f00000)
  from space 10240K, 0% used [0x00000007b1900000,0x00000007b1900000,0x00000007b2300000)
  to   space 10240K, 0% used [0x00000007b0f00000,0x00000007b0f00000,0x00000007b1900000)
 ParOldGen       total 169984K, used 0K [0x0000000707000000, 0x0000000711600000, 0x00000007ad000000)
  object space 169984K, 0% used [0x0000000707000000,0x0000000707000000,0x0000000711600000)
 PSPermGen       total 21504K, used 2482K [0x0000000701e00000, 0x0000000703300000, 0x0000000707000000)
  object space 21504K, 11% used [0x0000000701e00000,0x000000070206ca08,0x0000000703300000)

Card table byte_map: [0x00007f19c83e1000,0x00007f19c8bd3000] byte_map_base: 0x00007f19c4bd2000

Polling page: 0x00007f19d2b0a000

Code Cache  [0x00007f19c8bd3000, 0x00007f19c8e43000, 0x00007f19cbbd3000)
 total_blobs=167 nmethods=0 adapters=135 free_code_cache=48773Kb largest_free_block=49941376

Compilation events (1 events):
Event: 0.045 Thread 0x00007f19cc0a5000    1             java.lang.String::indexOf (70 bytes)

GC Heap History (0 events):
No events

Deoptimization events (0 events):
No events

Internal exceptions (2 events):
Event: 0.017 Thread 0x00007f19cc00b000 Threw 0x00000007ad00f178 at /HUDSON/workspace/7u-2-build-linux-amd64/jdk7u79/2331/hotspot/src/share/vm/prims/jni.cpp:3991
Event: 0.040 Thread 0x00007f19cc00b000 Threw 0x00000007ad0571c8 at /HUDSON/workspace/7u-2-build-linux-amd64/jdk7u79/2331/hotspot/src/share/vm/prims/jvm.cpp:1304

Events (10 events):
Event: 0.044 loading class 0x00007f19c6eb4390
Event: 0.044 loading class 0x00007f19c6eb4390 done
Event: 0.044 loading class 0x00007f19cc00fdd0
Event: 0.044 loading class 0x00007f19cc00fdd0 done
Event: 0.044 loading class 0x00007f19c6eb44b0
Event: 0.044 loading class 0x00007f19cc00ffb0
Event: 0.044 loading class 0x00007f19cc00ffb0 done
Event: 0.044 loading class 0x00007f19c6eb44b0 done
Event: 0.044 loading class 0x00007f19c6eb5c00
Event: 0.044 loading class 0x00007f19c6eb5c00 done


Dynamic libraries:
00400000-00401000 r-xp 00000000 08:02 6567276                            /home/capstone/installs/jdk1.7.0_79/bin/java
00600000-00601000 rw-p 00000000 08:02 6567276                            /home/capstone/installs/jdk1.7.0_79/bin/java
0197e000-0199f000 rw-p 00000000 00:00 0                                  [heap]
701e00000-703300000 rw-p 00000000 00:00 0 
703300000-707000000 rw-p 00000000 00:00 0 
707000000-711600000 rw-p 00000000 00:00 0 
711600000-7ad000000 rw-p 00000000 00:00 0 
7ad000000-7b2300000 rw-p 00000000 00:00 0 
7b2300000-800000000 rw-p 00000000 00:00 0 
7f1974000000-7f1974021000 rw-p 00000000 00:00 0 
7f1974021000-7f1978000000 ---p 00000000 00:00 0 
7f1978000000-7f1978021000 rw-p 00000000 00:00 0 
7f1978021000-7f197c000000 ---p 00000000 00:00 0 
7f197c000000-7f197c02c000 rw-p 00000000 00:00 0 
7f197c02c000-7f1980000000 ---p 00000000 00:00 0 
7f1980000000-7f1980021000 rw-p 00000000 00:00 0 
7f1980021000-7f1984000000 ---p 00000000 00:00 0 
7f1984000000-7f1984021000 rw-p 00000000 00:00 0 
7f1984021000-7f1988000000 ---p 00000000 00:00 0 
7f1988000000-7f1988021000 rw-p 00000000 00:00 0 
7f1988021000-7f198c000000 ---p 00000000 00:00 0 
7f198c000000-7f198c021000 rw-p 00000000 00:00 0 
7f198c021000-7f1990000000 ---p 00000000 00:00 0 
7f19900f0000-7f1998000000 rw-p 00000000 00:00 0 
7f1998000000-7f1998021000 rw-p 00000000 00:00 0 
7f1998021000-7f199c000000 ---p 00000000 00:00 0 
7f199c000000-7f199c021000 rw-p 00000000 00:00 0 
7f199c021000-7f19a0000000 ---p 00000000 00:00 0 
7f19a0000000-7f19a0021000 rw-p 00000000 00:00 0 
7f19a0021000-7f19a4000000 ---p 00000000 00:00 0 
7f19a4000000-7f19a4021000 rw-p 00000000 00:00 0 
7f19a4021000-7f19a8000000 ---p 00000000 00:00 0 
7f19a8000000-7f19a8021000 rw-p 00000000 00:00 0 
7f19a8021000-7f19ac000000 ---p 00000000 00:00 0 
7f19b0000000-7f19b0021000 rw-p 00000000 00:00 0 
7f19b0021000-7f19b4000000 ---p 00000000 00:00 0 
7f19b7b9a000-7f19b7bb6000 r--s 00103000 08:02 7092747                    /home/capstone/.m2/repository/org/mockito/mockito-core/1.10.19/mockito-core-1.10.19.jar
7f19b7bb6000-7f19b7dfe000 rw-p 00000000 00:00 0 
7f19b7dfe000-7f19b7dff000 ---p 00000000 00:00 0 
7f19b7dff000-7f19b7eff000 rw-p 00000000 00:00 0 
7f19b7eff000-7f19b7f02000 ---p 00000000 00:00 0 
7f19b7f02000-7f19b8000000 rw-p 00000000 00:00 0 
7f19b8000000-7f19b8021000 rw-p 00000000 00:00 0 
7f19b8021000-7f19bc000000 ---p 00000000 00:00 0 
7f19bc000000-7f19bc021000 rw-p 00000000 00:00 0 
7f19bc021000-7f19c0000000 ---p 00000000 00:00 0 
7f19c0000000-7f19c0021000 rw-p 00000000 00:00 0 
7f19c0021000-7f19c4000000 ---p 00000000 00:00 0 
7f19c4000000-7f19c401e000 r--s 00110000 08:02 7092536                    /home/capstone/.m2/repository/org/mockito/mockito-all/1.10.19/mockito-all-1.10.19.jar
7f19c401e000-7f19c4021000 ---p 00000000 00:00 0 
7f19c4021000-7f19c411f000 rw-p 00000000 00:00 0 
7f19c411f000-7f19c4122000 ---p 00000000 00:00 0 
7f19c4122000-7f19c4220000 rw-p 00000000 00:00 0 
7f19c4220000-7f19c4223000 ---p 00000000 00:00 0 
7f19c4223000-7f19c4321000 rw-p 00000000 00:00 0 
7f19c4321000-7f19c4ce0000 r--p 00000000 08:02 33101599                   /usr/lib/locale/locale-archive
7f19c4ce0000-7f19c4ce3000 ---p 00000000 00:00 0 
7f19c4ce3000-7f19c4de1000 rw-p 00000000 00:00 0 
7f19c4de1000-7f19c4de4000 ---p 00000000 00:00 0 
7f19c4de4000-7f19c4ee2000 rw-p 00000000 00:00 0 
7f19c4ee2000-7f19c4ee3000 ---p 00000000 00:00 0 
7f19c4ee3000-7f19c6c27000 rw-p 00000000 00:00 0 
7f19c6c27000-7f19c6de7000 r--s 039f7000 08:02 6438489                    /home/capstone/installs/jdk1.7.0_79/jre/lib/rt.jar
7f19c6de7000-7f19c76a9000 rw-p 00000000 00:00 0 
7f19c76a9000-7f19c76aa000 ---p 00000000 00:00 0 
7f19c76aa000-7f19c77aa000 rw-p 00000000 00:00 0 
7f19c77aa000-7f19c77ab000 ---p 00000000 00:00 0 
7f19c77ab000-7f19c78ab000 rw-p 00000000 00:00 0 
7f19c78ab000-7f19c78ac000 ---p 00000000 00:00 0 
7f19c78ac000-7f19c79ac000 rw-p 00000000 00:00 0 
7f19c79ac000-7f19c79ad000 ---p 00000000 00:00 0 
7f19c79ad000-7f19c7aad000 rw-p 00000000 00:00 0 
7f19c7aad000-7f19c7aae000 ---p 00000000 00:00 0 
7f19c7aae000-7f19c7bae000 rw-p 00000000 00:00 0 
7f19c7bae000-7f19c7baf000 ---p 00000000 00:00 0 
7f19c7baf000-7f19c7caf000 rw-p 00000000 00:00 0 
7f19c7caf000-7f19c7cb0000 ---p 00000000 00:00 0 
7f19c7cb0000-7f19c7db0000 rw-p 00000000 00:00 0 
7f19c7db0000-7f19c7db1000 ---p 00000000 00:00 0 
7f19c7db1000-7f19c7f04000 rw-p 00000000 00:00 0 
7f19c7f04000-7f19c83e1000 rw-p 00000000 00:00 0 
7f19c83e1000-7f19c83ec000 rw-p 00000000 00:00 0 
7f19c83ec000-7f19c840a000 rw-p 00000000 00:00 0 
7f19c840a000-7f19c845d000 rw-p 00000000 00:00 0 
7f19c845d000-7f19c893a000 rw-p 00000000 00:00 0 
7f19c893a000-7f19c8964000 rw-p 00000000 00:00 0 
7f19c8964000-7f19c8bd2000 rw-p 00000000 00:00 0 
7f19c8bd2000-7f19c8bd3000 rw-p 00000000 00:00 0 
7f19c8bd3000-7f19c8e43000 rwxp 00000000 00:00 0 
7f19c8e43000-7f19cbbd3000 rw-p 00000000 00:00 0 
7f19cbbd3000-7f19cbbed000 r-xp 00000000 08:02 6437836                    /home/capstone/installs/jdk1.7.0_79/jre/lib/amd64/libzip.so
7f19cbbed000-7f19cbded000 ---p 0001a000 08:02 6437836                    /home/capstone/installs/jdk1.7.0_79/jre/lib/amd64/libzip.so
7f19cbded000-7f19cbdee000 rw-p 0001a000 08:02 6437836                    /home/capstone/installs/jdk1.7.0_79/jre/lib/amd64/libzip.so
7f19cbdee000-7f19cbdf9000 r-xp 00000000 08:02 16288543                   /lib/x86_64-linux-gnu/libnss_files-2.23.so
7f19cbdf9000-7f19cbff8000 ---p 0000b000 08:02 16288543                   /lib/x86_64-linux-gnu/libnss_files-2.23.so
7f19cbff8000-7f19cbff9000 r--p 0000a000 08:02 16288543                   /lib/x86_64-linux-gnu/libnss_files-2.23.so
7f19cbff9000-7f19cbffa000 rw-p 0000b000 08:02 16288543                   /lib/x86_64-linux-gnu/libnss_files-2.23.so
7f19cbffa000-7f19cc000000 rw-p 00000000 00:00 0 
7f19cc000000-7f19cc147000 rw-p 00000000 00:00 0 
7f19cc147000-7f19d0000000 ---p 00000000 00:00 0 
7f19d0004000-7f19d0007000 r--s 00011000 08:02 7092745                    /home/capstone/.m2/repository/org/powermock/powermock-api-mockito/1.6.6/powermock-api-mockito-1.6.6.jar
7f19d0007000-7f19d0009000 r--s 0000d000 08:02 7092743                    /home/capstone/.m2/repository/org/powermock/powermock-reflect/1.6.6/powermock-reflect-1.6.6.jar
7f19d0009000-7f19d00d7000 rw-p 00000000 00:00 0 
7f19d00d7000-7f19d00f5000 rw-p 00000000 00:00 0 
7f19d00f5000-7f19d0100000 r-xp 00000000 08:02 16288528                   /lib/x86_64-linux-gnu/libnss_nis-2.23.so
7f19d0100000-7f19d02ff000 ---p 0000b000 08:02 16288528                   /lib/x86_64-linux-gnu/libnss_nis-2.23.so
7f19d02ff000-7f19d0300000 r--p 0000a000 08:02 16288528                   /lib/x86_64-linux-gnu/libnss_nis-2.23.so
7f19d0300000-7f19d0301000 rw-p 0000b000 08:02 16288528                   /lib/x86_64-linux-gnu/libnss_nis-2.23.so
7f19d0301000-7f19d0317000 r-xp 00000000 08:02 16288539                   /lib/x86_64-linux-gnu/libnsl-2.23.so
7f19d0317000-7f19d0516000 ---p 00016000 08:02 16288539                   /lib/x86_64-linux-gnu/libnsl-2.23.so
7f19d0516000-7f19d0517000 r--p 00015000 08:02 16288539                   /lib/x86_64-linux-gnu/libnsl-2.23.so
7f19d0517000-7f19d0518000 rw-p 00016000 08:02 16288539                   /lib/x86_64-linux-gnu/libnsl-2.23.so
7f19d0518000-7f19d051a000 rw-p 00000000 00:00 0 
7f19d051a000-7f19d0522000 r-xp 00000000 08:02 16288540                   /lib/x86_64-linux-gnu/libnss_compat-2.23.so
7f19d0522000-7f19d0721000 ---p 00008000 08:02 16288540                   /lib/x86_64-linux-gnu/libnss_compat-2.23.so
7f19d0721000-7f19d0722000 r--p 00007000 08:02 16288540                   /lib/x86_64-linux-gnu/libnss_compat-2.23.so
7f19d0722000-7f19d0723000 rw-p 00008000 08:02 16288540                   /lib/x86_64-linux-gnu/libnss_compat-2.23.so
7f19d0723000-7f19d074c000 r-xp 00000000 08:02 6437802                    /home/capstone/installs/jdk1.7.0_79/jre/lib/amd64/libjava.so
7f19d074c000-7f19d094c000 ---p 00029000 08:02 6437802                    /home/capstone/installs/jdk1.7.0_79/jre/lib/amd64/libjava.so
7f19d094c000-7f19d094e000 rw-p 00029000 08:02 6437802                    /home/capstone/installs/jdk1.7.0_79/jre/lib/amd64/libjava.so
7f19d094e000-7f19d095b000 r-xp 00000000 08:02 6437829                    /home/capstone/installs/jdk1.7.0_79/jre/lib/amd64/libverify.so
7f19d095b000-7f19d0b5a000 ---p 0000d000 08:02 6437829                    /home/capstone/installs/jdk1.7.0_79/jre/lib/amd64/libverify.so
7f19d0b5a000-7f19d0b5c000 rw-p 0000c000 08:02 6437829                    /home/capstone/installs/jdk1.7.0_79/jre/lib/amd64/libverify.so
7f19d0b5c000-7f19d0b63000 r-xp 00000000 08:02 16288527                   /lib/x86_64-linux-gnu/librt-2.23.so
7f19d0b63000-7f19d0d62000 ---p 00007000 08:02 16288527                   /lib/x86_64-linux-gnu/librt-2.23.so
7f19d0d62000-7f19d0d63000 r--p 00006000 08:02 16288527                   /lib/x86_64-linux-gnu/librt-2.23.so
7f19d0d63000-7f19d0d64000 rw-p 00007000 08:02 16288527                   /lib/x86_64-linux-gnu/librt-2.23.so
7f19d0d64000-7f19d0e6c000 r-xp 00000000 08:02 16288537                   /lib/x86_64-linux-gnu/libm-2.23.so
7f19d0e6c000-7f19d106b000 ---p 00108000 08:02 16288537                   /lib/x86_64-linux-gnu/libm-2.23.so
7f19d106b000-7f19d106c000 r--p 00107000 08:02 16288537                   /lib/x86_64-linux-gnu/libm-2.23.so
7f19d106c000-7f19d106d000 rw-p 00108000 08:02 16288537                   /lib/x86_64-linux-gnu/libm-2.23.so
7f19d106d000-7f19d1be2000 r-xp 00000000 08:02 6437856                    /home/capstone/installs/jdk1.7.0_79/jre/lib/amd64/server/libjvm.so
7f19d1be2000-7f19d1de2000 ---p 00b75000 08:02 6437856                    /home/capstone/installs/jdk1.7.0_79/jre/lib/amd64/server/libjvm.so
7f19d1de2000-7f19d1ea6000 rw-p 00b75000 08:02 6437856                    /home/capstone/installs/jdk1.7.0_79/jre/lib/amd64/server/libjvm.so
7f19d1ea6000-7f19d1ee7000 rw-p 00000000 00:00 0 
7f19d1ee7000-7f19d20a6000 r-xp 00000000 08:02 16288532                   /lib/x86_64-linux-gnu/libc-2.23.so
7f19d20a6000-7f19d22a6000 ---p 001bf000 08:02 16288532                   /lib/x86_64-linux-gnu/libc-2.23.so
7f19d22a6000-7f19d22aa000 r--p 001bf000 08:02 16288532                   /lib/x86_64-linux-gnu/libc-2.23.so
7f19d22aa000-7f19d22ac000 rw-p 001c3000 08:02 16288532                   /lib/x86_64-linux-gnu/libc-2.23.so
7f19d22ac000-7f19d22b0000 rw-p 00000000 00:00 0 
7f19d22b0000-7f19d22b3000 r-xp 00000000 08:02 16288531                   /lib/x86_64-linux-gnu/libdl-2.23.so
7f19d22b3000-7f19d24b2000 ---p 00003000 08:02 16288531                   /lib/x86_64-linux-gnu/libdl-2.23.so
7f19d24b2000-7f19d24b3000 r--p 00002000 08:02 16288531                   /lib/x86_64-linux-gnu/libdl-2.23.so
7f19d24b3000-7f19d24b4000 rw-p 00003000 08:02 16288531                   /lib/x86_64-linux-gnu/libdl-2.23.so
7f19d24b4000-7f19d24ca000 r-xp 00000000 08:02 6438537                    /home/capstone/installs/jdk1.7.0_79/lib/amd64/jli/libjli.so
7f19d24ca000-7f19d26ca000 ---p 00016000 08:02 6438537                    /home/capstone/installs/jdk1.7.0_79/lib/amd64/jli/libjli.so
7f19d26ca000-7f19d26cb000 rw-p 00016000 08:02 6438537                    /home/capstone/installs/jdk1.7.0_79/lib/amd64/jli/libjli.so
7f19d26cb000-7f19d26e3000 r-xp 00000000 08:02 16288538                   /lib/x86_64-linux-gnu/libpthread-2.23.so
7f19d26e3000-7f19d28e2000 ---p 00018000 08:02 16288538                   /lib/x86_64-linux-gnu/libpthread-2.23.so
7f19d28e2000-7f19d28e3000 r--p 00017000 08:02 16288538                   /lib/x86_64-linux-gnu/libpthread-2.23.so
7f19d28e3000-7f19d28e4000 rw-p 00018000 08:02 16288538                   /lib/x86_64-linux-gnu/libpthread-2.23.so
7f19d28e4000-7f19d28e8000 rw-p 00000000 00:00 0 
7f19d28e8000-7f19d290e000 r-xp 00000000 08:02 16288521                   /lib/x86_64-linux-gnu/ld-2.23.so
7f19d290f000-7f19d2919000 r--s 000aa000 08:02 7092741                    /home/capstone/.m2/repository/org/javassist/javassist/3.21.0-GA/javassist-3.21.0-GA.jar
7f19d2919000-7f19d291d000 r--s 0001a000 08:02 7092739                    /home/capstone/.m2/repository/org/powermock/powermock-core/1.6.6/powermock-core-1.6.6.jar
7f19d291d000-7f19d291f000 r--s 0000a000 08:02 7092735                    /home/capstone/.m2/repository/org/powermock/powermock-module-junit4/1.6.6/powermock-module-junit4-1.6.6.jar
7f19d291f000-7f19d2927000 r--s 00045000 08:02 6829082                    /home/capstone/.m2/repository/junit/junit/4.12/junit-4.12.jar
7f19d2927000-7f19d2931000 rw-p 00000000 00:00 0 
7f19d2931000-7f19d29e7000 rw-p 00000000 00:00 0 
7f19d29e7000-7f19d29ea000 ---p 00000000 00:00 0 
7f19d29ea000-7f19d2aec000 rw-p 00000000 00:00 0 
7f19d2aec000-7f19d2aed000 r--s 00003000 08:02 7092737                    /home/capstone/.m2/repository/org/powermock/powermock-module-junit4-common/1.6.6/powermock-module-junit4-common-1.6.6.jar
7f19d2aed000-7f19d2aef000 r--s 00009000 08:02 6829084                    /home/capstone/.m2/repository/org/hamcrest/hamcrest-core/1.3/hamcrest-core-1.3.jar
7f19d2aef000-7f19d2af4000 r--s 00034000 08:02 7224931                    /home/capstone/.m2/repository/com/google/code/gson/gson/2.8.0/gson-2.8.0.jar
7f19d2af4000-7f19d2af8000 r--s 00016000 08:02 7225212                    /home/capstone/.m2/repository/org/tukaani/xz/1.6/xz-1.6.jar
7f19d2af8000-7f19d2b01000 r--s 0006a000 08:02 7224476                    /home/capstone/.m2/repository/org/apache/commons/commons-compress/1.13/commons-compress-1.13.jar
7f19d2b01000-7f19d2b09000 rw-s 00000000 08:02 17337031                   /tmp/hsperfdata_capstone/10257
7f19d2b09000-7f19d2b0a000 rw-p 00000000 00:00 0 
7f19d2b0a000-7f19d2b0b000 r--p 00000000 00:00 0 
7f19d2b0b000-7f19d2b0d000 rw-p 00000000 00:00 0 
7f19d2b0d000-7f19d2b0e000 r--p 00025000 08:02 16288521                   /lib/x86_64-linux-gnu/ld-2.23.so
7f19d2b0e000-7f19d2b0f000 rw-p 00026000 08:02 16288521                   /lib/x86_64-linux-gnu/ld-2.23.so
7f19d2b0f000-7f19d2b10000 rw-p 00000000 00:00 0 
7ffe9f347000-7ffe9f369000 rw-p 00000000 00:00 0                          [stack]
7ffe9f372000-7ffe9f374000 r--p 00000000 00:00 0                          [vvar]
7ffe9f374000-7ffe9f376000 r-xp 00000000 00:00 0                          [vdso]
ffffffffff600000-ffffffffff601000 r-xp 00000000 00:00 0                  [vsyscall]

VM Arguments:
jvm_args: -ea -Dfile.encoding=UTF-8 
java_command: org.eclipse.jdt.internal.junit.runner.RemoteTestRunner -version 3 -port 36145 -testLoaderClass org.eclipse.jdt.internal.junit4.runner.JUnit4TestLoader -loaderpluginname org.eclipse.jdt.junit4.runtime -classNames com.alanbuttars.commons.compress.stub.compress.CompressTest
Launcher Type: SUN_STANDARD

Environment Variables:
JAVA_HOME=/home/capstone/installs/jdk1.8.0_111
PATH=/home/capstone/bin:/usr/local/sbin:/usr/local/bin:/usr/sbin:/usr/bin:/sbin:/bin:/usr/games:/usr/local/games:$JAVA_HOME/bin:/snap/bin
SHELL=/usr/bin/zsh
DISPLAY=:0

Signal Handlers:
SIGSEGV: [libjvm.so+0x9a3bf0], sa_mask[0]=0x7ffbfeff, sa_flags=0x10000004
SIGBUS: [libjvm.so+0x9a3bf0], sa_mask[0]=0x7ffbfeff, sa_flags=0x10000004
SIGFPE: [libjvm.so+0x81cb60], sa_mask[0]=0x7ffbfeff, sa_flags=0x10000004
SIGPIPE: [libjvm.so+0x81cb60], sa_mask[0]=0x7ffbfeff, sa_flags=0x10000004
SIGXFSZ: [libjvm.so+0x81cb60], sa_mask[0]=0x7ffbfeff, sa_flags=0x10000004
SIGILL: [libjvm.so+0x81cb60], sa_mask[0]=0x7ffbfeff, sa_flags=0x10000004
SIGUSR1: SIG_DFL, sa_mask[0]=0x00000000, sa_flags=0x00000000
SIGUSR2: [libjvm.so+0x81e360], sa_mask[0]=0x00000004, sa_flags=0x10000004
SIGHUP: [libjvm.so+0x81f480], sa_mask[0]=0x7ffbfeff, sa_flags=0x10000004
SIGINT: [libjvm.so+0x81f480], sa_mask[0]=0x7ffbfeff, sa_flags=0x10000004
SIGTERM: [libjvm.so+0x81f480], sa_mask[0]=0x7ffbfeff, sa_flags=0x10000004
SIGQUIT: [libjvm.so+0x81f480], sa_mask[0]=0x7ffbfeff, sa_flags=0x10000004


---------------  S Y S T E M  ---------------

OS:stretch/sid

uname:Linux 4.4.0-64-generic #85-Ubuntu SMP Mon Feb 20 11:50:30 UTC 2017 x86_64
libc:glibc 2.23 NPTL 2.23 
rlimit: STACK 8192k, CORE 0k, NPROC 62809, NOFILE 65536, AS infinity
load average:0.56 0.35 0.27

/proc/meminfo:
MemTotal:       16312852 kB
MemFree:         7520804 kB
MemAvailable:   11579688 kB
Buffers:          287548 kB
Cached:          4610336 kB
SwapCached:            0 kB
Active:          5490840 kB
Inactive:        2803652 kB
Active(anon):    3418272 kB
Inactive(anon):   758636 kB
Active(file):    2072568 kB
Inactive(file):  2045016 kB
Unevictable:         340 kB
Mlocked:             340 kB
SwapTotal:      16657404 kB
SwapFree:       16657404 kB
Dirty:              6368 kB
Writeback:             0 kB
AnonPages:       3396960 kB
Mapped:           624040 kB
Shmem:            780304 kB
Slab:             331880 kB
SReclaimable:     278540 kB
SUnreclaim:        53340 kB
KernelStack:       12480 kB
PageTables:        53144 kB
NFS_Unstable:          0 kB
Bounce:                0 kB
WritebackTmp:          0 kB
CommitLimit:    24813828 kB
Committed_AS:   10467012 kB
VmallocTotal:   34359738367 kB
VmallocUsed:           0 kB
VmallocChunk:          0 kB
HardwareCorrupted:     0 kB
AnonHugePages:   1384448 kB
CmaTotal:              0 kB
CmaFree:               0 kB
HugePages_Total:       0
HugePages_Free:        0
HugePages_Rsvd:        0
HugePages_Surp:        0
Hugepagesize:       2048 kB
DirectMap4k:      245320 kB
DirectMap2M:     8024064 kB
DirectMap1G:     8388608 kB


CPU:total 8 (4 cores per cpu, 2 threads per core) family 6 model 60 stepping 3, cmov, cx8, fxsr, mmx, sse, sse2, sse3, ssse3, sse4.1, sse4.2, popcnt, avx, avx2, aes, erms, ht, tsc, tscinvbit

/proc/cpuinfo:
processor	: 0
vendor_id	: GenuineIntel
cpu family	: 6
model		: 60
model name	: Intel(R) Core(TM) i7-4700HQ CPU @ 2.40GHz
stepping	: 3
microcode	: 0x9
cpu MHz		: 3202.968
cache size	: 6144 KB
physical id	: 0
siblings	: 8
core id		: 0
cpu cores	: 4
apicid		: 0
initial apicid	: 0
fpu		: yes
fpu_exception	: yes
cpuid level	: 13
wp		: yes
flags		: fpu vme de pse tsc msr pae mce cx8 apic sep mtrr pge mca cmov pat pse36 clflush dts acpi mmx fxsr sse sse2 ss ht tm pbe syscall nx pdpe1gb rdtscp lm constant_tsc arch_perfmon pebs bts rep_good nopl xtopology nonstop_tsc aperfmperf eagerfpu pni pclmulqdq dtes64 monitor ds_cpl vmx est tm2 ssse3 sdbg fma cx16 xtpr pdcm pcid sse4_1 sse4_2 x2apic movbe popcnt tsc_deadline_timer aes xsave avx f16c rdrand lahf_lm abm epb tpr_shadow vnmi flexpriority ept vpid fsgsbase tsc_adjust bmi1 avx2 smep bmi2 erms invpcid xsaveopt dtherm ida arat pln pts
bugs		:
bogomips	: 4788.83
clflush size	: 64
cache_alignment	: 64
address sizes	: 39 bits physical, 48 bits virtual
power management:

processor	: 1
vendor_id	: GenuineIntel
cpu family	: 6
model		: 60
model name	: Intel(R) Core(TM) i7-4700HQ CPU @ 2.40GHz
stepping	: 3
microcode	: 0x9
cpu MHz		: 3199.968
cache size	: 6144 KB
physical id	: 0
siblings	: 8
core id		: 1
cpu cores	: 4
apicid		: 2
initial apicid	: 2
fpu		: yes
fpu_exception	: yes
cpuid level	: 13
wp		: yes
flags		: fpu vme de pse tsc msr pae mce cx8 apic sep mtrr pge mca cmov pat pse36 clflush dts acpi mmx fxsr sse sse2 ss ht tm pbe syscall nx pdpe1gb rdtscp lm constant_tsc arch_perfmon pebs bts rep_good nopl xtopology nonstop_tsc aperfmperf eagerfpu pni pclmulqdq dtes64 monitor ds_cpl vmx est tm2 ssse3 sdbg fma cx16 xtpr pdcm pcid sse4_1 sse4_2 x2apic movbe popcnt tsc_deadline_timer aes xsave avx f16c rdrand lahf_lm abm epb tpr_shadow vnmi flexpriority ept vpid fsgsbase tsc_adjust bmi1 avx2 smep bmi2 erms invpcid xsaveopt dtherm ida arat pln pts
bugs		:
bogomips	: 4788.83
clflush size	: 64
cache_alignment	: 64
address sizes	: 39 bits physical, 48 bits virtual
power management:

processor	: 2
vendor_id	: GenuineIntel
cpu family	: 6
model		: 60
model name	: Intel(R) Core(TM) i7-4700HQ CPU @ 2.40GHz
stepping	: 3
microcode	: 0x9
cpu MHz		: 3202.312
cache size	: 6144 KB
physical id	: 0
siblings	: 8
core id		: 2
cpu cores	: 4
apicid		: 4
initial apicid	: 4
fpu		: yes
fpu_exception	: yes
cpuid level	: 13
wp		: yes
flags		: fpu vme de pse tsc msr pae mce cx8 apic sep mtrr pge mca cmov pat pse36 clflush dts acpi mmx fxsr sse sse2 ss ht tm pbe syscall nx pdpe1gb rdtscp lm constant_tsc arch_perfmon pebs bts rep_good nopl xtopology nonstop_tsc aperfmperf eagerfpu pni pclmulqdq dtes64 monitor ds_cpl vmx est tm2 ssse3 sdbg fma cx16 xtpr pdcm pcid sse4_1 sse4_2 x2apic movbe popcnt tsc_deadline_timer aes xsave avx f16c rdrand lahf_lm abm epb tpr_shadow vnmi flexpriority ept vpid fsgsbase tsc_adjust bmi1 avx2 smep bmi2 erms invpcid xsaveopt dtherm ida arat pln pts
bugs		:
bogomips	: 4788.83
clflush size	: 64
cache_alignment	: 64
address sizes	: 39 bits physical, 48 bits virtual
power management:

processor	: 3
vendor_id	: GenuineIntel
cpu family	: 6
model		: 60
model name	: Intel(R) Core(TM) i7-4700HQ CPU @ 2.40GHz
stepping	: 3
microcode	: 0x9
cpu MHz		: 3199.968
cache size	: 6144 KB
physical id	: 0
siblings	: 8
core id		: 3
cpu cores	: 4
apicid		: 6
initial apicid	: 6
fpu		: yes
fpu_exception	: yes
cpuid level	: 13
wp		: yes
flags		: fpu vme de pse tsc msr pae mce cx8 apic sep mtrr pge mca cmov pat pse36 clflush dts acpi mmx fxsr sse sse2 ss ht tm pbe syscall nx pdpe1gb rdtscp lm constant_tsc arch_perfmon pebs bts rep_good nopl xtopology nonstop_tsc aperfmperf eagerfpu pni pclmulqdq dtes64 monitor ds_cpl vmx est tm2 ssse3 sdbg fma cx16 xtpr pdcm pcid sse4_1 sse4_2 x2apic movbe popcnt tsc_deadline_timer aes xsave avx f16c rdrand lahf_lm abm epb tpr_shadow vnmi flexpriority ept vpid fsgsbase tsc_adjust bmi1 avx2 smep bmi2 erms invpcid xsaveopt dtherm ida arat pln pts
bugs		:
bogomips	: 4788.83
clflush size	: 64
cache_alignment	: 64
address sizes	: 39 bits physical, 48 bits virtual
power management:

processor	: 4
vendor_id	: GenuineIntel
cpu family	: 6
model		: 60
model name	: Intel(R) Core(TM) i7-4700HQ CPU @ 2.40GHz
stepping	: 3
microcode	: 0x9
cpu MHz		: 3202.218
cache size	: 6144 KB
physical id	: 0
siblings	: 8
core id		: 0
cpu cores	: 4
apicid		: 1
initial apicid	: 1
fpu		: yes
fpu_exception	: yes
cpuid level	: 13
wp		: yes
flags		: fpu vme de pse tsc msr pae mce cx8 apic sep mtrr pge mca cmov pat pse36 clflush dts acpi mmx fxsr sse sse2 ss ht tm pbe syscall nx pdpe1gb rdtscp lm constant_tsc arch_perfmon pebs bts rep_good nopl xtopology nonstop_tsc aperfmperf eagerfpu pni pclmulqdq dtes64 monitor ds_cpl vmx est tm2 ssse3 sdbg fma cx16 xtpr pdcm pcid sse4_1 sse4_2 x2apic movbe popcnt tsc_deadline_timer aes xsave avx f16c rdrand lahf_lm abm epb tpr_shadow vnmi flexpriority ept vpid fsgsbase tsc_adjust bmi1 avx2 smep bmi2 erms invpcid xsaveopt dtherm ida arat pln pts
bugs		:
bogomips	: 4788.83
clflush size	: 64
cache_alignment	: 64
address sizes	: 39 bits physical, 48 bits virtual
power management:

processor	: 5
vendor_id	: GenuineIntel
cpu family	: 6
model		: 60
model name	: Intel(R) Core(TM) i7-4700HQ CPU @ 2.40GHz
stepping	: 3
microcode	: 0x9
cpu MHz		: 3199.968
cache size	: 6144 KB
physical id	: 0
siblings	: 8
core id		: 1
cpu cores	: 4
apicid		: 3
initial apicid	: 3
fpu		: yes
fpu_exception	: yes
cpuid level	: 13
wp		: yes
flags		: fpu vme de pse tsc msr pae mce cx8 apic sep mtrr pge mca cmov pat pse36 clflush dts acpi mmx fxsr sse sse2 ss ht tm pbe syscall nx pdpe1gb rdtscp lm constant_tsc arch_perfmon pebs bts rep_good nopl xtopology nonstop_tsc aperfmperf eagerfpu pni pclmulqdq dtes64 monitor ds_cpl vmx est tm2 ssse3 sdbg fma cx16 xtpr pdcm pcid sse4_1 sse4_2 x2apic movbe popcnt tsc_deadline_timer aes xsave avx f16c rdrand lahf_lm abm epb tpr_shadow vnmi flexpriority ept vpid fsgsbase tsc_adjust bmi1 avx2 smep bmi2 erms invpcid xsaveopt dtherm ida arat pln pts
bugs		:
bogomips	: 4788.83
clflush size	: 64
cache_alignment	: 64
address sizes	: 39 bits physical, 48 bits virtual
power management:

processor	: 6
vendor_id	: GenuineIntel
cpu family	: 6
model		: 60
model name	: Intel(R) Core(TM) i7-4700HQ CPU @ 2.40GHz
stepping	: 3
microcode	: 0x9
cpu MHz		: 3199.968
cache size	: 6144 KB
physical id	: 0
siblings	: 8
core id		: 2
cpu cores	: 4
apicid		: 5
initial apicid	: 5
fpu		: yes
fpu_exception	: yes
cpuid level	: 13
wp		: yes
flags		: fpu vme de pse tsc msr pae mce cx8 apic sep mtrr pge mca cmov pat pse36 clflush dts acpi mmx fxsr sse sse2 ss ht tm pbe syscall nx pdpe1gb rdtscp lm constant_tsc arch_perfmon pebs bts rep_good nopl xtopology nonstop_tsc aperfmperf eagerfpu pni pclmulqdq dtes64 monitor ds_cpl vmx est tm2 ssse3 sdbg fma cx16 xtpr pdcm pcid sse4_1 sse4_2 x2apic movbe popcnt tsc_deadline_timer aes xsave avx f16c rdrand lahf_lm abm epb tpr_shadow vnmi flexpriority ept vpid fsgsbase tsc_adjust bmi1 avx2 smep bmi2 erms invpcid xsaveopt dtherm ida arat pln pts
bugs		:
bogomips	: 4788.83
clflush size	: 64
cache_alignment	: 64
address sizes	: 39 bits physical, 48 bits virtual
power management:

processor	: 7
vendor_id	: GenuineIntel
cpu family	: 6
model		: 60
model name	: Intel(R) Core(TM) i7-4700HQ CPU @ 2.40GHz
stepping	: 3
microcode	: 0x9
cpu MHz		: 3199.968
cache size	: 6144 KB
physical id	: 0
siblings	: 8
core id		: 3
cpu cores	: 4
apicid		: 7
initial apicid	: 7
fpu		: yes
fpu_exception	: yes
cpuid level	: 13
wp		: yes
flags		: fpu vme de pse tsc msr pae mce cx8 apic sep mtrr pge mca cmov pat pse36 clflush dts acpi mmx fxsr sse sse2 ss ht tm pbe syscall nx pdpe1gb rdtscp lm constant_tsc arch_perfmon pebs bts rep_good nopl xtopology nonstop_tsc aperfmperf eagerfpu pni pclmulqdq dtes64 monitor ds_cpl vmx est tm2 ssse3 sdbg fma cx16 xtpr pdcm pcid sse4_1 sse4_2 x2apic movbe popcnt tsc_deadline_timer aes xsave avx f16c rdrand lahf_lm abm epb tpr_shadow vnmi flexpriority ept vpid fsgsbase tsc_adjust bmi1 avx2 smep bmi2 erms invpcid xsaveopt dtherm ida arat pln pts
bugs		:
bogomips	: 4788.83
clflush size	: 64
cache_alignment	: 64
address sizes	: 39 bits physical, 48 bits virtual
power management:



Memory: 4k page, physical 16312852k(7520804k free), swap 16657404k(16657404k free)

vm_info: Java HotSpot(TM) 64-Bit Server VM (24.79-b02) for linux-amd64 JRE (1.7.0_79-b15), built on Apr 10 2015 11:34:48 by "java_re" with gcc 4.3.0 20080428 (Red Hat 4.3.0-8)

time: Tue Mar  7 21:27:51 2017
elapsed time: 0 seconds

