#
# A fatal error has been detected by the Java Runtime Environment:
#
#  SIGILL (0x4) at pc=0x00007f5f1f6de341, pid=11040, tid=140045831804672
#
# JRE version: Java(TM) SE Runtime Environment (7.0_79-b15) (build 1.7.0_79-b15)
# Java VM: Java HotSpot(TM) 64-Bit Server VM (24.79-b02 mixed mode linux-amd64 compressed oops)
# Problematic frame:
# V  [libjvm.so+0x795341]  Matcher::match()+0x3d1
#
# Failed to write core dump. Core dumps have been disabled. To enable core dumping, try "ulimit -c unlimited" before starting Java again
#
# If you would like to submit a bug report, please visit:
#   http://bugreport.java.com/bugreport/crash.jsp
#

---------------  T H R E A D  ---------------

Current thread (0x00007f5f1809d000):  JavaThread "C2 CompilerThread0" daemon [_thread_in_native, id=11059, stack(0x00007f5ef5fe9000,0x00007f5ef60ea000)]

siginfo:si_signo=SIGILL: si_errno=0, si_code=2 (ILL_ILLOPN), si_addr=0x00007f5f1f6de341

Registers:
RAX=0x00007f5ed8017740, RBX=0x00007f5ef60e4ff0, RCX=0x00007f5ef60e4ff0, RDX=0x00007f5ef60e4ff0
RSP=0x00007f5ef60e4ee0, RBP=0x00007f5ef60e4fe0, RSI=0x00007f5ed8017720, RDI=0x00007f5ef60e7310
R8 =0x0000000000000008, R9 =0x00007f5f1fd813c0, R10=0x0000000000000028, R11=0x00007f5ed8009e28
R12=0x0000000000000004, R13=0x0000000000000001, R14=0x0000000000000000, R15=0x0000000000000000
RIP=0x00007f5f1f6de341, EFLAGS=0x0000000000010202, CSGSFS=0x0000000000000033, ERR=0x0000000000000000
  TRAPNO=0x0000000000000006

Top of Stack: (sp=0x00007f5ef60e4ee0)
0x00007f5ef60e4ee0:   0000000000000000 00007f5f1fd813c0
0x00007f5ef60e4ef0:   0000000000000000 00007f5ef60e4ff0
0x00007f5ef60e4f00:   00007f5ed8017720 00000000000027d8
0x00007f5ef60e4f10:   00007f5ef60e5960 000000061f1e96b3
0x00007f5ef60e4f20:   0000000000000000 00007f5f1f1e948a
0x00007f5ef60e4f30:   00007f5ed80174e8 00007f5ef60e4f70
0x00007f5ef60e4f40:   00000000000027d8 00007f5ef60e5960
0x00007f5ef60e4f50:   0000000000100000 0000000000000000
0x00007f5ef60e4f60:   0000000000000000 0000000000000000
0x00007f5ef60e4f70:   0000000000000000 00007f5ef60e4ff0
0x00007f5ef60e4f80:   0000000000000000 0000000000000000
0x00007f5ef60e4f90:   0400000000000000 0000000000000000
0x00007f5ef60e4fa0:   0000000000000000 00007f5ef60e5c40
0x00007f5ef60e4fb0:   00007f5ef60e4fe0 00007f5ef60e6770
0x00007f5ef60e4fc0:   00007f5ef60e7310 00007f5ef60e4ff0
0x00007f5ef60e4fd0:   00007f5ef60e5c40 00007f5f1fd68d20
0x00007f5ef60e4fe0:   00007f5ef60e67c0 00007f5f1f38cefa
0x00007f5ef60e4ff0:   00007f5f1fd467f0 0000000000000005
0x00007f5ef60e5000:   00007f5ef60e7310 00007f5f1809d980
0x00007f5ef60e5010:   00007f5f1809d980 0000000000000004
0x00007f5ef60e5020:   00007f5ed80174c0 00007f5f1809d980
0x00007f5ef60e5030:   0000000000000040 00007f5ed80174f0
0x00007f5ef60e5040:   0000000000000000 0000000000000000
0x00007f5ef60e5050:   0000000000000000 0000000000000000
0x00007f5ef60e5060:   0000000000000000 0000000000000000
0x00007f5ef60e5070:   0000000000000000 0000000000000000
0x00007f5ef60e5080:   0000000000000000 0000000000000000
0x00007f5ef60e5090:   0000000000000000 0000000000000000
0x00007f5ef60e50a0:   0000000000000000 0000000000000000
0x00007f5ef60e50b0:   0000000000000000 0000000000000000
0x00007f5ef60e50c0:   0000000000000000 0000000000000000
0x00007f5ef60e50d0:   0000000000000000 0000000000000000 

Instructions: (pc=0x00007f5f1f6de341)
0x00007f5f1f6de321:   00 00 00 00 c7 40 0c 00 00 00 00 c7 40 10 00 00
0x00007f5f1f6de331:   00 00 c7 40 14 00 00 00 00 c7 40 18 00 00 00 b0
0x00007f5f1f6de341:   06 ee b0 b0 3f ad 94 77 80 cd 94 00 00 00 c7 40
0x00007f5f1f6de351:   24 00 00 00 00 48 8b 8d 20 ff ff ff 4e 8b 64 b9 

Register to memory mapping:

RAX=0x00007f5ed8017740 is an unknown value
RBX=0x00007f5ef60e4ff0 is pointing into the stack for thread: 0x00007f5f1809d000
RCX=0x00007f5ef60e4ff0 is pointing into the stack for thread: 0x00007f5f1809d000
RDX=0x00007f5ef60e4ff0 is pointing into the stack for thread: 0x00007f5f1809d000
RSP=0x00007f5ef60e4ee0 is pointing into the stack for thread: 0x00007f5f1809d000
RBP=0x00007f5ef60e4fe0 is pointing into the stack for thread: 0x00007f5f1809d000
RSI=0x00007f5ed8017720 is an unknown value
RDI=0x00007f5ef60e7310 is pointing into the stack for thread: 0x00007f5f1809d000
R8 =0x0000000000000008 is an unknown value
R9 =0x00007f5f1fd813c0: <offset 0xe383c0> in /home/capstone/installs/jdk1.7.0_79/jre/lib/amd64/server/libjvm.so at 0x00007f5f1ef49000
R10=0x0000000000000028 is an unknown value
R11=0x00007f5ed8009e28 is an unknown value
R12=0x0000000000000004 is an unknown value
R13=0x0000000000000001 is an unknown value
R14=0x0000000000000000 is an unknown value
R15=0x0000000000000000 is an unknown value


Stack: [0x00007f5ef5fe9000,0x00007f5ef60ea000],  sp=0x00007f5ef60e4ee0,  free space=1007k
Native frames: (J=compiled Java code, j=interpreted, Vv=VM code, C=native code)
V  [libjvm.so+0x795341]  Matcher::match()+0x3d1
V  [libjvm.so+0x443efa]  Compile::Code_Gen()+0x12a
V  [libjvm.so+0x444a8d]  Compile::Compile(ciEnv*, TypeFunc const* (*)(), unsigned char*, char const*, int, bool, bool, bool)+0x7bd
V  [libjvm.so+0x8abe19]  OptoRuntime::generate_stub(ciEnv*, TypeFunc const* (*)(), unsigned char*, char const*, int, bool, bool, bool)+0xd9
V  [libjvm.so+0x8abff6]  OptoRuntime::generate(ciEnv*)+0x46
V  [libjvm.so+0x3b19d9]  C2Compiler::initialize_runtime()+0x119
V  [libjvm.so+0x1eabe3]  AbstractCompiler::initialize_runtimes(void (*)(), int volatile*)+0x1c3
V  [libjvm.so+0x3b18aa]  C2Compiler::initialize()+0x2a
V  [libjvm.so+0x3b1d1e]  C2Compiler::compile_method(ciEnv*, ciMethod*, int)+0x31e
V  [libjvm.so+0x44ec6e]  CompileBroker::invoke_compiler_on_method(CompileTask*)+0x33e
V  [libjvm.so+0x44fa4d]  CompileBroker::compiler_thread_loop()+0x43d
V  [libjvm.so+0x95c11f]  JavaThread::thread_main_inner()+0xdf
V  [libjvm.so+0x95c225]  JavaThread::run()+0xf5
V  [libjvm.so+0x821ca8]  java_start(Thread*)+0x108


Current CompileTask:
C2:     52    1             java.lang.String::indexOf (70 bytes)


---------------  P R O C E S S  ---------------

Java Threads: ( => current thread )
  0x00007f5f180a2800 JavaThread "Service Thread" daemon [_thread_blocked, id=11061, stack(0x00007f5ef5de7000,0x00007f5ef5ee8000)]
  0x00007f5f180a0000 JavaThread "C2 CompilerThread1" daemon [_thread_blocked, id=11060, stack(0x00007f5ef5ee8000,0x00007f5ef5fe9000)]
=>0x00007f5f1809d000 JavaThread "C2 CompilerThread0" daemon [_thread_in_native, id=11059, stack(0x00007f5ef5fe9000,0x00007f5ef60ea000)]
  0x00007f5f1809b000 JavaThread "Signal Dispatcher" daemon [_thread_blocked, id=11058, stack(0x00007f5ef60ea000,0x00007f5ef61eb000)]
  0x00007f5f18079800 JavaThread "Finalizer" daemon [_thread_blocked, id=11052, stack(0x00007f5ef6baa000,0x00007f5ef6cab000)]
  0x00007f5f18077800 JavaThread "Reference Handler" daemon [_thread_blocked, id=11051, stack(0x00007f5ef6cab000,0x00007f5ef6dac000)]
  0x00007f5f1800b000 JavaThread "main" [_thread_in_vm, id=11041, stack(0x00007f5f208c3000,0x00007f5f209c4000)]

Other Threads:
  0x00007f5f18073800 VMThread [stack: 0x00007f5ef6dac000,0x00007f5ef6ead000] [id=11050]
  0x00007f5f180ad000 WatcherThread [stack: 0x00007f5ef5ce6000,0x00007f5ef5de7000] [id=11062]

VM state:not at safepoint (normal execution)

VM Mutex/Monitor currently owned by a thread: None

Heap
 PSYoungGen      total 74752K, used 2580K [0x00000007ad000000, 0x00000007b2300000, 0x0000000800000000)
  eden space 64512K, 4% used [0x00000007ad000000,0x00000007ad2852d8,0x00000007b0f00000)
  from space 10240K, 0% used [0x00000007b1900000,0x00000007b1900000,0x00000007b2300000)
  to   space 10240K, 0% used [0x00000007b0f00000,0x00000007b0f00000,0x00000007b1900000)
 ParOldGen       total 169984K, used 0K [0x0000000707000000, 0x0000000711600000, 0x00000007ad000000)
  object space 169984K, 0% used [0x0000000707000000,0x0000000707000000,0x0000000711600000)
 PSPermGen       total 21504K, used 2570K [0x0000000701e00000, 0x0000000703300000, 0x0000000707000000)
  object space 21504K, 11% used [0x0000000701e00000,0x0000000702082840,0x0000000703300000)

Card table byte_map: [0x00007f5f1d3b2000,0x00007f5f1dba4000] byte_map_base: 0x00007f5f19ba3000

Polling page: 0x00007f5f209e6000

Code Cache  [0x00007f5f15000000, 0x00007f5f15270000, 0x00007f5f18000000)
 total_blobs=168 nmethods=0 adapters=136 free_code_cache=48772Kb largest_free_block=49941376

Compilation events (1 events):
Event: 0.047 Thread 0x00007f5f1809d000    1             java.lang.String::indexOf (70 bytes)

GC Heap History (0 events):
No events

Deoptimization events (0 events):
No events

Internal exceptions (2 events):
Event: 0.019 Thread 0x00007f5f1800b000 Threw 0x00000007ad00f0c0 at /HUDSON/workspace/7u-2-build-linux-amd64/jdk7u79/2331/hotspot/src/share/vm/prims/jni.cpp:3991
Event: 0.043 Thread 0x00007f5f1800b000 Threw 0x00000007ad057110 at /HUDSON/workspace/7u-2-build-linux-amd64/jdk7u79/2331/hotspot/src/share/vm/prims/jvm.cpp:1304

Events (10 events):
Event: 0.046 loading class 0x00007f5f1c5d5390
Event: 0.046 loading class 0x00007f5f1c5d5390 done
Event: 0.046 loading class 0x00007f5f1804dd00
Event: 0.046 loading class 0x00007f5f1804dd00 done
Event: 0.046 loading class 0x00007f5f1c5d54b0
Event: 0.046 loading class 0x00007f5f1804dee0
Event: 0.046 loading class 0x00007f5f1804dee0 done
Event: 0.046 loading class 0x00007f5f1c5d54b0 done
Event: 0.046 loading class 0x00007f5f1c5d6c00
Event: 0.046 loading class 0x00007f5f1c5d6c00 done


Dynamic libraries:
00400000-00401000 r-xp 00000000 08:02 6567276                            /home/capstone/installs/jdk1.7.0_79/bin/java
00600000-00601000 rw-p 00000000 08:02 6567276                            /home/capstone/installs/jdk1.7.0_79/bin/java
024f2000-02513000 rw-p 00000000 00:00 0                                  [heap]
701e00000-703300000 rw-p 00000000 00:00 0 
703300000-707000000 rw-p 00000000 00:00 0 
707000000-711600000 rw-p 00000000 00:00 0 
711600000-7ad000000 rw-p 00000000 00:00 0 
7ad000000-7b2300000 rw-p 00000000 00:00 0 
7b2300000-800000000 rw-p 00000000 00:00 0 
7f5ec4000000-7f5ec4021000 rw-p 00000000 00:00 0 
7f5ec4021000-7f5ec8000000 ---p 00000000 00:00 0 
7f5ecc000000-7f5ecc021000 rw-p 00000000 00:00 0 
7f5ecc021000-7f5ed0000000 ---p 00000000 00:00 0 
7f5ed0000000-7f5ed0021000 rw-p 00000000 00:00 0 
7f5ed0021000-7f5ed4000000 ---p 00000000 00:00 0 
7f5ed4000000-7f5ed4021000 rw-p 00000000 00:00 0 
7f5ed4021000-7f5ed8000000 ---p 00000000 00:00 0 
7f5ed8000000-7f5ed8034000 rw-p 00000000 00:00 0 
7f5ed8034000-7f5edc000000 ---p 00000000 00:00 0 
7f5edc000000-7f5edc021000 rw-p 00000000 00:00 0 
7f5edc021000-7f5ee0000000 ---p 00000000 00:00 0 
7f5ee0000000-7f5ee0021000 rw-p 00000000 00:00 0 
7f5ee0021000-7f5ee4000000 ---p 00000000 00:00 0 
7f5ee4000000-7f5ee4021000 rw-p 00000000 00:00 0 
7f5ee4021000-7f5ee8000000 ---p 00000000 00:00 0 
7f5ee80f0000-7f5ef0000000 rw-p 00000000 00:00 0 
7f5ef0000000-7f5ef0021000 rw-p 00000000 00:00 0 
7f5ef0021000-7f5ef4000000 ---p 00000000 00:00 0 
7f5ef5a64000-7f5ef5a80000 r--s 00103000 08:02 7092747                    /home/capstone/.m2/repository/org/mockito/mockito-core/1.10.19/mockito-core-1.10.19.jar
7f5ef5a80000-7f5ef5a9e000 r--s 00110000 08:02 7092536                    /home/capstone/.m2/repository/org/mockito/mockito-all/1.10.19/mockito-all-1.10.19.jar
7f5ef5a9e000-7f5ef5ce6000 rw-p 00000000 00:00 0 
7f5ef5ce6000-7f5ef5ce7000 ---p 00000000 00:00 0 
7f5ef5ce7000-7f5ef5de7000 rw-p 00000000 00:00 0 
7f5ef5de7000-7f5ef5dea000 ---p 00000000 00:00 0 
7f5ef5dea000-7f5ef5ee8000 rw-p 00000000 00:00 0 
7f5ef5ee8000-7f5ef5eeb000 ---p 00000000 00:00 0 
7f5ef5eeb000-7f5ef5fe9000 rw-p 00000000 00:00 0 
7f5ef5fe9000-7f5ef5fec000 ---p 00000000 00:00 0 
7f5ef5fec000-7f5ef60ea000 rw-p 00000000 00:00 0 
7f5ef60ea000-7f5ef60ed000 ---p 00000000 00:00 0 
7f5ef60ed000-7f5ef61eb000 rw-p 00000000 00:00 0 
7f5ef61eb000-7f5ef6baa000 r--p 00000000 08:02 33101599                   /usr/lib/locale/locale-archive
7f5ef6baa000-7f5ef6bad000 ---p 00000000 00:00 0 
7f5ef6bad000-7f5ef6cab000 rw-p 00000000 00:00 0 
7f5ef6cab000-7f5ef6cae000 ---p 00000000 00:00 0 
7f5ef6cae000-7f5ef6dac000 rw-p 00000000 00:00 0 
7f5ef6dac000-7f5ef6dad000 ---p 00000000 00:00 0 
7f5ef6dad000-7f5ef8000000 rw-p 00000000 00:00 0 
7f5ef8000000-7f5ef8021000 rw-p 00000000 00:00 0 
7f5ef8021000-7f5efc000000 ---p 00000000 00:00 0 
7f5efc000000-7f5efc021000 rw-p 00000000 00:00 0 
7f5efc021000-7f5f00000000 ---p 00000000 00:00 0 
7f5f00000000-7f5f00021000 rw-p 00000000 00:00 0 
7f5f00021000-7f5f04000000 ---p 00000000 00:00 0 
7f5f04000000-7f5f04021000 rw-p 00000000 00:00 0 
7f5f04021000-7f5f08000000 ---p 00000000 00:00 0 
7f5f08000000-7f5f08021000 rw-p 00000000 00:00 0 
7f5f08021000-7f5f0c000000 ---p 00000000 00:00 0 
7f5f0c000000-7f5f0c021000 rw-p 00000000 00:00 0 
7f5f0c021000-7f5f10000000 ---p 00000000 00:00 0 
7f5f10000000-7f5f10021000 rw-p 00000000 00:00 0 
7f5f10021000-7f5f14000000 ---p 00000000 00:00 0 
7f5f14007000-7f5f15000000 rw-p 00000000 00:00 0 
7f5f15000000-7f5f15270000 rwxp 00000000 00:00 0 
7f5f15270000-7f5f1815a000 rw-p 00000000 00:00 0 
7f5f1815a000-7f5f1c000000 ---p 00000000 00:00 0 
7f5f1c009000-7f5f1c00b000 r--s 00004000 08:02 7092753                    /home/capstone/.m2/repository/org/powermock/powermock-api-support/1.6.6/powermock-api-support-1.6.6.jar
7f5f1c00b000-7f5f1c00d000 r--s 00008000 08:02 7092751                    /home/capstone/.m2/repository/org/powermock/powermock-api-mockito-common/1.6.6/powermock-api-mockito-common-1.6.6.jar
7f5f1c00d000-7f5f1c00f000 r--s 00009000 08:02 7092749                    /home/capstone/.m2/repository/org/objenesis/objenesis/2.1/objenesis-2.1.jar
7f5f1c00f000-7f5f1c012000 r--s 00011000 08:02 7092745                    /home/capstone/.m2/repository/org/powermock/powermock-api-mockito/1.6.6/powermock-api-mockito-1.6.6.jar
7f5f1c012000-7f5f1c014000 r--s 0000d000 08:02 7092743                    /home/capstone/.m2/repository/org/powermock/powermock-reflect/1.6.6/powermock-reflect-1.6.6.jar
7f5f1c014000-7f5f1c348000 rw-p 00000000 00:00 0 
7f5f1c348000-7f5f1c508000 r--s 039f7000 08:02 6438489                    /home/capstone/installs/jdk1.7.0_79/jre/lib/rt.jar
7f5f1c508000-7f5f1c651000 rw-p 00000000 00:00 0 
7f5f1c651000-7f5f1c652000 ---p 00000000 00:00 0 
7f5f1c652000-7f5f1c752000 rw-p 00000000 00:00 0 
7f5f1c752000-7f5f1c753000 ---p 00000000 00:00 0 
7f5f1c753000-7f5f1c853000 rw-p 00000000 00:00 0 
7f5f1c853000-7f5f1c854000 ---p 00000000 00:00 0 
7f5f1c854000-7f5f1c954000 rw-p 00000000 00:00 0 
7f5f1c954000-7f5f1c955000 ---p 00000000 00:00 0 
7f5f1c955000-7f5f1ca55000 rw-p 00000000 00:00 0 
7f5f1ca55000-7f5f1ca56000 ---p 00000000 00:00 0 
7f5f1ca56000-7f5f1cb56000 rw-p 00000000 00:00 0 
7f5f1cb56000-7f5f1cb57000 ---p 00000000 00:00 0 
7f5f1cb57000-7f5f1cc57000 rw-p 00000000 00:00 0 
7f5f1cc57000-7f5f1cc58000 ---p 00000000 00:00 0 
7f5f1cc58000-7f5f1cd58000 rw-p 00000000 00:00 0 
7f5f1cd58000-7f5f1cd59000 ---p 00000000 00:00 0 
7f5f1cd59000-7f5f1ce64000 rw-p 00000000 00:00 0 
7f5f1ce64000-7f5f1ce82000 rw-p 00000000 00:00 0 
7f5f1ce82000-7f5f1ced5000 rw-p 00000000 00:00 0 
7f5f1ced5000-7f5f1d3b2000 rw-p 00000000 00:00 0 
7f5f1d3b2000-7f5f1d3bd000 rw-p 00000000 00:00 0 
7f5f1d3bd000-7f5f1d3db000 rw-p 00000000 00:00 0 
7f5f1d3db000-7f5f1d42e000 rw-p 00000000 00:00 0 
7f5f1d42e000-7f5f1d90b000 rw-p 00000000 00:00 0 
7f5f1d90b000-7f5f1d935000 rw-p 00000000 00:00 0 
7f5f1d935000-7f5f1dba3000 rw-p 00000000 00:00 0 
7f5f1dba3000-7f5f1dba4000 rw-p 00000000 00:00 0 
7f5f1dba4000-7f5f1dbbe000 r-xp 00000000 08:02 6437836                    /home/capstone/installs/jdk1.7.0_79/jre/lib/amd64/libzip.so
7f5f1dbbe000-7f5f1ddbe000 ---p 0001a000 08:02 6437836                    /home/capstone/installs/jdk1.7.0_79/jre/lib/amd64/libzip.so
7f5f1ddbe000-7f5f1ddbf000 rw-p 0001a000 08:02 6437836                    /home/capstone/installs/jdk1.7.0_79/jre/lib/amd64/libzip.so
7f5f1ddbf000-7f5f1ddca000 r-xp 00000000 08:02 16288543                   /lib/x86_64-linux-gnu/libnss_files-2.23.so
7f5f1ddca000-7f5f1dfc9000 ---p 0000b000 08:02 16288543                   /lib/x86_64-linux-gnu/libnss_files-2.23.so
7f5f1dfc9000-7f5f1dfca000 r--p 0000a000 08:02 16288543                   /lib/x86_64-linux-gnu/libnss_files-2.23.so
7f5f1dfca000-7f5f1dfcb000 rw-p 0000b000 08:02 16288543                   /lib/x86_64-linux-gnu/libnss_files-2.23.so
7f5f1dfcb000-7f5f1dfd1000 rw-p 00000000 00:00 0 
7f5f1dfd1000-7f5f1dfdc000 r-xp 00000000 08:02 16288528                   /lib/x86_64-linux-gnu/libnss_nis-2.23.so
7f5f1dfdc000-7f5f1e1db000 ---p 0000b000 08:02 16288528                   /lib/x86_64-linux-gnu/libnss_nis-2.23.so
7f5f1e1db000-7f5f1e1dc000 r--p 0000a000 08:02 16288528                   /lib/x86_64-linux-gnu/libnss_nis-2.23.so
7f5f1e1dc000-7f5f1e1dd000 rw-p 0000b000 08:02 16288528                   /lib/x86_64-linux-gnu/libnss_nis-2.23.so
7f5f1e1dd000-7f5f1e1f3000 r-xp 00000000 08:02 16288539                   /lib/x86_64-linux-gnu/libnsl-2.23.so
7f5f1e1f3000-7f5f1e3f2000 ---p 00016000 08:02 16288539                   /lib/x86_64-linux-gnu/libnsl-2.23.so
7f5f1e3f2000-7f5f1e3f3000 r--p 00015000 08:02 16288539                   /lib/x86_64-linux-gnu/libnsl-2.23.so
7f5f1e3f3000-7f5f1e3f4000 rw-p 00016000 08:02 16288539                   /lib/x86_64-linux-gnu/libnsl-2.23.so
7f5f1e3f4000-7f5f1e3f6000 rw-p 00000000 00:00 0 
7f5f1e3f6000-7f5f1e3fe000 r-xp 00000000 08:02 16288540                   /lib/x86_64-linux-gnu/libnss_compat-2.23.so
7f5f1e3fe000-7f5f1e5fd000 ---p 00008000 08:02 16288540                   /lib/x86_64-linux-gnu/libnss_compat-2.23.so
7f5f1e5fd000-7f5f1e5fe000 r--p 00007000 08:02 16288540                   /lib/x86_64-linux-gnu/libnss_compat-2.23.so
7f5f1e5fe000-7f5f1e5ff000 rw-p 00008000 08:02 16288540                   /lib/x86_64-linux-gnu/libnss_compat-2.23.so
7f5f1e5ff000-7f5f1e628000 r-xp 00000000 08:02 6437802                    /home/capstone/installs/jdk1.7.0_79/jre/lib/amd64/libjava.so
7f5f1e628000-7f5f1e828000 ---p 00029000 08:02 6437802                    /home/capstone/installs/jdk1.7.0_79/jre/lib/amd64/libjava.so
7f5f1e828000-7f5f1e82a000 rw-p 00029000 08:02 6437802                    /home/capstone/installs/jdk1.7.0_79/jre/lib/amd64/libjava.so
7f5f1e82a000-7f5f1e837000 r-xp 00000000 08:02 6437829                    /home/capstone/installs/jdk1.7.0_79/jre/lib/amd64/libverify.so
7f5f1e837000-7f5f1ea36000 ---p 0000d000 08:02 6437829                    /home/capstone/installs/jdk1.7.0_79/jre/lib/amd64/libverify.so
7f5f1ea36000-7f5f1ea38000 rw-p 0000c000 08:02 6437829                    /home/capstone/installs/jdk1.7.0_79/jre/lib/amd64/libverify.so
7f5f1ea38000-7f5f1ea3f000 r-xp 00000000 08:02 16288527                   /lib/x86_64-linux-gnu/librt-2.23.so
7f5f1ea3f000-7f5f1ec3e000 ---p 00007000 08:02 16288527                   /lib/x86_64-linux-gnu/librt-2.23.so
7f5f1ec3e000-7f5f1ec3f000 r--p 00006000 08:02 16288527                   /lib/x86_64-linux-gnu/librt-2.23.so
7f5f1ec3f000-7f5f1ec40000 rw-p 00007000 08:02 16288527                   /lib/x86_64-linux-gnu/librt-2.23.so
7f5f1ec40000-7f5f1ed48000 r-xp 00000000 08:02 16288537                   /lib/x86_64-linux-gnu/libm-2.23.so
7f5f1ed48000-7f5f1ef47000 ---p 00108000 08:02 16288537                   /lib/x86_64-linux-gnu/libm-2.23.so
7f5f1ef47000-7f5f1ef48000 r--p 00107000 08:02 16288537                   /lib/x86_64-linux-gnu/libm-2.23.so
7f5f1ef48000-7f5f1ef49000 rw-p 00108000 08:02 16288537                   /lib/x86_64-linux-gnu/libm-2.23.so
7f5f1ef49000-7f5f1fabe000 r-xp 00000000 08:02 6437856                    /home/capstone/installs/jdk1.7.0_79/jre/lib/amd64/server/libjvm.so
7f5f1fabe000-7f5f1fcbe000 ---p 00b75000 08:02 6437856                    /home/capstone/installs/jdk1.7.0_79/jre/lib/amd64/server/libjvm.so
7f5f1fcbe000-7f5f1fd82000 rw-p 00b75000 08:02 6437856                    /home/capstone/installs/jdk1.7.0_79/jre/lib/amd64/server/libjvm.so
7f5f1fd82000-7f5f1fdc3000 rw-p 00000000 00:00 0 
7f5f1fdc3000-7f5f1ff82000 r-xp 00000000 08:02 16288532                   /lib/x86_64-linux-gnu/libc-2.23.so
7f5f1ff82000-7f5f20182000 ---p 001bf000 08:02 16288532                   /lib/x86_64-linux-gnu/libc-2.23.so
7f5f20182000-7f5f20186000 r--p 001bf000 08:02 16288532                   /lib/x86_64-linux-gnu/libc-2.23.so
7f5f20186000-7f5f20188000 rw-p 001c3000 08:02 16288532                   /lib/x86_64-linux-gnu/libc-2.23.so
7f5f20188000-7f5f2018c000 rw-p 00000000 00:00 0 
7f5f2018c000-7f5f2018f000 r-xp 00000000 08:02 16288531                   /lib/x86_64-linux-gnu/libdl-2.23.so
7f5f2018f000-7f5f2038e000 ---p 00003000 08:02 16288531                   /lib/x86_64-linux-gnu/libdl-2.23.so
7f5f2038e000-7f5f2038f000 r--p 00002000 08:02 16288531                   /lib/x86_64-linux-gnu/libdl-2.23.so
7f5f2038f000-7f5f20390000 rw-p 00003000 08:02 16288531                   /lib/x86_64-linux-gnu/libdl-2.23.so
7f5f20390000-7f5f203a6000 r-xp 00000000 08:02 6438537                    /home/capstone/installs/jdk1.7.0_79/lib/amd64/jli/libjli.so
7f5f203a6000-7f5f205a6000 ---p 00016000 08:02 6438537                    /home/capstone/installs/jdk1.7.0_79/lib/amd64/jli/libjli.so
7f5f205a6000-7f5f205a7000 rw-p 00016000 08:02 6438537                    /home/capstone/installs/jdk1.7.0_79/lib/amd64/jli/libjli.so
7f5f205a7000-7f5f205bf000 r-xp 00000000 08:02 16288538                   /lib/x86_64-linux-gnu/libpthread-2.23.so
7f5f205bf000-7f5f207be000 ---p 00018000 08:02 16288538                   /lib/x86_64-linux-gnu/libpthread-2.23.so
7f5f207be000-7f5f207bf000 r--p 00017000 08:02 16288538                   /lib/x86_64-linux-gnu/libpthread-2.23.so
7f5f207bf000-7f5f207c0000 rw-p 00018000 08:02 16288538                   /lib/x86_64-linux-gnu/libpthread-2.23.so
7f5f207c0000-7f5f207c4000 rw-p 00000000 00:00 0 
7f5f207c4000-7f5f207ea000 r-xp 00000000 08:02 16288521                   /lib/x86_64-linux-gnu/ld-2.23.so
7f5f207eb000-7f5f207f5000 r--s 000aa000 08:02 7092741                    /home/capstone/.m2/repository/org/javassist/javassist/3.21.0-GA/javassist-3.21.0-GA.jar
7f5f207f5000-7f5f207f9000 r--s 0001a000 08:02 7092739                    /home/capstone/.m2/repository/org/powermock/powermock-core/1.6.6/powermock-core-1.6.6.jar
7f5f207f9000-7f5f207fb000 r--s 0000a000 08:02 7092735                    /home/capstone/.m2/repository/org/powermock/powermock-module-junit4/1.6.6/powermock-module-junit4-1.6.6.jar
7f5f207fb000-7f5f20803000 r--s 00045000 08:02 6829082                    /home/capstone/.m2/repository/junit/junit/4.12/junit-4.12.jar
7f5f20803000-7f5f2080d000 rw-p 00000000 00:00 0 
7f5f2080d000-7f5f208c3000 rw-p 00000000 00:00 0 
7f5f208c3000-7f5f208c6000 ---p 00000000 00:00 0 
7f5f208c6000-7f5f209c8000 rw-p 00000000 00:00 0 
7f5f209c8000-7f5f209c9000 r--s 00003000 08:02 7092737                    /home/capstone/.m2/repository/org/powermock/powermock-module-junit4-common/1.6.6/powermock-module-junit4-common-1.6.6.jar
7f5f209c9000-7f5f209cb000 r--s 00009000 08:02 6829084                    /home/capstone/.m2/repository/org/hamcrest/hamcrest-core/1.3/hamcrest-core-1.3.jar
7f5f209cb000-7f5f209d0000 r--s 00034000 08:02 7224931                    /home/capstone/.m2/repository/com/google/code/gson/gson/2.8.0/gson-2.8.0.jar
7f5f209d0000-7f5f209d4000 r--s 00016000 08:02 7225212                    /home/capstone/.m2/repository/org/tukaani/xz/1.6/xz-1.6.jar
7f5f209d4000-7f5f209dd000 r--s 0006a000 08:02 7224476                    /home/capstone/.m2/repository/org/apache/commons/commons-compress/1.13/commons-compress-1.13.jar
7f5f209dd000-7f5f209e5000 rw-s 00000000 08:02 17337038                   /tmp/hsperfdata_capstone/11040
7f5f209e5000-7f5f209e6000 rw-p 00000000 00:00 0 
7f5f209e6000-7f5f209e7000 r--p 00000000 00:00 0 
7f5f209e7000-7f5f209e9000 rw-p 00000000 00:00 0 
7f5f209e9000-7f5f209ea000 r--p 00025000 08:02 16288521                   /lib/x86_64-linux-gnu/ld-2.23.so
7f5f209ea000-7f5f209eb000 rw-p 00026000 08:02 16288521                   /lib/x86_64-linux-gnu/ld-2.23.so
7f5f209eb000-7f5f209ec000 rw-p 00000000 00:00 0 
7fff16e08000-7fff16e2a000 rw-p 00000000 00:00 0                          [stack]
7fff16f20000-7fff16f22000 r--p 00000000 00:00 0                          [vvar]
7fff16f22000-7fff16f24000 r-xp 00000000 00:00 0                          [vdso]
ffffffffff600000-ffffffffff601000 r-xp 00000000 00:00 0                  [vsyscall]

VM Arguments:
jvm_args: -ea -Dfile.encoding=UTF-8 
java_command: org.eclipse.jdt.internal.junit.runner.RemoteTestRunner -version 3 -port 41982 -testLoaderClass org.eclipse.jdt.internal.junit4.runner.JUnit4TestLoader -loaderpluginname org.eclipse.jdt.junit4.runtime -classNames com.alanbuttars.commons.compress.stub.compress.CompressTest
Launcher Type: SUN_STANDARD

Environment Variables:
JAVA_HOME=/home/capstone/installs/jdk1.8.0_111
PATH=/home/capstone/bin:/usr/local/sbin:/usr/local/bin:/usr/sbin:/usr/bin:/sbin:/bin:/usr/games:/usr/local/games:$JAVA_HOME/bin:/snap/bin
SHELL=/usr/bin/zsh
DISPLAY=:0

Signal Handlers:
SIGSEGV: [libjvm.so+0x9a3bf0], sa_mask[0]=0x7ffbfeff, sa_flags=0x10000004
SIGBUS: [libjvm.so+0x9a3bf0], sa_mask[0]=0x7ffbfeff, sa_flags=0x10000004
SIGFPE: [libjvm.so+0x81cb60], sa_mask[0]=0x7ffbfeff, sa_flags=0x10000004
SIGPIPE: [libjvm.so+0x81cb60], sa_mask[0]=0x7ffbfeff, sa_flags=0x10000004
SIGXFSZ: [libjvm.so+0x81cb60], sa_mask[0]=0x7ffbfeff, sa_flags=0x10000004
SIGILL: [libjvm.so+0x81cb60], sa_mask[0]=0x7ffbfeff, sa_flags=0x10000004
SIGUSR1: SIG_DFL, sa_mask[0]=0x00000000, sa_flags=0x00000000
SIGUSR2: [libjvm.so+0x81e360], sa_mask[0]=0x00000004, sa_flags=0x10000004
SIGHUP: [libjvm.so+0x81f480], sa_mask[0]=0x7ffbfeff, sa_flags=0x10000004
SIGINT: [libjvm.so+0x81f480], sa_mask[0]=0x7ffbfeff, sa_flags=0x10000004
SIGTERM: [libjvm.so+0x81f480], sa_mask[0]=0x7ffbfeff, sa_flags=0x10000004
SIGQUIT: [libjvm.so+0x81f480], sa_mask[0]=0x7ffbfeff, sa_flags=0x10000004


---------------  S Y S T E M  ---------------

OS:stretch/sid

uname:Linux 4.4.0-64-generic #85-Ubuntu SMP Mon Feb 20 11:50:30 UTC 2017 x86_64
libc:glibc 2.23 NPTL 2.23 
rlimit: STACK 8192k, CORE 0k, NPROC 62809, NOFILE 65536, AS infinity
load average:2.51 1.44 0.74

/proc/meminfo:
MemTotal:       16312852 kB
MemFree:         8319588 kB
MemAvailable:   12417024 kB
Buffers:          289404 kB
Cached:          4567512 kB
SwapCached:            0 kB
Active:          4743304 kB
Inactive:        2763808 kB
Active(anon):    2653828 kB
Inactive(anon):   698268 kB
Active(file):    2089476 kB
Inactive(file):  2065540 kB
Unevictable:         340 kB
Mlocked:             340 kB
SwapTotal:      16657404 kB
SwapFree:       16657404 kB
Dirty:              6824 kB
Writeback:             0 kB
AnonPages:       2650560 kB
Mapped:           484064 kB
Shmem:            701904 kB
Slab:             332460 kB
SReclaimable:     279660 kB
SUnreclaim:        52800 kB
KernelStack:       11824 kB
PageTables:        46280 kB
NFS_Unstable:          0 kB
Bounce:                0 kB
WritebackTmp:          0 kB
CommitLimit:    24813828 kB
Committed_AS:    9087792 kB
VmallocTotal:   34359738367 kB
VmallocUsed:           0 kB
VmallocChunk:          0 kB
HardwareCorrupted:     0 kB
AnonHugePages:    706560 kB
CmaTotal:              0 kB
CmaFree:               0 kB
HugePages_Total:       0
HugePages_Free:        0
HugePages_Rsvd:        0
HugePages_Surp:        0
Hugepagesize:       2048 kB
DirectMap4k:      245320 kB
DirectMap2M:     8024064 kB
DirectMap1G:     8388608 kB


CPU:total 8 (4 cores per cpu, 2 threads per core) family 6 model 60 stepping 3, cmov, cx8, fxsr, mmx, sse, sse2, sse3, ssse3, sse4.1, sse4.2, popcnt, avx, avx2, aes, erms, ht, tsc, tscinvbit

/proc/cpuinfo:
processor	: 0
vendor_id	: GenuineIntel
cpu family	: 6
model		: 60
model name	: Intel(R) Core(TM) i7-4700HQ CPU @ 2.40GHz
stepping	: 3
microcode	: 0x9
cpu MHz		: 3199.968
cache size	: 6144 KB
physical id	: 0
siblings	: 8
core id		: 0
cpu cores	: 4
apicid		: 0
initial apicid	: 0
fpu		: yes
fpu_exception	: yes
cpuid level	: 13
wp		: yes
flags		: fpu vme de pse tsc msr pae mce cx8 apic sep mtrr pge mca cmov pat pse36 clflush dts acpi mmx fxsr sse sse2 ss ht tm pbe syscall nx pdpe1gb rdtscp lm constant_tsc arch_perfmon pebs bts rep_good nopl xtopology nonstop_tsc aperfmperf eagerfpu pni pclmulqdq dtes64 monitor ds_cpl vmx est tm2 ssse3 sdbg fma cx16 xtpr pdcm pcid sse4_1 sse4_2 x2apic movbe popcnt tsc_deadline_timer aes xsave avx f16c rdrand lahf_lm abm epb tpr_shadow vnmi flexpriority ept vpid fsgsbase tsc_adjust bmi1 avx2 smep bmi2 erms invpcid xsaveopt dtherm ida arat pln pts
bugs		:
bogomips	: 4788.83
clflush size	: 64
cache_alignment	: 64
address sizes	: 39 bits physical, 48 bits virtual
power management:

processor	: 1
vendor_id	: GenuineIntel
cpu family	: 6
model		: 60
model name	: Intel(R) Core(TM) i7-4700HQ CPU @ 2.40GHz
stepping	: 3
microcode	: 0x9
cpu MHz		: 3199.968
cache size	: 6144 KB
physical id	: 0
siblings	: 8
core id		: 1
cpu cores	: 4
apicid		: 2
initial apicid	: 2
fpu		: yes
fpu_exception	: yes
cpuid level	: 13
wp		: yes
flags		: fpu vme de pse tsc msr pae mce cx8 apic sep mtrr pge mca cmov pat pse36 clflush dts acpi mmx fxsr sse sse2 ss ht tm pbe syscall nx pdpe1gb rdtscp lm constant_tsc arch_perfmon pebs bts rep_good nopl xtopology nonstop_tsc aperfmperf eagerfpu pni pclmulqdq dtes64 monitor ds_cpl vmx est tm2 ssse3 sdbg fma cx16 xtpr pdcm pcid sse4_1 sse4_2 x2apic movbe popcnt tsc_deadline_timer aes xsave avx f16c rdrand lahf_lm abm epb tpr_shadow vnmi flexpriority ept vpid fsgsbase tsc_adjust bmi1 avx2 smep bmi2 erms invpcid xsaveopt dtherm ida arat pln pts
bugs		:
bogomips	: 4788.83
clflush size	: 64
cache_alignment	: 64
address sizes	: 39 bits physical, 48 bits virtual
power management:

processor	: 2
vendor_id	: GenuineIntel
cpu family	: 6
model		: 60
model name	: Intel(R) Core(TM) i7-4700HQ CPU @ 2.40GHz
stepping	: 3
microcode	: 0x9
cpu MHz		: 3199.968
cache size	: 6144 KB
physical id	: 0
siblings	: 8
core id		: 2
cpu cores	: 4
apicid		: 4
initial apicid	: 4
fpu		: yes
fpu_exception	: yes
cpuid level	: 13
wp		: yes
flags		: fpu vme de pse tsc msr pae mce cx8 apic sep mtrr pge mca cmov pat pse36 clflush dts acpi mmx fxsr sse sse2 ss ht tm pbe syscall nx pdpe1gb rdtscp lm constant_tsc arch_perfmon pebs bts rep_good nopl xtopology nonstop_tsc aperfmperf eagerfpu pni pclmulqdq dtes64 monitor ds_cpl vmx est tm2 ssse3 sdbg fma cx16 xtpr pdcm pcid sse4_1 sse4_2 x2apic movbe popcnt tsc_deadline_timer aes xsave avx f16c rdrand lahf_lm abm epb tpr_shadow vnmi flexpriority ept vpid fsgsbase tsc_adjust bmi1 avx2 smep bmi2 erms invpcid xsaveopt dtherm ida arat pln pts
bugs		:
bogomips	: 4788.83
clflush size	: 64
cache_alignment	: 64
address sizes	: 39 bits physical, 48 bits virtual
power management:

processor	: 3
vendor_id	: GenuineIntel
cpu family	: 6
model		: 60
model name	: Intel(R) Core(TM) i7-4700HQ CPU @ 2.40GHz
stepping	: 3
microcode	: 0x9
cpu MHz		: 3201.281
cache size	: 6144 KB
physical id	: 0
siblings	: 8
core id		: 3
cpu cores	: 4
apicid		: 6
initial apicid	: 6
fpu		: yes
fpu_exception	: yes
cpuid level	: 13
wp		: yes
flags		: fpu vme de pse tsc msr pae mce cx8 apic sep mtrr pge mca cmov pat pse36 clflush dts acpi mmx fxsr sse sse2 ss ht tm pbe syscall nx pdpe1gb rdtscp lm constant_tsc arch_perfmon pebs bts rep_good nopl xtopology nonstop_tsc aperfmperf eagerfpu pni pclmulqdq dtes64 monitor ds_cpl vmx est tm2 ssse3 sdbg fma cx16 xtpr pdcm pcid sse4_1 sse4_2 x2apic movbe popcnt tsc_deadline_timer aes xsave avx f16c rdrand lahf_lm abm epb tpr_shadow vnmi flexpriority ept vpid fsgsbase tsc_adjust bmi1 avx2 smep bmi2 erms invpcid xsaveopt dtherm ida arat pln pts
bugs		:
bogomips	: 4788.83
clflush size	: 64
cache_alignment	: 64
address sizes	: 39 bits physical, 48 bits virtual
power management:

processor	: 4
vendor_id	: GenuineIntel
cpu family	: 6
model		: 60
model name	: Intel(R) Core(TM) i7-4700HQ CPU @ 2.40GHz
stepping	: 3
microcode	: 0x9
cpu MHz		: 3199.968
cache size	: 6144 KB
physical id	: 0
siblings	: 8
core id		: 0
cpu cores	: 4
apicid		: 1
initial apicid	: 1
fpu		: yes
fpu_exception	: yes
cpuid level	: 13
wp		: yes
flags		: fpu vme de pse tsc msr pae mce cx8 apic sep mtrr pge mca cmov pat pse36 clflush dts acpi mmx fxsr sse sse2 ss ht tm pbe syscall nx pdpe1gb rdtscp lm constant_tsc arch_perfmon pebs bts rep_good nopl xtopology nonstop_tsc aperfmperf eagerfpu pni pclmulqdq dtes64 monitor ds_cpl vmx est tm2 ssse3 sdbg fma cx16 xtpr pdcm pcid sse4_1 sse4_2 x2apic movbe popcnt tsc_deadline_timer aes xsave avx f16c rdrand lahf_lm abm epb tpr_shadow vnmi flexpriority ept vpid fsgsbase tsc_adjust bmi1 avx2 smep bmi2 erms invpcid xsaveopt dtherm ida arat pln pts
bugs		:
bogomips	: 4788.83
clflush size	: 64
cache_alignment	: 64
address sizes	: 39 bits physical, 48 bits virtual
power management:

processor	: 5
vendor_id	: GenuineIntel
cpu family	: 6
model		: 60
model name	: Intel(R) Core(TM) i7-4700HQ CPU @ 2.40GHz
stepping	: 3
microcode	: 0x9
cpu MHz		: 3199.968
cache size	: 6144 KB
physical id	: 0
siblings	: 8
core id		: 1
cpu cores	: 4
apicid		: 3
initial apicid	: 3
fpu		: yes
fpu_exception	: yes
cpuid level	: 13
wp		: yes
flags		: fpu vme de pse tsc msr pae mce cx8 apic sep mtrr pge mca cmov pat pse36 clflush dts acpi mmx fxsr sse sse2 ss ht tm pbe syscall nx pdpe1gb rdtscp lm constant_tsc arch_perfmon pebs bts rep_good nopl xtopology nonstop_tsc aperfmperf eagerfpu pni pclmulqdq dtes64 monitor ds_cpl vmx est tm2 ssse3 sdbg fma cx16 xtpr pdcm pcid sse4_1 sse4_2 x2apic movbe popcnt tsc_deadline_timer aes xsave avx f16c rdrand lahf_lm abm epb tpr_shadow vnmi flexpriority ept vpid fsgsbase tsc_adjust bmi1 avx2 smep bmi2 erms invpcid xsaveopt dtherm ida arat pln pts
bugs		:
bogomips	: 4788.83
clflush size	: 64
cache_alignment	: 64
address sizes	: 39 bits physical, 48 bits virtual
power management:

processor	: 6
vendor_id	: GenuineIntel
cpu family	: 6
model		: 60
model name	: Intel(R) Core(TM) i7-4700HQ CPU @ 2.40GHz
stepping	: 3
microcode	: 0x9
cpu MHz		: 3201.656
cache size	: 6144 KB
physical id	: 0
siblings	: 8
core id		: 2
cpu cores	: 4
apicid		: 5
initial apicid	: 5
fpu		: yes
fpu_exception	: yes
cpuid level	: 13
wp		: yes
flags		: fpu vme de pse tsc msr pae mce cx8 apic sep mtrr pge mca cmov pat pse36 clflush dts acpi mmx fxsr sse sse2 ss ht tm pbe syscall nx pdpe1gb rdtscp lm constant_tsc arch_perfmon pebs bts rep_good nopl xtopology nonstop_tsc aperfmperf eagerfpu pni pclmulqdq dtes64 monitor ds_cpl vmx est tm2 ssse3 sdbg fma cx16 xtpr pdcm pcid sse4_1 sse4_2 x2apic movbe popcnt tsc_deadline_timer aes xsave avx f16c rdrand lahf_lm abm epb tpr_shadow vnmi flexpriority ept vpid fsgsbase tsc_adjust bmi1 avx2 smep bmi2 erms invpcid xsaveopt dtherm ida arat pln pts
bugs		:
bogomips	: 4788.83
clflush size	: 64
cache_alignment	: 64
address sizes	: 39 bits physical, 48 bits virtual
power management:

processor	: 7
vendor_id	: GenuineIntel
cpu family	: 6
model		: 60
model name	: Intel(R) Core(TM) i7-4700HQ CPU @ 2.40GHz
stepping	: 3
microcode	: 0x9
cpu MHz		: 3206.906
cache size	: 6144 KB
physical id	: 0
siblings	: 8
core id		: 3
cpu cores	: 4
apicid		: 7
initial apicid	: 7
fpu		: yes
fpu_exception	: yes
cpuid level	: 13
wp		: yes
flags		: fpu vme de pse tsc msr pae mce cx8 apic sep mtrr pge mca cmov pat pse36 clflush dts acpi mmx fxsr sse sse2 ss ht tm pbe syscall nx pdpe1gb rdtscp lm constant_tsc arch_perfmon pebs bts rep_good nopl xtopology nonstop_tsc aperfmperf eagerfpu pni pclmulqdq dtes64 monitor ds_cpl vmx est tm2 ssse3 sdbg fma cx16 xtpr pdcm pcid sse4_1 sse4_2 x2apic movbe popcnt tsc_deadline_timer aes xsave avx f16c rdrand lahf_lm abm epb tpr_shadow vnmi flexpriority ept vpid fsgsbase tsc_adjust bmi1 avx2 smep bmi2 erms invpcid xsaveopt dtherm ida arat pln pts
bugs		:
bogomips	: 4788.83
clflush size	: 64
cache_alignment	: 64
address sizes	: 39 bits physical, 48 bits virtual
power management:



Memory: 4k page, physical 16312852k(8319588k free), swap 16657404k(16657404k free)

vm_info: Java HotSpot(TM) 64-Bit Server VM (24.79-b02) for linux-amd64 JRE (1.7.0_79-b15), built on Apr 10 2015 11:34:48 by "java_re" with gcc 4.3.0 20080428 (Red Hat 4.3.0-8)

time: Tue Mar  7 21:32:48 2017
elapsed time: 0 seconds

