#
# A fatal error has been detected by the Java Runtime Environment:
#
#  SIGILL (0x4) at pc=0x00007f38538e1341, pid=11395, tid=139879202600704
#
# JRE version: Java(TM) SE Runtime Environment (7.0_79-b15) (build 1.7.0_79-b15)
# Java VM: Java HotSpot(TM) 64-Bit Server VM (24.79-b02 mixed mode linux-amd64 compressed oops)
# Problematic frame:
# V  [libjvm.so+0x795341]  Matcher::match()+0x3d1
#
# Failed to write core dump. Core dumps have been disabled. To enable core dumping, try "ulimit -c unlimited" before starting Java again
#
# If you would like to submit a bug report, please visit:
#   http://bugreport.java.com/bugreport/crash.jsp
#

---------------  T H R E A D  ---------------

Current thread (0x00007f384c09d000):  JavaThread "C2 CompilerThread0" daemon [_thread_in_native, id=11415, stack(0x00007f382a1eb000,0x00007f382a2ec000)]

siginfo:si_signo=SIGILL: si_errno=0, si_code=2 (ILL_ILLOPN), si_addr=0x00007f38538e1341

Registers:
RAX=0x00007f380c00fb40, RBX=0x00007f382a2e6e70, RCX=0x00007f382a2e6e70, RDX=0x00007f382a2e6e70
RSP=0x00007f382a2e6d60, RBP=0x00007f382a2e6e60, RSI=0x00007f380c00fb20, RDI=0x00007f382a2e9190
R8 =0x0000000000000008, R9 =0x00007f3853f843c0, R10=0x0000000000000028, R11=0x00007f380c002228
R12=0x0000000000000004, R13=0x0000000000000001, R14=0x0000000000000000, R15=0x0000000000000000
RIP=0x00007f38538e1341, EFLAGS=0x0000000000010202, CSGSFS=0x0000000000000033, ERR=0x0000000000000000
  TRAPNO=0x0000000000000006

Top of Stack: (sp=0x00007f382a2e6d60)
0x00007f382a2e6d60:   0000000000000000 00007f3853f843c0
0x00007f382a2e6d70:   0000000000000000 00007f382a2e6e70
0x00007f382a2e6d80:   00007f380c00fb20 00000000000027d8
0x00007f382a2e6d90:   00007f382a2e77e0 00000006533ec6b3
0x00007f382a2e6da0:   0000000000000000 00007f38533ec48a
0x00007f382a2e6db0:   00007f380c00f8e8 00007f382a2e6df0
0x00007f382a2e6dc0:   00000000000027d8 00007f382a2e77e0
0x00007f382a2e6dd0:   0000000000100000 0000000000000000
0x00007f382a2e6de0:   0000000000000000 0000000000000000
0x00007f382a2e6df0:   0000000000000000 00007f382a2e6e70
0x00007f382a2e6e00:   0000000000000000 0000000000000000
0x00007f382a2e6e10:   0400000000000000 0000000000000000
0x00007f382a2e6e20:   0000000000000000 00007f382a2e7ac0
0x00007f382a2e6e30:   00007f382a2e6e60 00007f382a2e85f0
0x00007f382a2e6e40:   00007f382a2e9190 00007f382a2e6e70
0x00007f382a2e6e50:   00007f382a2e7ac0 00007f3853f6bd20
0x00007f382a2e6e60:   00007f382a2e8640 00007f385358fefa
0x00007f382a2e6e70:   00007f3853f497f0 0000000000000005
0x00007f382a2e6e80:   00007f382a2e9190 00007f384c09da50
0x00007f382a2e6e90:   00007f384c09da50 0000000000000004
0x00007f382a2e6ea0:   00007f380c00f8c0 00007f384c09da50
0x00007f382a2e6eb0:   0000000000000040 00007f380c00f8f0
0x00007f382a2e6ec0:   0000000000000000 0000000000000000
0x00007f382a2e6ed0:   0000000000000000 0000000000000000
0x00007f382a2e6ee0:   0000000000000000 0000000000000000
0x00007f382a2e6ef0:   0000000000000000 0000000000000000
0x00007f382a2e6f00:   0000000000000000 0000000000000000
0x00007f382a2e6f10:   0000000000000000 0000000000000000
0x00007f382a2e6f20:   0000000000000000 0000000000000000
0x00007f382a2e6f30:   0000000000000000 0000000000000000
0x00007f382a2e6f40:   0000000000000000 0000000000000000
0x00007f382a2e6f50:   0000000000000000 0000000000000000 

Instructions: (pc=0x00007f38538e1341)
0x00007f38538e1321:   00 00 00 00 c7 40 0c 00 00 00 00 c7 40 10 00 00
0x00007f38538e1331:   00 00 c7 40 14 00 00 00 00 c7 40 18 00 00 00 b0
0x00007f38538e1341:   06 ee b0 b0 3f ad 94 77 80 cd 94 00 00 00 c7 40
0x00007f38538e1351:   24 00 00 00 00 48 8b 8d 20 ff ff ff 4e 8b 64 b9 

Register to memory mapping:

RAX=0x00007f380c00fb40 is an unknown value
RBX=0x00007f382a2e6e70 is pointing into the stack for thread: 0x00007f384c09d000
RCX=0x00007f382a2e6e70 is pointing into the stack for thread: 0x00007f384c09d000
RDX=0x00007f382a2e6e70 is pointing into the stack for thread: 0x00007f384c09d000
RSP=0x00007f382a2e6d60 is pointing into the stack for thread: 0x00007f384c09d000
RBP=0x00007f382a2e6e60 is pointing into the stack for thread: 0x00007f384c09d000
RSI=0x00007f380c00fb20 is an unknown value
RDI=0x00007f382a2e9190 is pointing into the stack for thread: 0x00007f384c09d000
R8 =0x0000000000000008 is an unknown value
R9 =0x00007f3853f843c0: <offset 0xe383c0> in /home/capstone/installs/jdk1.7.0_79/jre/lib/amd64/server/libjvm.so at 0x00007f385314c000
R10=0x0000000000000028 is an unknown value
R11=0x00007f380c002228 is an unknown value
R12=0x0000000000000004 is an unknown value
R13=0x0000000000000001 is an unknown value
R14=0x0000000000000000 is an unknown value
R15=0x0000000000000000 is an unknown value


Stack: [0x00007f382a1eb000,0x00007f382a2ec000],  sp=0x00007f382a2e6d60,  free space=1007k
Native frames: (J=compiled Java code, j=interpreted, Vv=VM code, C=native code)
V  [libjvm.so+0x795341]  Matcher::match()+0x3d1
V  [libjvm.so+0x443efa]  Compile::Code_Gen()+0x12a
V  [libjvm.so+0x444a8d]  Compile::Compile(ciEnv*, TypeFunc const* (*)(), unsigned char*, char const*, int, bool, bool, bool)+0x7bd
V  [libjvm.so+0x8abe19]  OptoRuntime::generate_stub(ciEnv*, TypeFunc const* (*)(), unsigned char*, char const*, int, bool, bool, bool)+0xd9
V  [libjvm.so+0x8abff6]  OptoRuntime::generate(ciEnv*)+0x46
V  [libjvm.so+0x3b19d9]  C2Compiler::initialize_runtime()+0x119
V  [libjvm.so+0x1eabe3]  AbstractCompiler::initialize_runtimes(void (*)(), int volatile*)+0x1c3
V  [libjvm.so+0x3b18aa]  C2Compiler::initialize()+0x2a
V  [libjvm.so+0x3b1d1e]  C2Compiler::compile_method(ciEnv*, ciMethod*, int)+0x31e
V  [libjvm.so+0x44ec6e]  CompileBroker::invoke_compiler_on_method(CompileTask*)+0x33e
V  [libjvm.so+0x44fa4d]  CompileBroker::compiler_thread_loop()+0x43d
V  [libjvm.so+0x95c11f]  JavaThread::thread_main_inner()+0xdf
V  [libjvm.so+0x95c225]  JavaThread::run()+0xf5
V  [libjvm.so+0x821ca8]  java_start(Thread*)+0x108


Current CompileTask:
C2:     58    1             java.lang.String::indexOf (70 bytes)


---------------  P R O C E S S  ---------------

Java Threads: ( => current thread )
  0x00007f384c0a2800 JavaThread "Service Thread" daemon [_thread_blocked, id=11417, stack(0x00007f3829fe9000,0x00007f382a0ea000)]
  0x00007f384c0a0000 JavaThread "C2 CompilerThread1" daemon [_thread_blocked, id=11416, stack(0x00007f382a0ea000,0x00007f382a1eb000)]
=>0x00007f384c09d000 JavaThread "C2 CompilerThread0" daemon [_thread_in_native, id=11415, stack(0x00007f382a1eb000,0x00007f382a2ec000)]
  0x00007f384c09b000 JavaThread "Signal Dispatcher" daemon [_thread_blocked, id=11414, stack(0x00007f382a2ec000,0x00007f382a3ed000)]
  0x00007f384c079800 JavaThread "Finalizer" daemon [_thread_blocked, id=11413, stack(0x00007f382adac000,0x00007f382aead000)]
  0x00007f384c077800 JavaThread "Reference Handler" daemon [_thread_blocked, id=11412, stack(0x00007f382aead000,0x00007f382afae000)]
  0x00007f384c00b000 JavaThread "main" [_thread_in_Java, id=11396, stack(0x00007f3854ac6000,0x00007f3854bc7000)]

Other Threads:
  0x00007f384c073800 VMThread [stack: 0x00007f382afae000,0x00007f382b0af000] [id=11411]
  0x00007f384c0ad000 WatcherThread [stack: 0x00007f3829ee8000,0x00007f3829fe9000] [id=11418]

VM state:not at safepoint (normal execution)

VM Mutex/Monitor currently owned by a thread: None

Heap
 PSYoungGen      total 74752K, used 2580K [0x00000007ad000000, 0x00000007b2300000, 0x0000000800000000)
  eden space 64512K, 4% used [0x00000007ad000000,0x00000007ad2852d8,0x00000007b0f00000)
  from space 10240K, 0% used [0x00000007b1900000,0x00000007b1900000,0x00000007b2300000)
  to   space 10240K, 0% used [0x00000007b0f00000,0x00000007b0f00000,0x00000007b1900000)
 ParOldGen       total 169984K, used 0K [0x0000000707000000, 0x0000000711600000, 0x00000007ad000000)
  object space 169984K, 0% used [0x0000000707000000,0x0000000707000000,0x0000000711600000)
 PSPermGen       total 21504K, used 2457K [0x0000000701e00000, 0x0000000703300000, 0x0000000707000000)
  object space 21504K, 11% used [0x0000000701e00000,0x0000000702066470,0x0000000703300000)

Card table byte_map: [0x00007f38515b5000,0x00007f3851da7000] byte_map_base: 0x00007f384dda6000

Polling page: 0x00007f3854be9000

Code Cache  [0x00007f3849000000, 0x00007f3849270000, 0x00007f384c000000)
 total_blobs=167 nmethods=0 adapters=135 free_code_cache=48773Kb largest_free_block=49941376

Compilation events (1 events):
Event: 0.052 Thread 0x00007f384c09d000    1             java.lang.String::indexOf (70 bytes)

GC Heap History (0 events):
No events

Deoptimization events (0 events):
No events

Internal exceptions (2 events):
Event: 0.015 Thread 0x00007f384c00b000 Threw 0x00000007ad00f178 at /HUDSON/workspace/7u-2-build-linux-amd64/jdk7u79/2331/hotspot/src/share/vm/prims/jni.cpp:3991
Event: 0.047 Thread 0x00007f384c00b000 Threw 0x00000007ad0571c8 at /HUDSON/workspace/7u-2-build-linux-amd64/jdk7u79/2331/hotspot/src/share/vm/prims/jvm.cpp:1304

Events (10 events):
Event: 0.051 loading class 0x00007f3848fd4390
Event: 0.051 loading class 0x00007f3848fd4390 done
Event: 0.052 loading class 0x00007f384c0a6e50
Event: 0.052 loading class 0x00007f384c0a6e50 done
Event: 0.052 loading class 0x00007f3848fd44b0
Event: 0.052 loading class 0x00007f384c0a7030
Event: 0.052 loading class 0x00007f384c0a7030 done
Event: 0.052 loading class 0x00007f3848fd44b0 done
Event: 0.052 loading class 0x00007f3848fd5c00
Event: 0.052 loading class 0x00007f3848fd5c00 done


Dynamic libraries:
00400000-00401000 r-xp 00000000 08:02 6567276                            /home/capstone/installs/jdk1.7.0_79/bin/java
00600000-00601000 rw-p 00000000 08:02 6567276                            /home/capstone/installs/jdk1.7.0_79/bin/java
01d60000-01d81000 rw-p 00000000 00:00 0                                  [heap]
701e00000-703300000 rw-p 00000000 00:00 0 
703300000-707000000 rw-p 00000000 00:00 0 
707000000-711600000 rw-p 00000000 00:00 0 
711600000-7ad000000 rw-p 00000000 00:00 0 
7ad000000-7b2300000 rw-p 00000000 00:00 0 
7b2300000-800000000 rw-p 00000000 00:00 0 
7f37f8000000-7f37f8021000 rw-p 00000000 00:00 0 
7f37f8021000-7f37fc000000 ---p 00000000 00:00 0 
7f3800000000-7f3800021000 rw-p 00000000 00:00 0 
7f3800021000-7f3804000000 ---p 00000000 00:00 0 
7f3804000000-7f3804021000 rw-p 00000000 00:00 0 
7f3804021000-7f3808000000 ---p 00000000 00:00 0 
7f3808000000-7f3808021000 rw-p 00000000 00:00 0 
7f3808021000-7f380c000000 ---p 00000000 00:00 0 
7f380c000000-7f380c02c000 rw-p 00000000 00:00 0 
7f380c02c000-7f3810000000 ---p 00000000 00:00 0 
7f3810000000-7f3810021000 rw-p 00000000 00:00 0 
7f3810021000-7f3814000000 ---p 00000000 00:00 0 
7f3814000000-7f3814021000 rw-p 00000000 00:00 0 
7f3814021000-7f3818000000 ---p 00000000 00:00 0 
7f3818000000-7f3818021000 rw-p 00000000 00:00 0 
7f3818021000-7f381c000000 ---p 00000000 00:00 0 
7f381c0f0000-7f3824000000 rw-p 00000000 00:00 0 
7f3824000000-7f3824021000 rw-p 00000000 00:00 0 
7f3824021000-7f3828000000 ---p 00000000 00:00 0 
7f3829ca0000-7f3829ee8000 rw-p 00000000 00:00 0 
7f3829ee8000-7f3829ee9000 ---p 00000000 00:00 0 
7f3829ee9000-7f3829fe9000 rw-p 00000000 00:00 0 
7f3829fe9000-7f3829fec000 ---p 00000000 00:00 0 
7f3829fec000-7f382a0ea000 rw-p 00000000 00:00 0 
7f382a0ea000-7f382a0ed000 ---p 00000000 00:00 0 
7f382a0ed000-7f382a1eb000 rw-p 00000000 00:00 0 
7f382a1eb000-7f382a1ee000 ---p 00000000 00:00 0 
7f382a1ee000-7f382a2ec000 rw-p 00000000 00:00 0 
7f382a2ec000-7f382a2ef000 ---p 00000000 00:00 0 
7f382a2ef000-7f382a3ed000 rw-p 00000000 00:00 0 
7f382a3ed000-7f382adac000 r--p 00000000 08:02 33101599                   /usr/lib/locale/locale-archive
7f382adac000-7f382adaf000 ---p 00000000 00:00 0 
7f382adaf000-7f382aead000 rw-p 00000000 00:00 0 
7f382aead000-7f382aeb0000 ---p 00000000 00:00 0 
7f382aeb0000-7f382afae000 rw-p 00000000 00:00 0 
7f382afae000-7f382afaf000 ---p 00000000 00:00 0 
7f382afaf000-7f382c000000 rw-p 00000000 00:00 0 
7f382c000000-7f382c021000 rw-p 00000000 00:00 0 
7f382c021000-7f3830000000 ---p 00000000 00:00 0 
7f3830000000-7f3830021000 rw-p 00000000 00:00 0 
7f3830021000-7f3834000000 ---p 00000000 00:00 0 
7f3834000000-7f3834021000 rw-p 00000000 00:00 0 
7f3834021000-7f3838000000 ---p 00000000 00:00 0 
7f3838000000-7f3838021000 rw-p 00000000 00:00 0 
7f3838021000-7f383c000000 ---p 00000000 00:00 0 
7f383c000000-7f383c021000 rw-p 00000000 00:00 0 
7f383c021000-7f3840000000 ---p 00000000 00:00 0 
7f3840000000-7f3840021000 rw-p 00000000 00:00 0 
7f3840021000-7f3844000000 ---p 00000000 00:00 0 
7f3844000000-7f3844021000 rw-p 00000000 00:00 0 
7f3844021000-7f3848000000 ---p 00000000 00:00 0 
7f3848009000-7f3848d47000 rw-p 00000000 00:00 0 
7f3848d47000-7f3848f07000 r--s 039f7000 08:02 6438489                    /home/capstone/installs/jdk1.7.0_79/jre/lib/rt.jar
7f3848f07000-7f3849000000 rw-p 00000000 00:00 0 
7f3849000000-7f3849270000 rwxp 00000000 00:00 0 
7f3849270000-7f384c0ce000 rw-p 00000000 00:00 0 
7f384c0ce000-7f3850000000 ---p 00000000 00:00 0 
7f3850013000-7f3850854000 rw-p 00000000 00:00 0 
7f3850854000-7f3850855000 ---p 00000000 00:00 0 
7f3850855000-7f3850955000 rw-p 00000000 00:00 0 
7f3850955000-7f3850956000 ---p 00000000 00:00 0 
7f3850956000-7f3850a56000 rw-p 00000000 00:00 0 
7f3850a56000-7f3850a57000 ---p 00000000 00:00 0 
7f3850a57000-7f3850b57000 rw-p 00000000 00:00 0 
7f3850b57000-7f3850b58000 ---p 00000000 00:00 0 
7f3850b58000-7f3850c58000 rw-p 00000000 00:00 0 
7f3850c58000-7f3850c59000 ---p 00000000 00:00 0 
7f3850c59000-7f3850d59000 rw-p 00000000 00:00 0 
7f3850d59000-7f3850d5a000 ---p 00000000 00:00 0 
7f3850d5a000-7f3850e5a000 rw-p 00000000 00:00 0 
7f3850e5a000-7f3850e5b000 ---p 00000000 00:00 0 
7f3850e5b000-7f3850f5b000 rw-p 00000000 00:00 0 
7f3850f5b000-7f3850f5c000 ---p 00000000 00:00 0 
7f3850f5c000-7f3851067000 rw-p 00000000 00:00 0 
7f3851067000-7f3851085000 rw-p 00000000 00:00 0 
7f3851085000-7f38510d8000 rw-p 00000000 00:00 0 
7f38510d8000-7f38515b5000 rw-p 00000000 00:00 0 
7f38515b5000-7f38515c0000 rw-p 00000000 00:00 0 
7f38515c0000-7f38515de000 rw-p 00000000 00:00 0 
7f38515de000-7f3851631000 rw-p 00000000 00:00 0 
7f3851631000-7f3851b0e000 rw-p 00000000 00:00 0 
7f3851b0e000-7f3851b38000 rw-p 00000000 00:00 0 
7f3851b38000-7f3851da6000 rw-p 00000000 00:00 0 
7f3851da6000-7f3851da7000 rw-p 00000000 00:00 0 
7f3851da7000-7f3851dc1000 r-xp 00000000 08:02 6437836                    /home/capstone/installs/jdk1.7.0_79/jre/lib/amd64/libzip.so
7f3851dc1000-7f3851fc1000 ---p 0001a000 08:02 6437836                    /home/capstone/installs/jdk1.7.0_79/jre/lib/amd64/libzip.so
7f3851fc1000-7f3851fc2000 rw-p 0001a000 08:02 6437836                    /home/capstone/installs/jdk1.7.0_79/jre/lib/amd64/libzip.so
7f3851fc2000-7f3851fcd000 r-xp 00000000 08:02 16288543                   /lib/x86_64-linux-gnu/libnss_files-2.23.so
7f3851fcd000-7f38521cc000 ---p 0000b000 08:02 16288543                   /lib/x86_64-linux-gnu/libnss_files-2.23.so
7f38521cc000-7f38521cd000 r--p 0000a000 08:02 16288543                   /lib/x86_64-linux-gnu/libnss_files-2.23.so
7f38521cd000-7f38521ce000 rw-p 0000b000 08:02 16288543                   /lib/x86_64-linux-gnu/libnss_files-2.23.so
7f38521ce000-7f38521d4000 rw-p 00000000 00:00 0 
7f38521d4000-7f38521df000 r-xp 00000000 08:02 16288528                   /lib/x86_64-linux-gnu/libnss_nis-2.23.so
7f38521df000-7f38523de000 ---p 0000b000 08:02 16288528                   /lib/x86_64-linux-gnu/libnss_nis-2.23.so
7f38523de000-7f38523df000 r--p 0000a000 08:02 16288528                   /lib/x86_64-linux-gnu/libnss_nis-2.23.so
7f38523df000-7f38523e0000 rw-p 0000b000 08:02 16288528                   /lib/x86_64-linux-gnu/libnss_nis-2.23.so
7f38523e0000-7f38523f6000 r-xp 00000000 08:02 16288539                   /lib/x86_64-linux-gnu/libnsl-2.23.so
7f38523f6000-7f38525f5000 ---p 00016000 08:02 16288539                   /lib/x86_64-linux-gnu/libnsl-2.23.so
7f38525f5000-7f38525f6000 r--p 00015000 08:02 16288539                   /lib/x86_64-linux-gnu/libnsl-2.23.so
7f38525f6000-7f38525f7000 rw-p 00016000 08:02 16288539                   /lib/x86_64-linux-gnu/libnsl-2.23.so
7f38525f7000-7f38525f9000 rw-p 00000000 00:00 0 
7f38525f9000-7f3852601000 r-xp 00000000 08:02 16288540                   /lib/x86_64-linux-gnu/libnss_compat-2.23.so
7f3852601000-7f3852800000 ---p 00008000 08:02 16288540                   /lib/x86_64-linux-gnu/libnss_compat-2.23.so
7f3852800000-7f3852801000 r--p 00007000 08:02 16288540                   /lib/x86_64-linux-gnu/libnss_compat-2.23.so
7f3852801000-7f3852802000 rw-p 00008000 08:02 16288540                   /lib/x86_64-linux-gnu/libnss_compat-2.23.so
7f3852802000-7f385282b000 r-xp 00000000 08:02 6437802                    /home/capstone/installs/jdk1.7.0_79/jre/lib/amd64/libjava.so
7f385282b000-7f3852a2b000 ---p 00029000 08:02 6437802                    /home/capstone/installs/jdk1.7.0_79/jre/lib/amd64/libjava.so
7f3852a2b000-7f3852a2d000 rw-p 00029000 08:02 6437802                    /home/capstone/installs/jdk1.7.0_79/jre/lib/amd64/libjava.so
7f3852a2d000-7f3852a3a000 r-xp 00000000 08:02 6437829                    /home/capstone/installs/jdk1.7.0_79/jre/lib/amd64/libverify.so
7f3852a3a000-7f3852c39000 ---p 0000d000 08:02 6437829                    /home/capstone/installs/jdk1.7.0_79/jre/lib/amd64/libverify.so
7f3852c39000-7f3852c3b000 rw-p 0000c000 08:02 6437829                    /home/capstone/installs/jdk1.7.0_79/jre/lib/amd64/libverify.so
7f3852c3b000-7f3852c42000 r-xp 00000000 08:02 16288527                   /lib/x86_64-linux-gnu/librt-2.23.so
7f3852c42000-7f3852e41000 ---p 00007000 08:02 16288527                   /lib/x86_64-linux-gnu/librt-2.23.so
7f3852e41000-7f3852e42000 r--p 00006000 08:02 16288527                   /lib/x86_64-linux-gnu/librt-2.23.so
7f3852e42000-7f3852e43000 rw-p 00007000 08:02 16288527                   /lib/x86_64-linux-gnu/librt-2.23.so
7f3852e43000-7f3852f4b000 r-xp 00000000 08:02 16288537                   /lib/x86_64-linux-gnu/libm-2.23.so
7f3852f4b000-7f385314a000 ---p 00108000 08:02 16288537                   /lib/x86_64-linux-gnu/libm-2.23.so
7f385314a000-7f385314b000 r--p 00107000 08:02 16288537                   /lib/x86_64-linux-gnu/libm-2.23.so
7f385314b000-7f385314c000 rw-p 00108000 08:02 16288537                   /lib/x86_64-linux-gnu/libm-2.23.so
7f385314c000-7f3853cc1000 r-xp 00000000 08:02 6437856                    /home/capstone/installs/jdk1.7.0_79/jre/lib/amd64/server/libjvm.so
7f3853cc1000-7f3853ec1000 ---p 00b75000 08:02 6437856                    /home/capstone/installs/jdk1.7.0_79/jre/lib/amd64/server/libjvm.so
7f3853ec1000-7f3853f85000 rw-p 00b75000 08:02 6437856                    /home/capstone/installs/jdk1.7.0_79/jre/lib/amd64/server/libjvm.so
7f3853f85000-7f3853fc6000 rw-p 00000000 00:00 0 
7f3853fc6000-7f3854185000 r-xp 00000000 08:02 16288532                   /lib/x86_64-linux-gnu/libc-2.23.so
7f3854185000-7f3854385000 ---p 001bf000 08:02 16288532                   /lib/x86_64-linux-gnu/libc-2.23.so
7f3854385000-7f3854389000 r--p 001bf000 08:02 16288532                   /lib/x86_64-linux-gnu/libc-2.23.so
7f3854389000-7f385438b000 rw-p 001c3000 08:02 16288532                   /lib/x86_64-linux-gnu/libc-2.23.so
7f385438b000-7f385438f000 rw-p 00000000 00:00 0 
7f385438f000-7f3854392000 r-xp 00000000 08:02 16288531                   /lib/x86_64-linux-gnu/libdl-2.23.so
7f3854392000-7f3854591000 ---p 00003000 08:02 16288531                   /lib/x86_64-linux-gnu/libdl-2.23.so
7f3854591000-7f3854592000 r--p 00002000 08:02 16288531                   /lib/x86_64-linux-gnu/libdl-2.23.so
7f3854592000-7f3854593000 rw-p 00003000 08:02 16288531                   /lib/x86_64-linux-gnu/libdl-2.23.so
7f3854593000-7f38545a9000 r-xp 00000000 08:02 6438537                    /home/capstone/installs/jdk1.7.0_79/lib/amd64/jli/libjli.so
7f38545a9000-7f38547a9000 ---p 00016000 08:02 6438537                    /home/capstone/installs/jdk1.7.0_79/lib/amd64/jli/libjli.so
7f38547a9000-7f38547aa000 rw-p 00016000 08:02 6438537                    /home/capstone/installs/jdk1.7.0_79/lib/amd64/jli/libjli.so
7f38547aa000-7f38547c2000 r-xp 00000000 08:02 16288538                   /lib/x86_64-linux-gnu/libpthread-2.23.so
7f38547c2000-7f38549c1000 ---p 00018000 08:02 16288538                   /lib/x86_64-linux-gnu/libpthread-2.23.so
7f38549c1000-7f38549c2000 r--p 00017000 08:02 16288538                   /lib/x86_64-linux-gnu/libpthread-2.23.so
7f38549c2000-7f38549c3000 rw-p 00018000 08:02 16288538                   /lib/x86_64-linux-gnu/libpthread-2.23.so
7f38549c3000-7f38549c7000 rw-p 00000000 00:00 0 
7f38549c7000-7f38549ed000 r-xp 00000000 08:02 16288521                   /lib/x86_64-linux-gnu/ld-2.23.so
7f38549fe000-7f3854a06000 r--s 00045000 08:02 6829082                    /home/capstone/.m2/repository/junit/junit/4.12/junit-4.12.jar
7f3854a06000-7f3854a10000 rw-p 00000000 00:00 0 
7f3854a10000-7f3854ac6000 rw-p 00000000 00:00 0 
7f3854ac6000-7f3854ac9000 ---p 00000000 00:00 0 
7f3854ac9000-7f3854bcb000 rw-p 00000000 00:00 0 
7f3854bce000-7f3854bd3000 r--s 00034000 08:02 7224931                    /home/capstone/.m2/repository/com/google/code/gson/gson/2.8.0/gson-2.8.0.jar
7f3854bd3000-7f3854bd7000 r--s 00016000 08:02 7225212                    /home/capstone/.m2/repository/org/tukaani/xz/1.6/xz-1.6.jar
7f3854bd7000-7f3854be0000 r--s 0006a000 08:02 7224476                    /home/capstone/.m2/repository/org/apache/commons/commons-compress/1.13/commons-compress-1.13.jar
7f3854be0000-7f3854be8000 rw-s 00000000 08:02 17337038                   /tmp/hsperfdata_capstone/11395
7f3854be8000-7f3854be9000 rw-p 00000000 00:00 0 
7f3854be9000-7f3854bea000 r--p 00000000 00:00 0 
7f3854bea000-7f3854bec000 rw-p 00000000 00:00 0 
7f3854bec000-7f3854bed000 r--p 00025000 08:02 16288521                   /lib/x86_64-linux-gnu/ld-2.23.so
7f3854bed000-7f3854bee000 rw-p 00026000 08:02 16288521                   /lib/x86_64-linux-gnu/ld-2.23.so
7f3854bee000-7f3854bef000 rw-p 00000000 00:00 0 
7ffc7322c000-7ffc7324e000 rw-p 00000000 00:00 0                          [stack]
7ffc732e3000-7ffc732e5000 r--p 00000000 00:00 0                          [vvar]
7ffc732e5000-7ffc732e7000 r-xp 00000000 00:00 0                          [vdso]
ffffffffff600000-ffffffffff601000 r-xp 00000000 00:00 0                  [vsyscall]

VM Arguments:
jvm_args: -ea -Dfile.encoding=UTF-8 
java_command: org.eclipse.jdt.internal.junit.runner.RemoteTestRunner -version 3 -port 40277 -testLoaderClass org.eclipse.jdt.internal.junit4.runner.JUnit4TestLoader -loaderpluginname org.eclipse.jdt.junit4.runtime -classNames com.alanbuttars.commons.compress.stub.compress.CompressTest
Launcher Type: SUN_STANDARD

Environment Variables:
JAVA_HOME=/home/capstone/installs/jdk1.8.0_111
PATH=/home/capstone/bin:/usr/local/sbin:/usr/local/bin:/usr/sbin:/usr/bin:/sbin:/bin:/usr/games:/usr/local/games:$JAVA_HOME/bin:/snap/bin
SHELL=/usr/bin/zsh
DISPLAY=:0

Signal Handlers:
SIGSEGV: [libjvm.so+0x9a3bf0], sa_mask[0]=0x7ffbfeff, sa_flags=0x10000004
SIGBUS: [libjvm.so+0x9a3bf0], sa_mask[0]=0x7ffbfeff, sa_flags=0x10000004
SIGFPE: [libjvm.so+0x81cb60], sa_mask[0]=0x7ffbfeff, sa_flags=0x10000004
SIGPIPE: [libjvm.so+0x81cb60], sa_mask[0]=0x7ffbfeff, sa_flags=0x10000004
SIGXFSZ: [libjvm.so+0x81cb60], sa_mask[0]=0x7ffbfeff, sa_flags=0x10000004
SIGILL: [libjvm.so+0x81cb60], sa_mask[0]=0x7ffbfeff, sa_flags=0x10000004
SIGUSR1: SIG_DFL, sa_mask[0]=0x00000000, sa_flags=0x00000000
SIGUSR2: [libjvm.so+0x81e360], sa_mask[0]=0x00000004, sa_flags=0x10000004
SIGHUP: [libjvm.so+0x81f480], sa_mask[0]=0x7ffbfeff, sa_flags=0x10000004
SIGINT: [libjvm.so+0x81f480], sa_mask[0]=0x7ffbfeff, sa_flags=0x10000004
SIGTERM: [libjvm.so+0x81f480], sa_mask[0]=0x7ffbfeff, sa_flags=0x10000004
SIGQUIT: [libjvm.so+0x81f480], sa_mask[0]=0x7ffbfeff, sa_flags=0x10000004


---------------  S Y S T E M  ---------------

OS:stretch/sid

uname:Linux 4.4.0-64-generic #85-Ubuntu SMP Mon Feb 20 11:50:30 UTC 2017 x86_64
libc:glibc 2.23 NPTL 2.23 
rlimit: STACK 8192k, CORE 0k, NPROC 62809, NOFILE 65536, AS infinity
load average:0.73 1.05 0.82

/proc/meminfo:
MemTotal:       16312852 kB
MemFree:         8024336 kB
MemAvailable:   12106520 kB
Buffers:          289692 kB
Cached:          4553688 kB
SwapCached:            0 kB
Active:          5008232 kB
Inactive:        2789396 kB
Active(anon):    2957912 kB
Inactive(anon):   700216 kB
Active(file):    2050320 kB
Inactive(file):  2089180 kB
Unevictable:         340 kB
Mlocked:             340 kB
SwapTotal:      16657404 kB
SwapFree:       16657404 kB
Dirty:              6176 kB
Writeback:           776 kB
AnonPages:       2954600 kB
Mapped:           531512 kB
Shmem:            703792 kB
Slab:             332800 kB
SReclaimable:     279924 kB
SUnreclaim:        52876 kB
KernelStack:       12608 kB
PageTables:        49392 kB
NFS_Unstable:          0 kB
Bounce:                0 kB
WritebackTmp:          0 kB
CommitLimit:    24813828 kB
Committed_AS:    9664536 kB
VmallocTotal:   34359738367 kB
VmallocUsed:           0 kB
VmallocChunk:          0 kB
HardwareCorrupted:     0 kB
AnonHugePages:    874496 kB
CmaTotal:              0 kB
CmaFree:               0 kB
HugePages_Total:       0
HugePages_Free:        0
HugePages_Rsvd:        0
HugePages_Surp:        0
Hugepagesize:       2048 kB
DirectMap4k:      245320 kB
DirectMap2M:     8024064 kB
DirectMap1G:     8388608 kB


CPU:total 8 (4 cores per cpu, 2 threads per core) family 6 model 60 stepping 3, cmov, cx8, fxsr, mmx, sse, sse2, sse3, ssse3, sse4.1, sse4.2, popcnt, avx, avx2, aes, erms, ht, tsc, tscinvbit

/proc/cpuinfo:
processor	: 0
vendor_id	: GenuineIntel
cpu family	: 6
model		: 60
model name	: Intel(R) Core(TM) i7-4700HQ CPU @ 2.40GHz
stepping	: 3
microcode	: 0x9
cpu MHz		: 3199.968
cache size	: 6144 KB
physical id	: 0
siblings	: 8
core id		: 0
cpu cores	: 4
apicid		: 0
initial apicid	: 0
fpu		: yes
fpu_exception	: yes
cpuid level	: 13
wp		: yes
flags		: fpu vme de pse tsc msr pae mce cx8 apic sep mtrr pge mca cmov pat pse36 clflush dts acpi mmx fxsr sse sse2 ss ht tm pbe syscall nx pdpe1gb rdtscp lm constant_tsc arch_perfmon pebs bts rep_good nopl xtopology nonstop_tsc aperfmperf eagerfpu pni pclmulqdq dtes64 monitor ds_cpl vmx est tm2 ssse3 sdbg fma cx16 xtpr pdcm pcid sse4_1 sse4_2 x2apic movbe popcnt tsc_deadline_timer aes xsave avx f16c rdrand lahf_lm abm epb tpr_shadow vnmi flexpriority ept vpid fsgsbase tsc_adjust bmi1 avx2 smep bmi2 erms invpcid xsaveopt dtherm ida arat pln pts
bugs		:
bogomips	: 4788.83
clflush size	: 64
cache_alignment	: 64
address sizes	: 39 bits physical, 48 bits virtual
power management:

processor	: 1
vendor_id	: GenuineIntel
cpu family	: 6
model		: 60
model name	: Intel(R) Core(TM) i7-4700HQ CPU @ 2.40GHz
stepping	: 3
microcode	: 0x9
cpu MHz		: 3199.968
cache size	: 6144 KB
physical id	: 0
siblings	: 8
core id		: 1
cpu cores	: 4
apicid		: 2
initial apicid	: 2
fpu		: yes
fpu_exception	: yes
cpuid level	: 13
wp		: yes
flags		: fpu vme de pse tsc msr pae mce cx8 apic sep mtrr pge mca cmov pat pse36 clflush dts acpi mmx fxsr sse sse2 ss ht tm pbe syscall nx pdpe1gb rdtscp lm constant_tsc arch_perfmon pebs bts rep_good nopl xtopology nonstop_tsc aperfmperf eagerfpu pni pclmulqdq dtes64 monitor ds_cpl vmx est tm2 ssse3 sdbg fma cx16 xtpr pdcm pcid sse4_1 sse4_2 x2apic movbe popcnt tsc_deadline_timer aes xsave avx f16c rdrand lahf_lm abm epb tpr_shadow vnmi flexpriority ept vpid fsgsbase tsc_adjust bmi1 avx2 smep bmi2 erms invpcid xsaveopt dtherm ida arat pln pts
bugs		:
bogomips	: 4788.83
clflush size	: 64
cache_alignment	: 64
address sizes	: 39 bits physical, 48 bits virtual
power management:

processor	: 2
vendor_id	: GenuineIntel
cpu family	: 6
model		: 60
model name	: Intel(R) Core(TM) i7-4700HQ CPU @ 2.40GHz
stepping	: 3
microcode	: 0x9
cpu MHz		: 3199.968
cache size	: 6144 KB
physical id	: 0
siblings	: 8
core id		: 2
cpu cores	: 4
apicid		: 4
initial apicid	: 4
fpu		: yes
fpu_exception	: yes
cpuid level	: 13
wp		: yes
flags		: fpu vme de pse tsc msr pae mce cx8 apic sep mtrr pge mca cmov pat pse36 clflush dts acpi mmx fxsr sse sse2 ss ht tm pbe syscall nx pdpe1gb rdtscp lm constant_tsc arch_perfmon pebs bts rep_good nopl xtopology nonstop_tsc aperfmperf eagerfpu pni pclmulqdq dtes64 monitor ds_cpl vmx est tm2 ssse3 sdbg fma cx16 xtpr pdcm pcid sse4_1 sse4_2 x2apic movbe popcnt tsc_deadline_timer aes xsave avx f16c rdrand lahf_lm abm epb tpr_shadow vnmi flexpriority ept vpid fsgsbase tsc_adjust bmi1 avx2 smep bmi2 erms invpcid xsaveopt dtherm ida arat pln pts
bugs		:
bogomips	: 4788.83
clflush size	: 64
cache_alignment	: 64
address sizes	: 39 bits physical, 48 bits virtual
power management:

processor	: 3
vendor_id	: GenuineIntel
cpu family	: 6
model		: 60
model name	: Intel(R) Core(TM) i7-4700HQ CPU @ 2.40GHz
stepping	: 3
microcode	: 0x9
cpu MHz		: 3199.968
cache size	: 6144 KB
physical id	: 0
siblings	: 8
core id		: 3
cpu cores	: 4
apicid		: 6
initial apicid	: 6
fpu		: yes
fpu_exception	: yes
cpuid level	: 13
wp		: yes
flags		: fpu vme de pse tsc msr pae mce cx8 apic sep mtrr pge mca cmov pat pse36 clflush dts acpi mmx fxsr sse sse2 ss ht tm pbe syscall nx pdpe1gb rdtscp lm constant_tsc arch_perfmon pebs bts rep_good nopl xtopology nonstop_tsc aperfmperf eagerfpu pni pclmulqdq dtes64 monitor ds_cpl vmx est tm2 ssse3 sdbg fma cx16 xtpr pdcm pcid sse4_1 sse4_2 x2apic movbe popcnt tsc_deadline_timer aes xsave avx f16c rdrand lahf_lm abm epb tpr_shadow vnmi flexpriority ept vpid fsgsbase tsc_adjust bmi1 avx2 smep bmi2 erms invpcid xsaveopt dtherm ida arat pln pts
bugs		:
bogomips	: 4788.83
clflush size	: 64
cache_alignment	: 64
address sizes	: 39 bits physical, 48 bits virtual
power management:

processor	: 4
vendor_id	: GenuineIntel
cpu family	: 6
model		: 60
model name	: Intel(R) Core(TM) i7-4700HQ CPU @ 2.40GHz
stepping	: 3
microcode	: 0x9
cpu MHz		: 3199.968
cache size	: 6144 KB
physical id	: 0
siblings	: 8
core id		: 0
cpu cores	: 4
apicid		: 1
initial apicid	: 1
fpu		: yes
fpu_exception	: yes
cpuid level	: 13
wp		: yes
flags		: fpu vme de pse tsc msr pae mce cx8 apic sep mtrr pge mca cmov pat pse36 clflush dts acpi mmx fxsr sse sse2 ss ht tm pbe syscall nx pdpe1gb rdtscp lm constant_tsc arch_perfmon pebs bts rep_good nopl xtopology nonstop_tsc aperfmperf eagerfpu pni pclmulqdq dtes64 monitor ds_cpl vmx est tm2 ssse3 sdbg fma cx16 xtpr pdcm pcid sse4_1 sse4_2 x2apic movbe popcnt tsc_deadline_timer aes xsave avx f16c rdrand lahf_lm abm epb tpr_shadow vnmi flexpriority ept vpid fsgsbase tsc_adjust bmi1 avx2 smep bmi2 erms invpcid xsaveopt dtherm ida arat pln pts
bugs		:
bogomips	: 4788.83
clflush size	: 64
cache_alignment	: 64
address sizes	: 39 bits physical, 48 bits virtual
power management:

processor	: 5
vendor_id	: GenuineIntel
cpu family	: 6
model		: 60
model name	: Intel(R) Core(TM) i7-4700HQ CPU @ 2.40GHz
stepping	: 3
microcode	: 0x9
cpu MHz		: 3199.968
cache size	: 6144 KB
physical id	: 0
siblings	: 8
core id		: 1
cpu cores	: 4
apicid		: 3
initial apicid	: 3
fpu		: yes
fpu_exception	: yes
cpuid level	: 13
wp		: yes
flags		: fpu vme de pse tsc msr pae mce cx8 apic sep mtrr pge mca cmov pat pse36 clflush dts acpi mmx fxsr sse sse2 ss ht tm pbe syscall nx pdpe1gb rdtscp lm constant_tsc arch_perfmon pebs bts rep_good nopl xtopology nonstop_tsc aperfmperf eagerfpu pni pclmulqdq dtes64 monitor ds_cpl vmx est tm2 ssse3 sdbg fma cx16 xtpr pdcm pcid sse4_1 sse4_2 x2apic movbe popcnt tsc_deadline_timer aes xsave avx f16c rdrand lahf_lm abm epb tpr_shadow vnmi flexpriority ept vpid fsgsbase tsc_adjust bmi1 avx2 smep bmi2 erms invpcid xsaveopt dtherm ida arat pln pts
bugs		:
bogomips	: 4788.83
clflush size	: 64
cache_alignment	: 64
address sizes	: 39 bits physical, 48 bits virtual
power management:

processor	: 6
vendor_id	: GenuineIntel
cpu family	: 6
model		: 60
model name	: Intel(R) Core(TM) i7-4700HQ CPU @ 2.40GHz
stepping	: 3
microcode	: 0x9
cpu MHz		: 3199.968
cache size	: 6144 KB
physical id	: 0
siblings	: 8
core id		: 2
cpu cores	: 4
apicid		: 5
initial apicid	: 5
fpu		: yes
fpu_exception	: yes
cpuid level	: 13
wp		: yes
flags		: fpu vme de pse tsc msr pae mce cx8 apic sep mtrr pge mca cmov pat pse36 clflush dts acpi mmx fxsr sse sse2 ss ht tm pbe syscall nx pdpe1gb rdtscp lm constant_tsc arch_perfmon pebs bts rep_good nopl xtopology nonstop_tsc aperfmperf eagerfpu pni pclmulqdq dtes64 monitor ds_cpl vmx est tm2 ssse3 sdbg fma cx16 xtpr pdcm pcid sse4_1 sse4_2 x2apic movbe popcnt tsc_deadline_timer aes xsave avx f16c rdrand lahf_lm abm epb tpr_shadow vnmi flexpriority ept vpid fsgsbase tsc_adjust bmi1 avx2 smep bmi2 erms invpcid xsaveopt dtherm ida arat pln pts
bugs		:
bogomips	: 4788.83
clflush size	: 64
cache_alignment	: 64
address sizes	: 39 bits physical, 48 bits virtual
power management:

processor	: 7
vendor_id	: GenuineIntel
cpu family	: 6
model		: 60
model name	: Intel(R) Core(TM) i7-4700HQ CPU @ 2.40GHz
stepping	: 3
microcode	: 0x9
cpu MHz		: 3199.968
cache size	: 6144 KB
physical id	: 0
siblings	: 8
core id		: 3
cpu cores	: 4
apicid		: 7
initial apicid	: 7
fpu		: yes
fpu_exception	: yes
cpuid level	: 13
wp		: yes
flags		: fpu vme de pse tsc msr pae mce cx8 apic sep mtrr pge mca cmov pat pse36 clflush dts acpi mmx fxsr sse sse2 ss ht tm pbe syscall nx pdpe1gb rdtscp lm constant_tsc arch_perfmon pebs bts rep_good nopl xtopology nonstop_tsc aperfmperf eagerfpu pni pclmulqdq dtes64 monitor ds_cpl vmx est tm2 ssse3 sdbg fma cx16 xtpr pdcm pcid sse4_1 sse4_2 x2apic movbe popcnt tsc_deadline_timer aes xsave avx f16c rdrand lahf_lm abm epb tpr_shadow vnmi flexpriority ept vpid fsgsbase tsc_adjust bmi1 avx2 smep bmi2 erms invpcid xsaveopt dtherm ida arat pln pts
bugs		:
bogomips	: 4788.83
clflush size	: 64
cache_alignment	: 64
address sizes	: 39 bits physical, 48 bits virtual
power management:



Memory: 4k page, physical 16312852k(8024336k free), swap 16657404k(16657404k free)

vm_info: Java HotSpot(TM) 64-Bit Server VM (24.79-b02) for linux-amd64 JRE (1.7.0_79-b15), built on Apr 10 2015 11:34:48 by "java_re" with gcc 4.3.0 20080428 (Red Hat 4.3.0-8)

time: Tue Mar  7 21:39:27 2017
elapsed time: 0 seconds

