#
# A fatal error has been detected by the Java Runtime Environment:
#
#  SIGILL (0x4) at pc=0x00007fea4e89e341, pid=10529, tid=140643621463808
#
# JRE version: Java(TM) SE Runtime Environment (7.0_79-b15) (build 1.7.0_79-b15)
# Java VM: Java HotSpot(TM) 64-Bit Server VM (24.79-b02 mixed mode linux-amd64 compressed oops)
# Problematic frame:
# V  [libjvm.so+0x795341]  Matcher::match()+0x3d1
#
# Failed to write core dump. Core dumps have been disabled. To enable core dumping, try "ulimit -c unlimited" before starting Java again
#
# If you would like to submit a bug report, please visit:
#   http://bugreport.java.com/bugreport/crash.jsp
#

---------------  T H R E A D  ---------------

Current thread (0x00007fea480a0000):  JavaThread "C2 CompilerThread1" daemon [_thread_in_native, id=10549, stack(0x00007fea2508e000,0x00007fea2518f000)]

siginfo:si_signo=SIGILL: si_errno=0, si_code=2 (ILL_ILLOPN), si_addr=0x00007fea4e89e341

Registers:
RAX=0x00007fe9fc00ebd0, RBX=0x00007fea25189ff0, RCX=0x00007fea25189ff0, RDX=0x00007fea25189ff0
RSP=0x00007fea25189ee0, RBP=0x00007fea25189fe0, RSI=0x00007fe9fc00ebb0, RDI=0x00007fea2518c310
R8 =0x0000000000000008, R9 =0x00007fea4ef413c0, R10=0x0000000000000028, R11=0x00007fe9fc0012e8
R12=0x0000000000000004, R13=0x0000000000000001, R14=0x0000000000000000, R15=0x0000000000000000
RIP=0x00007fea4e89e341, EFLAGS=0x0000000000010202, CSGSFS=0x0000000000000033, ERR=0x0000000000000000
  TRAPNO=0x0000000000000006

Top of Stack: (sp=0x00007fea25189ee0)
0x00007fea25189ee0:   0000000000000000 00007fea4ef413c0
0x00007fea25189ef0:   0000000000000000 00007fea25189ff0
0x00007fea25189f00:   00007fe9fc00ebb0 00000000000027d8
0x00007fea25189f10:   00007fea2518a960 000000064e3a96b3
0x00007fea25189f20:   0000000000000000 00007fea4e3a948a
0x00007fea25189f30:   00007fe9fc00e978 00007fea25189f70
0x00007fea25189f40:   00000000000027d8 00007fea2518a960
0x00007fea25189f50:   0000000000100000 0000000000000000
0x00007fea25189f60:   0000000000000000 0000000000000000
0x00007fea25189f70:   0000000000000000 00007fea25189ff0
0x00007fea25189f80:   0000000000000000 0000000000000000
0x00007fea25189f90:   0400000000000000 0000000000000000
0x00007fea25189fa0:   0000000000000000 00007fea2518ac40
0x00007fea25189fb0:   00007fea25189fe0 00007fea2518b770
0x00007fea25189fc0:   00007fea2518c310 00007fea25189ff0
0x00007fea25189fd0:   00007fea2518ac40 00007fea4ef28d20
0x00007fea25189fe0:   00007fea2518b7c0 00007fea4e54cefa
0x00007fea25189ff0:   00007fea4ef067f0 0000000000000005
0x00007fea2518a000:   00007fea2518c310 00007fea4801d000
0x00007fea2518a010:   00007fea4801d000 0000000000000004
0x00007fea2518a020:   00007fe9fc00e950 00007fea4801d000
0x00007fea2518a030:   0000000000000040 00007fe9fc00e980
0x00007fea2518a040:   0000000000000000 0000000000000000
0x00007fea2518a050:   0000000000000000 0000000000000000
0x00007fea2518a060:   0000000000000000 0000000000000000
0x00007fea2518a070:   0000000000000000 0000000000000000
0x00007fea2518a080:   0000000000000000 0000000000000000
0x00007fea2518a090:   0000000000000000 0000000000000000
0x00007fea2518a0a0:   0000000000000000 0000000000000000
0x00007fea2518a0b0:   0000000000000000 0000000000000000
0x00007fea2518a0c0:   0000000000000000 0000000000000000
0x00007fea2518a0d0:   0000000000000000 0000000000000000 

Instructions: (pc=0x00007fea4e89e341)
0x00007fea4e89e321:   00 00 00 00 c7 40 0c 00 00 00 00 c7 40 10 00 00
0x00007fea4e89e331:   00 00 c7 40 14 00 00 00 00 c7 40 18 00 00 00 b0
0x00007fea4e89e341:   06 ee b0 b0 3f ad 94 77 80 cd 94 00 00 00 c7 40
0x00007fea4e89e351:   24 00 00 00 00 48 8b 8d 20 ff ff ff 4e 8b 64 b9 

Register to memory mapping:

RAX=0x00007fe9fc00ebd0 is an unknown value
RBX=0x00007fea25189ff0 is pointing into the stack for thread: 0x00007fea480a0000
RCX=0x00007fea25189ff0 is pointing into the stack for thread: 0x00007fea480a0000
RDX=0x00007fea25189ff0 is pointing into the stack for thread: 0x00007fea480a0000
RSP=0x00007fea25189ee0 is pointing into the stack for thread: 0x00007fea480a0000
RBP=0x00007fea25189fe0 is pointing into the stack for thread: 0x00007fea480a0000
RSI=0x00007fe9fc00ebb0 is an unknown value
RDI=0x00007fea2518c310 is pointing into the stack for thread: 0x00007fea480a0000
R8 =0x0000000000000008 is an unknown value
R9 =0x00007fea4ef413c0: <offset 0xe383c0> in /home/capstone/installs/jdk1.7.0_79/jre/lib/amd64/server/libjvm.so at 0x00007fea4e109000
R10=0x0000000000000028 is an unknown value
R11=0x00007fe9fc0012e8 is an unknown value
R12=0x0000000000000004 is an unknown value
R13=0x0000000000000001 is an unknown value
R14=0x0000000000000000 is an unknown value
R15=0x0000000000000000 is an unknown value


Stack: [0x00007fea2508e000,0x00007fea2518f000],  sp=0x00007fea25189ee0,  free space=1007k
Native frames: (J=compiled Java code, j=interpreted, Vv=VM code, C=native code)
V  [libjvm.so+0x795341]  Matcher::match()+0x3d1
V  [libjvm.so+0x443efa]  Compile::Code_Gen()+0x12a
V  [libjvm.so+0x444a8d]  Compile::Compile(ciEnv*, TypeFunc const* (*)(), unsigned char*, char const*, int, bool, bool, bool)+0x7bd
V  [libjvm.so+0x8abe19]  OptoRuntime::generate_stub(ciEnv*, TypeFunc const* (*)(), unsigned char*, char const*, int, bool, bool, bool)+0xd9
V  [libjvm.so+0x8abff6]  OptoRuntime::generate(ciEnv*)+0x46
V  [libjvm.so+0x3b19d9]  C2Compiler::initialize_runtime()+0x119
V  [libjvm.so+0x1eabe3]  AbstractCompiler::initialize_runtimes(void (*)(), int volatile*)+0x1c3
V  [libjvm.so+0x3b18aa]  C2Compiler::initialize()+0x2a
V  [libjvm.so+0x3b1d1e]  C2Compiler::compile_method(ciEnv*, ciMethod*, int)+0x31e
V  [libjvm.so+0x44ec6e]  CompileBroker::invoke_compiler_on_method(CompileTask*)+0x33e
V  [libjvm.so+0x44fa4d]  CompileBroker::compiler_thread_loop()+0x43d
V  [libjvm.so+0x95c11f]  JavaThread::thread_main_inner()+0xdf
V  [libjvm.so+0x95c225]  JavaThread::run()+0xf5
V  [libjvm.so+0x821ca8]  java_start(Thread*)+0x108


Current CompileTask:
C2:     66    1             java.lang.String::indexOf (70 bytes)


---------------  P R O C E S S  ---------------

Java Threads: ( => current thread )
  0x00007fea480a2800 JavaThread "Service Thread" daemon [_thread_blocked, id=10550, stack(0x00007fea24f8d000,0x00007fea2508e000)]
=>0x00007fea480a0000 JavaThread "C2 CompilerThread1" daemon [_thread_in_native, id=10549, stack(0x00007fea2508e000,0x00007fea2518f000)]
  0x00007fea4809d000 JavaThread "C2 CompilerThread0" daemon [_thread_blocked, id=10548, stack(0x00007fea2518f000,0x00007fea25290000)]
  0x00007fea4809b000 JavaThread "Signal Dispatcher" daemon [_thread_blocked, id=10547, stack(0x00007fea25290000,0x00007fea25391000)]
  0x00007fea48079800 JavaThread "Finalizer" daemon [_thread_blocked, id=10545, stack(0x00007fea25d50000,0x00007fea25e51000)]
  0x00007fea48077800 JavaThread "Reference Handler" daemon [_thread_blocked, id=10544, stack(0x00007fea25e51000,0x00007fea25f52000)]
  0x00007fea4800b000 JavaThread "main" [_thread_in_vm, id=10530, stack(0x00007fea4fa83000,0x00007fea4fb84000)]

Other Threads:
  0x00007fea48073800 VMThread [stack: 0x00007fea25f52000,0x00007fea26053000] [id=10543]
  0x00007fea480a5000 WatcherThread [stack: 0x00007fea24e8c000,0x00007fea24f8d000] [id=10551]

VM state:not at safepoint (normal execution)

VM Mutex/Monitor currently owned by a thread: None

Heap
 PSYoungGen      total 74752K, used 2580K [0x00000007ad000000, 0x00000007b2300000, 0x0000000800000000)
  eden space 64512K, 4% used [0x00000007ad000000,0x00000007ad2852d8,0x00000007b0f00000)
  from space 10240K, 0% used [0x00000007b1900000,0x00000007b1900000,0x00000007b2300000)
  to   space 10240K, 0% used [0x00000007b0f00000,0x00000007b0f00000,0x00000007b1900000)
 ParOldGen       total 169984K, used 0K [0x0000000707000000, 0x0000000711600000, 0x00000007ad000000)
  object space 169984K, 0% used [0x0000000707000000,0x0000000707000000,0x0000000711600000)
 PSPermGen       total 21504K, used 2482K [0x0000000701e00000, 0x0000000703300000, 0x0000000707000000)
  object space 21504K, 11% used [0x0000000701e00000,0x000000070206ca08,0x0000000703300000)

Card table byte_map: [0x00007fea4c572000,0x00007fea4cd64000] byte_map_base: 0x00007fea48d63000

Polling page: 0x00007fea4fba6000

Code Cache  [0x00007fea45000000, 0x00007fea45270000, 0x00007fea48000000)
 total_blobs=167 nmethods=0 adapters=135 free_code_cache=48773Kb largest_free_block=49941376

Compilation events (1 events):
Event: 0.061 Thread 0x00007fea480a0000    1             java.lang.String::indexOf (70 bytes)

GC Heap History (0 events):
No events

Deoptimization events (0 events):
No events

Internal exceptions (2 events):
Event: 0.024 Thread 0x00007fea4800b000 Threw 0x00000007ad00f178 at /HUDSON/workspace/7u-2-build-linux-amd64/jdk7u79/2331/hotspot/src/share/vm/prims/jni.cpp:3991
Event: 0.056 Thread 0x00007fea4800b000 Threw 0x00000007ad0571c8 at /HUDSON/workspace/7u-2-build-linux-amd64/jdk7u79/2331/hotspot/src/share/vm/prims/jvm.cpp:1304

Events (10 events):
Event: 0.060 loading class 0x00007fea4477c390
Event: 0.060 loading class 0x00007fea4477c390 done
Event: 0.061 loading class 0x00007fea4804dd00
Event: 0.061 loading class 0x00007fea4804dd00 done
Event: 0.061 loading class 0x00007fea4477c4b0
Event: 0.061 loading class 0x00007fea4804dee0
Event: 0.061 loading class 0x00007fea4804dee0 done
Event: 0.061 loading class 0x00007fea4477c4b0 done
Event: 0.061 loading class 0x00007fea4477dc00
Event: 0.061 loading class 0x00007fea4477dc00 done


Dynamic libraries:
00400000-00401000 r-xp 00000000 08:02 6567276                            /home/capstone/installs/jdk1.7.0_79/bin/java
00600000-00601000 rw-p 00000000 08:02 6567276                            /home/capstone/installs/jdk1.7.0_79/bin/java
0255e000-0257f000 rw-p 00000000 00:00 0                                  [heap]
701e00000-703300000 rw-p 00000000 00:00 0 
703300000-707000000 rw-p 00000000 00:00 0 
707000000-711600000 rw-p 00000000 00:00 0 
711600000-7ad000000 rw-p 00000000 00:00 0 
7ad000000-7b2300000 rw-p 00000000 00:00 0 
7b2300000-800000000 rw-p 00000000 00:00 0 
7fe9f4000000-7fe9f4021000 rw-p 00000000 00:00 0 
7fe9f4021000-7fe9f8000000 ---p 00000000 00:00 0 
7fe9fc000000-7fe9fc02b000 rw-p 00000000 00:00 0 
7fe9fc02b000-7fea00000000 ---p 00000000 00:00 0 
7fea00000000-7fea00021000 rw-p 00000000 00:00 0 
7fea00021000-7fea04000000 ---p 00000000 00:00 0 
7fea04000000-7fea04021000 rw-p 00000000 00:00 0 
7fea04021000-7fea08000000 ---p 00000000 00:00 0 
7fea08000000-7fea08021000 rw-p 00000000 00:00 0 
7fea08021000-7fea0c000000 ---p 00000000 00:00 0 
7fea0c000000-7fea0c021000 rw-p 00000000 00:00 0 
7fea0c021000-7fea10000000 ---p 00000000 00:00 0 
7fea10000000-7fea10021000 rw-p 00000000 00:00 0 
7fea10021000-7fea14000000 ---p 00000000 00:00 0 
7fea14000000-7fea14021000 rw-p 00000000 00:00 0 
7fea14021000-7fea18000000 ---p 00000000 00:00 0 
7fea180f0000-7fea20000000 rw-p 00000000 00:00 0 
7fea20000000-7fea20021000 rw-p 00000000 00:00 0 
7fea20021000-7fea24000000 ---p 00000000 00:00 0 
7fea24c26000-7fea24c44000 r--s 00110000 08:02 7092536                    /home/capstone/.m2/repository/org/mockito/mockito-all/1.10.19/mockito-all-1.10.19.jar
7fea24c44000-7fea24e8c000 rw-p 00000000 00:00 0 
7fea24e8c000-7fea24e8d000 ---p 00000000 00:00 0 
7fea24e8d000-7fea24f8d000 rw-p 00000000 00:00 0 
7fea24f8d000-7fea24f90000 ---p 00000000 00:00 0 
7fea24f90000-7fea2508e000 rw-p 00000000 00:00 0 
7fea2508e000-7fea25091000 ---p 00000000 00:00 0 
7fea25091000-7fea2518f000 rw-p 00000000 00:00 0 
7fea2518f000-7fea25192000 ---p 00000000 00:00 0 
7fea25192000-7fea25290000 rw-p 00000000 00:00 0 
7fea25290000-7fea25293000 ---p 00000000 00:00 0 
7fea25293000-7fea25391000 rw-p 00000000 00:00 0 
7fea25391000-7fea25d50000 r--p 00000000 08:02 33101599                   /usr/lib/locale/locale-archive
7fea25d50000-7fea25d53000 ---p 00000000 00:00 0 
7fea25d53000-7fea25e51000 rw-p 00000000 00:00 0 
7fea25e51000-7fea25e54000 ---p 00000000 00:00 0 
7fea25e54000-7fea25f52000 rw-p 00000000 00:00 0 
7fea25f52000-7fea25f53000 ---p 00000000 00:00 0 
7fea25f53000-7fea28000000 rw-p 00000000 00:00 0 
7fea28000000-7fea28021000 rw-p 00000000 00:00 0 
7fea28021000-7fea2c000000 ---p 00000000 00:00 0 
7fea2c000000-7fea2c021000 rw-p 00000000 00:00 0 
7fea2c021000-7fea30000000 ---p 00000000 00:00 0 
7fea30000000-7fea30021000 rw-p 00000000 00:00 0 
7fea30021000-7fea34000000 ---p 00000000 00:00 0 
7fea34000000-7fea34021000 rw-p 00000000 00:00 0 
7fea34021000-7fea38000000 ---p 00000000 00:00 0 
7fea38000000-7fea38021000 rw-p 00000000 00:00 0 
7fea38021000-7fea3c000000 ---p 00000000 00:00 0 
7fea3c000000-7fea3c021000 rw-p 00000000 00:00 0 
7fea3c021000-7fea40000000 ---p 00000000 00:00 0 
7fea40000000-7fea40021000 rw-p 00000000 00:00 0 
7fea40021000-7fea44000000 ---p 00000000 00:00 0 
7fea4401c000-7fea444ef000 rw-p 00000000 00:00 0 
7fea444ef000-7fea446af000 r--s 039f7000 08:02 6438489                    /home/capstone/installs/jdk1.7.0_79/jre/lib/rt.jar
7fea446af000-7fea447f8000 rw-p 00000000 00:00 0 
7fea447f8000-7fea447f9000 ---p 00000000 00:00 0 
7fea447f9000-7fea448f9000 rw-p 00000000 00:00 0 
7fea448f9000-7fea448fa000 ---p 00000000 00:00 0 
7fea448fa000-7fea449fa000 rw-p 00000000 00:00 0 
7fea449fa000-7fea449fb000 ---p 00000000 00:00 0 
7fea449fb000-7fea44afb000 rw-p 00000000 00:00 0 
7fea44afb000-7fea44afc000 ---p 00000000 00:00 0 
7fea44afc000-7fea44bfc000 rw-p 00000000 00:00 0 
7fea44bfc000-7fea44bfd000 ---p 00000000 00:00 0 
7fea44bfd000-7fea44cfd000 rw-p 00000000 00:00 0 
7fea44cfd000-7fea44cfe000 ---p 00000000 00:00 0 
7fea44cfe000-7fea44dfe000 rw-p 00000000 00:00 0 
7fea44dfe000-7fea44dff000 ---p 00000000 00:00 0 
7fea44dff000-7fea44eff000 rw-p 00000000 00:00 0 
7fea44eff000-7fea44f00000 ---p 00000000 00:00 0 
7fea44f00000-7fea45000000 rw-p 00000000 00:00 0 
7fea45000000-7fea45270000 rwxp 00000000 00:00 0 
7fea45270000-7fea480ed000 rw-p 00000000 00:00 0 
7fea480ed000-7fea4c000000 ---p 00000000 00:00 0 
7fea4c019000-7fea4c024000 rw-p 00000000 00:00 0 
7fea4c024000-7fea4c042000 rw-p 00000000 00:00 0 
7fea4c042000-7fea4c095000 rw-p 00000000 00:00 0 
7fea4c095000-7fea4c572000 rw-p 00000000 00:00 0 
7fea4c572000-7fea4c57d000 rw-p 00000000 00:00 0 
7fea4c57d000-7fea4c59b000 rw-p 00000000 00:00 0 
7fea4c59b000-7fea4c5ee000 rw-p 00000000 00:00 0 
7fea4c5ee000-7fea4cacb000 rw-p 00000000 00:00 0 
7fea4cacb000-7fea4caf5000 rw-p 00000000 00:00 0 
7fea4caf5000-7fea4cd63000 rw-p 00000000 00:00 0 
7fea4cd63000-7fea4cd64000 rw-p 00000000 00:00 0 
7fea4cd64000-7fea4cd7e000 r-xp 00000000 08:02 6437836                    /home/capstone/installs/jdk1.7.0_79/jre/lib/amd64/libzip.so
7fea4cd7e000-7fea4cf7e000 ---p 0001a000 08:02 6437836                    /home/capstone/installs/jdk1.7.0_79/jre/lib/amd64/libzip.so
7fea4cf7e000-7fea4cf7f000 rw-p 0001a000 08:02 6437836                    /home/capstone/installs/jdk1.7.0_79/jre/lib/amd64/libzip.so
7fea4cf7f000-7fea4cf8a000 r-xp 00000000 08:02 16288543                   /lib/x86_64-linux-gnu/libnss_files-2.23.so
7fea4cf8a000-7fea4d189000 ---p 0000b000 08:02 16288543                   /lib/x86_64-linux-gnu/libnss_files-2.23.so
7fea4d189000-7fea4d18a000 r--p 0000a000 08:02 16288543                   /lib/x86_64-linux-gnu/libnss_files-2.23.so
7fea4d18a000-7fea4d18b000 rw-p 0000b000 08:02 16288543                   /lib/x86_64-linux-gnu/libnss_files-2.23.so
7fea4d18b000-7fea4d191000 rw-p 00000000 00:00 0 
7fea4d191000-7fea4d19c000 r-xp 00000000 08:02 16288528                   /lib/x86_64-linux-gnu/libnss_nis-2.23.so
7fea4d19c000-7fea4d39b000 ---p 0000b000 08:02 16288528                   /lib/x86_64-linux-gnu/libnss_nis-2.23.so
7fea4d39b000-7fea4d39c000 r--p 0000a000 08:02 16288528                   /lib/x86_64-linux-gnu/libnss_nis-2.23.so
7fea4d39c000-7fea4d39d000 rw-p 0000b000 08:02 16288528                   /lib/x86_64-linux-gnu/libnss_nis-2.23.so
7fea4d39d000-7fea4d3b3000 r-xp 00000000 08:02 16288539                   /lib/x86_64-linux-gnu/libnsl-2.23.so
7fea4d3b3000-7fea4d5b2000 ---p 00016000 08:02 16288539                   /lib/x86_64-linux-gnu/libnsl-2.23.so
7fea4d5b2000-7fea4d5b3000 r--p 00015000 08:02 16288539                   /lib/x86_64-linux-gnu/libnsl-2.23.so
7fea4d5b3000-7fea4d5b4000 rw-p 00016000 08:02 16288539                   /lib/x86_64-linux-gnu/libnsl-2.23.so
7fea4d5b4000-7fea4d5b6000 rw-p 00000000 00:00 0 
7fea4d5b6000-7fea4d5be000 r-xp 00000000 08:02 16288540                   /lib/x86_64-linux-gnu/libnss_compat-2.23.so
7fea4d5be000-7fea4d7bd000 ---p 00008000 08:02 16288540                   /lib/x86_64-linux-gnu/libnss_compat-2.23.so
7fea4d7bd000-7fea4d7be000 r--p 00007000 08:02 16288540                   /lib/x86_64-linux-gnu/libnss_compat-2.23.so
7fea4d7be000-7fea4d7bf000 rw-p 00008000 08:02 16288540                   /lib/x86_64-linux-gnu/libnss_compat-2.23.so
7fea4d7bf000-7fea4d7e8000 r-xp 00000000 08:02 6437802                    /home/capstone/installs/jdk1.7.0_79/jre/lib/amd64/libjava.so
7fea4d7e8000-7fea4d9e8000 ---p 00029000 08:02 6437802                    /home/capstone/installs/jdk1.7.0_79/jre/lib/amd64/libjava.so
7fea4d9e8000-7fea4d9ea000 rw-p 00029000 08:02 6437802                    /home/capstone/installs/jdk1.7.0_79/jre/lib/amd64/libjava.so
7fea4d9ea000-7fea4d9f7000 r-xp 00000000 08:02 6437829                    /home/capstone/installs/jdk1.7.0_79/jre/lib/amd64/libverify.so
7fea4d9f7000-7fea4dbf6000 ---p 0000d000 08:02 6437829                    /home/capstone/installs/jdk1.7.0_79/jre/lib/amd64/libverify.so
7fea4dbf6000-7fea4dbf8000 rw-p 0000c000 08:02 6437829                    /home/capstone/installs/jdk1.7.0_79/jre/lib/amd64/libverify.so
7fea4dbf8000-7fea4dbff000 r-xp 00000000 08:02 16288527                   /lib/x86_64-linux-gnu/librt-2.23.so
7fea4dbff000-7fea4ddfe000 ---p 00007000 08:02 16288527                   /lib/x86_64-linux-gnu/librt-2.23.so
7fea4ddfe000-7fea4ddff000 r--p 00006000 08:02 16288527                   /lib/x86_64-linux-gnu/librt-2.23.so
7fea4ddff000-7fea4de00000 rw-p 00007000 08:02 16288527                   /lib/x86_64-linux-gnu/librt-2.23.so
7fea4de00000-7fea4df08000 r-xp 00000000 08:02 16288537                   /lib/x86_64-linux-gnu/libm-2.23.so
7fea4df08000-7fea4e107000 ---p 00108000 08:02 16288537                   /lib/x86_64-linux-gnu/libm-2.23.so
7fea4e107000-7fea4e108000 r--p 00107000 08:02 16288537                   /lib/x86_64-linux-gnu/libm-2.23.so
7fea4e108000-7fea4e109000 rw-p 00108000 08:02 16288537                   /lib/x86_64-linux-gnu/libm-2.23.so
7fea4e109000-7fea4ec7e000 r-xp 00000000 08:02 6437856                    /home/capstone/installs/jdk1.7.0_79/jre/lib/amd64/server/libjvm.so
7fea4ec7e000-7fea4ee7e000 ---p 00b75000 08:02 6437856                    /home/capstone/installs/jdk1.7.0_79/jre/lib/amd64/server/libjvm.so
7fea4ee7e000-7fea4ef42000 rw-p 00b75000 08:02 6437856                    /home/capstone/installs/jdk1.7.0_79/jre/lib/amd64/server/libjvm.so
7fea4ef42000-7fea4ef83000 rw-p 00000000 00:00 0 
7fea4ef83000-7fea4f142000 r-xp 00000000 08:02 16288532                   /lib/x86_64-linux-gnu/libc-2.23.so
7fea4f142000-7fea4f342000 ---p 001bf000 08:02 16288532                   /lib/x86_64-linux-gnu/libc-2.23.so
7fea4f342000-7fea4f346000 r--p 001bf000 08:02 16288532                   /lib/x86_64-linux-gnu/libc-2.23.so
7fea4f346000-7fea4f348000 rw-p 001c3000 08:02 16288532                   /lib/x86_64-linux-gnu/libc-2.23.so
7fea4f348000-7fea4f34c000 rw-p 00000000 00:00 0 
7fea4f34c000-7fea4f34f000 r-xp 00000000 08:02 16288531                   /lib/x86_64-linux-gnu/libdl-2.23.so
7fea4f34f000-7fea4f54e000 ---p 00003000 08:02 16288531                   /lib/x86_64-linux-gnu/libdl-2.23.so
7fea4f54e000-7fea4f54f000 r--p 00002000 08:02 16288531                   /lib/x86_64-linux-gnu/libdl-2.23.so
7fea4f54f000-7fea4f550000 rw-p 00003000 08:02 16288531                   /lib/x86_64-linux-gnu/libdl-2.23.so
7fea4f550000-7fea4f566000 r-xp 00000000 08:02 6438537                    /home/capstone/installs/jdk1.7.0_79/lib/amd64/jli/libjli.so
7fea4f566000-7fea4f766000 ---p 00016000 08:02 6438537                    /home/capstone/installs/jdk1.7.0_79/lib/amd64/jli/libjli.so
7fea4f766000-7fea4f767000 rw-p 00016000 08:02 6438537                    /home/capstone/installs/jdk1.7.0_79/lib/amd64/jli/libjli.so
7fea4f767000-7fea4f77f000 r-xp 00000000 08:02 16288538                   /lib/x86_64-linux-gnu/libpthread-2.23.so
7fea4f77f000-7fea4f97e000 ---p 00018000 08:02 16288538                   /lib/x86_64-linux-gnu/libpthread-2.23.so
7fea4f97e000-7fea4f97f000 r--p 00017000 08:02 16288538                   /lib/x86_64-linux-gnu/libpthread-2.23.so
7fea4f97f000-7fea4f980000 rw-p 00018000 08:02 16288538                   /lib/x86_64-linux-gnu/libpthread-2.23.so
7fea4f980000-7fea4f984000 rw-p 00000000 00:00 0 
7fea4f984000-7fea4f9aa000 r-xp 00000000 08:02 16288521                   /lib/x86_64-linux-gnu/ld-2.23.so
7fea4f9b9000-7fea4f9bb000 r--s 0000a000 08:02 7092735                    /home/capstone/.m2/repository/org/powermock/powermock-module-junit4/1.6.6/powermock-module-junit4-1.6.6.jar
7fea4f9bb000-7fea4f9c3000 r--s 00045000 08:02 6829082                    /home/capstone/.m2/repository/junit/junit/4.12/junit-4.12.jar
7fea4f9c3000-7fea4f9cd000 rw-p 00000000 00:00 0 
7fea4f9cd000-7fea4fa83000 rw-p 00000000 00:00 0 
7fea4fa83000-7fea4fa86000 ---p 00000000 00:00 0 
7fea4fa86000-7fea4fb88000 rw-p 00000000 00:00 0 
7fea4fb89000-7fea4fb8b000 r--s 00009000 08:02 6829084                    /home/capstone/.m2/repository/org/hamcrest/hamcrest-core/1.3/hamcrest-core-1.3.jar
7fea4fb8b000-7fea4fb90000 r--s 00034000 08:02 7224931                    /home/capstone/.m2/repository/com/google/code/gson/gson/2.8.0/gson-2.8.0.jar
7fea4fb90000-7fea4fb94000 r--s 00016000 08:02 7225212                    /home/capstone/.m2/repository/org/tukaani/xz/1.6/xz-1.6.jar
7fea4fb94000-7fea4fb9d000 r--s 0006a000 08:02 7224476                    /home/capstone/.m2/repository/org/apache/commons/commons-compress/1.13/commons-compress-1.13.jar
7fea4fb9d000-7fea4fba5000 rw-s 00000000 08:02 17335573                   /tmp/hsperfdata_capstone/10529
7fea4fba5000-7fea4fba6000 rw-p 00000000 00:00 0 
7fea4fba6000-7fea4fba7000 r--p 00000000 00:00 0 
7fea4fba7000-7fea4fba9000 rw-p 00000000 00:00 0 
7fea4fba9000-7fea4fbaa000 r--p 00025000 08:02 16288521                   /lib/x86_64-linux-gnu/ld-2.23.so
7fea4fbaa000-7fea4fbab000 rw-p 00026000 08:02 16288521                   /lib/x86_64-linux-gnu/ld-2.23.so
7fea4fbab000-7fea4fbac000 rw-p 00000000 00:00 0 
7ffc11b36000-7ffc11b58000 rw-p 00000000 00:00 0                          [stack]
7ffc11bbb000-7ffc11bbd000 r--p 00000000 00:00 0                          [vvar]
7ffc11bbd000-7ffc11bbf000 r-xp 00000000 00:00 0                          [vdso]
ffffffffff600000-ffffffffff601000 r-xp 00000000 00:00 0                  [vsyscall]

VM Arguments:
jvm_args: -ea -Dfile.encoding=UTF-8 
java_command: org.eclipse.jdt.internal.junit.runner.RemoteTestRunner -version 3 -port 43295 -testLoaderClass org.eclipse.jdt.internal.junit4.runner.JUnit4TestLoader -loaderpluginname org.eclipse.jdt.junit4.runtime -classNames com.alanbuttars.commons.compress.stub.compress.CompressTest
Launcher Type: SUN_STANDARD

Environment Variables:
JAVA_HOME=/home/capstone/installs/jdk1.8.0_111
PATH=/home/capstone/bin:/usr/local/sbin:/usr/local/bin:/usr/sbin:/usr/bin:/sbin:/bin:/usr/games:/usr/local/games:$JAVA_HOME/bin:/snap/bin
SHELL=/usr/bin/zsh
DISPLAY=:0

Signal Handlers:
SIGSEGV: [libjvm.so+0x9a3bf0], sa_mask[0]=0x7ffbfeff, sa_flags=0x10000004
SIGBUS: [libjvm.so+0x9a3bf0], sa_mask[0]=0x7ffbfeff, sa_flags=0x10000004
SIGFPE: [libjvm.so+0x81cb60], sa_mask[0]=0x7ffbfeff, sa_flags=0x10000004
SIGPIPE: [libjvm.so+0x81cb60], sa_mask[0]=0x7ffbfeff, sa_flags=0x10000004
SIGXFSZ: [libjvm.so+0x81cb60], sa_mask[0]=0x7ffbfeff, sa_flags=0x10000004
SIGILL: [libjvm.so+0x81cb60], sa_mask[0]=0x7ffbfeff, sa_flags=0x10000004
SIGUSR1: SIG_DFL, sa_mask[0]=0x00000000, sa_flags=0x00000000
SIGUSR2: [libjvm.so+0x81e360], sa_mask[0]=0x00000004, sa_flags=0x10000004
SIGHUP: [libjvm.so+0x81f480], sa_mask[0]=0x7ffbfeff, sa_flags=0x10000004
SIGINT: [libjvm.so+0x81f480], sa_mask[0]=0x7ffbfeff, sa_flags=0x10000004
SIGTERM: [libjvm.so+0x81f480], sa_mask[0]=0x7ffbfeff, sa_flags=0x10000004
SIGQUIT: [libjvm.so+0x81f480], sa_mask[0]=0x7ffbfeff, sa_flags=0x10000004


---------------  S Y S T E M  ---------------

OS:stretch/sid

uname:Linux 4.4.0-64-generic #85-Ubuntu SMP Mon Feb 20 11:50:30 UTC 2017 x86_64
libc:glibc 2.23 NPTL 2.23 
rlimit: STACK 8192k, CORE 0k, NPROC 62809, NOFILE 65536, AS infinity
load average:3.03 1.09 0.54

/proc/meminfo:
MemTotal:       16312852 kB
MemFree:         8182544 kB
MemAvailable:   12231948 kB
Buffers:          288020 kB
Cached:          4489968 kB
SwapCached:            0 kB
Active:          4936320 kB
Inactive:        2704804 kB
Active(anon):    2866768 kB
Inactive(anon):   666420 kB
Active(file):    2069552 kB
Inactive(file):  2038384 kB
Unevictable:         340 kB
Mlocked:             340 kB
SwapTotal:      16657404 kB
SwapFree:       16657404 kB
Dirty:              7652 kB
Writeback:             0 kB
AnonPages:       2863580 kB
Mapped:           494040 kB
Shmem:            670056 kB
Slab:             332424 kB
SReclaimable:     278708 kB
SUnreclaim:        53716 kB
KernelStack:       11712 kB
PageTables:        48504 kB
NFS_Unstable:          0 kB
Bounce:                0 kB
WritebackTmp:          0 kB
CommitLimit:    24813828 kB
Committed_AS:    9603912 kB
VmallocTotal:   34359738367 kB
VmallocUsed:           0 kB
VmallocChunk:          0 kB
HardwareCorrupted:     0 kB
AnonHugePages:    702464 kB
CmaTotal:              0 kB
CmaFree:               0 kB
HugePages_Total:       0
HugePages_Free:        0
HugePages_Rsvd:        0
HugePages_Surp:        0
Hugepagesize:       2048 kB
DirectMap4k:      245320 kB
DirectMap2M:     8024064 kB
DirectMap1G:     8388608 kB


CPU:total 8 (4 cores per cpu, 2 threads per core) family 6 model 60 stepping 3, cmov, cx8, fxsr, mmx, sse, sse2, sse3, ssse3, sse4.1, sse4.2, popcnt, avx, avx2, aes, erms, ht, tsc, tscinvbit

/proc/cpuinfo:
processor	: 0
vendor_id	: GenuineIntel
cpu family	: 6
model		: 60
model name	: Intel(R) Core(TM) i7-4700HQ CPU @ 2.40GHz
stepping	: 3
microcode	: 0x9
cpu MHz		: 3191.906
cache size	: 6144 KB
physical id	: 0
siblings	: 8
core id		: 0
cpu cores	: 4
apicid		: 0
initial apicid	: 0
fpu		: yes
fpu_exception	: yes
cpuid level	: 13
wp		: yes
flags		: fpu vme de pse tsc msr pae mce cx8 apic sep mtrr pge mca cmov pat pse36 clflush dts acpi mmx fxsr sse sse2 ss ht tm pbe syscall nx pdpe1gb rdtscp lm constant_tsc arch_perfmon pebs bts rep_good nopl xtopology nonstop_tsc aperfmperf eagerfpu pni pclmulqdq dtes64 monitor ds_cpl vmx est tm2 ssse3 sdbg fma cx16 xtpr pdcm pcid sse4_1 sse4_2 x2apic movbe popcnt tsc_deadline_timer aes xsave avx f16c rdrand lahf_lm abm epb tpr_shadow vnmi flexpriority ept vpid fsgsbase tsc_adjust bmi1 avx2 smep bmi2 erms invpcid xsaveopt dtherm ida arat pln pts
bugs		:
bogomips	: 4788.83
clflush size	: 64
cache_alignment	: 64
address sizes	: 39 bits physical, 48 bits virtual
power management:

processor	: 1
vendor_id	: GenuineIntel
cpu family	: 6
model		: 60
model name	: Intel(R) Core(TM) i7-4700HQ CPU @ 2.40GHz
stepping	: 3
microcode	: 0x9
cpu MHz		: 3191.250
cache size	: 6144 KB
physical id	: 0
siblings	: 8
core id		: 1
cpu cores	: 4
apicid		: 2
initial apicid	: 2
fpu		: yes
fpu_exception	: yes
cpuid level	: 13
wp		: yes
flags		: fpu vme de pse tsc msr pae mce cx8 apic sep mtrr pge mca cmov pat pse36 clflush dts acpi mmx fxsr sse sse2 ss ht tm pbe syscall nx pdpe1gb rdtscp lm constant_tsc arch_perfmon pebs bts rep_good nopl xtopology nonstop_tsc aperfmperf eagerfpu pni pclmulqdq dtes64 monitor ds_cpl vmx est tm2 ssse3 sdbg fma cx16 xtpr pdcm pcid sse4_1 sse4_2 x2apic movbe popcnt tsc_deadline_timer aes xsave avx f16c rdrand lahf_lm abm epb tpr_shadow vnmi flexpriority ept vpid fsgsbase tsc_adjust bmi1 avx2 smep bmi2 erms invpcid xsaveopt dtherm ida arat pln pts
bugs		:
bogomips	: 4788.83
clflush size	: 64
cache_alignment	: 64
address sizes	: 39 bits physical, 48 bits virtual
power management:

processor	: 2
vendor_id	: GenuineIntel
cpu family	: 6
model		: 60
model name	: Intel(R) Core(TM) i7-4700HQ CPU @ 2.40GHz
stepping	: 3
microcode	: 0x9
cpu MHz		: 3194.437
cache size	: 6144 KB
physical id	: 0
siblings	: 8
core id		: 2
cpu cores	: 4
apicid		: 4
initial apicid	: 4
fpu		: yes
fpu_exception	: yes
cpuid level	: 13
wp		: yes
flags		: fpu vme de pse tsc msr pae mce cx8 apic sep mtrr pge mca cmov pat pse36 clflush dts acpi mmx fxsr sse sse2 ss ht tm pbe syscall nx pdpe1gb rdtscp lm constant_tsc arch_perfmon pebs bts rep_good nopl xtopology nonstop_tsc aperfmperf eagerfpu pni pclmulqdq dtes64 monitor ds_cpl vmx est tm2 ssse3 sdbg fma cx16 xtpr pdcm pcid sse4_1 sse4_2 x2apic movbe popcnt tsc_deadline_timer aes xsave avx f16c rdrand lahf_lm abm epb tpr_shadow vnmi flexpriority ept vpid fsgsbase tsc_adjust bmi1 avx2 smep bmi2 erms invpcid xsaveopt dtherm ida arat pln pts
bugs		:
bogomips	: 4788.83
clflush size	: 64
cache_alignment	: 64
address sizes	: 39 bits physical, 48 bits virtual
power management:

processor	: 3
vendor_id	: GenuineIntel
cpu family	: 6
model		: 60
model name	: Intel(R) Core(TM) i7-4700HQ CPU @ 2.40GHz
stepping	: 3
microcode	: 0x9
cpu MHz		: 3192.468
cache size	: 6144 KB
physical id	: 0
siblings	: 8
core id		: 3
cpu cores	: 4
apicid		: 6
initial apicid	: 6
fpu		: yes
fpu_exception	: yes
cpuid level	: 13
wp		: yes
flags		: fpu vme de pse tsc msr pae mce cx8 apic sep mtrr pge mca cmov pat pse36 clflush dts acpi mmx fxsr sse sse2 ss ht tm pbe syscall nx pdpe1gb rdtscp lm constant_tsc arch_perfmon pebs bts rep_good nopl xtopology nonstop_tsc aperfmperf eagerfpu pni pclmulqdq dtes64 monitor ds_cpl vmx est tm2 ssse3 sdbg fma cx16 xtpr pdcm pcid sse4_1 sse4_2 x2apic movbe popcnt tsc_deadline_timer aes xsave avx f16c rdrand lahf_lm abm epb tpr_shadow vnmi flexpriority ept vpid fsgsbase tsc_adjust bmi1 avx2 smep bmi2 erms invpcid xsaveopt dtherm ida arat pln pts
bugs		:
bogomips	: 4788.83
clflush size	: 64
cache_alignment	: 64
address sizes	: 39 bits physical, 48 bits virtual
power management:

processor	: 4
vendor_id	: GenuineIntel
cpu family	: 6
model		: 60
model name	: Intel(R) Core(TM) i7-4700HQ CPU @ 2.40GHz
stepping	: 3
microcode	: 0x9
cpu MHz		: 3191.718
cache size	: 6144 KB
physical id	: 0
siblings	: 8
core id		: 0
cpu cores	: 4
apicid		: 1
initial apicid	: 1
fpu		: yes
fpu_exception	: yes
cpuid level	: 13
wp		: yes
flags		: fpu vme de pse tsc msr pae mce cx8 apic sep mtrr pge mca cmov pat pse36 clflush dts acpi mmx fxsr sse sse2 ss ht tm pbe syscall nx pdpe1gb rdtscp lm constant_tsc arch_perfmon pebs bts rep_good nopl xtopology nonstop_tsc aperfmperf eagerfpu pni pclmulqdq dtes64 monitor ds_cpl vmx est tm2 ssse3 sdbg fma cx16 xtpr pdcm pcid sse4_1 sse4_2 x2apic movbe popcnt tsc_deadline_timer aes xsave avx f16c rdrand lahf_lm abm epb tpr_shadow vnmi flexpriority ept vpid fsgsbase tsc_adjust bmi1 avx2 smep bmi2 erms invpcid xsaveopt dtherm ida arat pln pts
bugs		:
bogomips	: 4788.83
clflush size	: 64
cache_alignment	: 64
address sizes	: 39 bits physical, 48 bits virtual
power management:

processor	: 5
vendor_id	: GenuineIntel
cpu family	: 6
model		: 60
model name	: Intel(R) Core(TM) i7-4700HQ CPU @ 2.40GHz
stepping	: 3
microcode	: 0x9
cpu MHz		: 3196.593
cache size	: 6144 KB
physical id	: 0
siblings	: 8
core id		: 1
cpu cores	: 4
apicid		: 3
initial apicid	: 3
fpu		: yes
fpu_exception	: yes
cpuid level	: 13
wp		: yes
flags		: fpu vme de pse tsc msr pae mce cx8 apic sep mtrr pge mca cmov pat pse36 clflush dts acpi mmx fxsr sse sse2 ss ht tm pbe syscall nx pdpe1gb rdtscp lm constant_tsc arch_perfmon pebs bts rep_good nopl xtopology nonstop_tsc aperfmperf eagerfpu pni pclmulqdq dtes64 monitor ds_cpl vmx est tm2 ssse3 sdbg fma cx16 xtpr pdcm pcid sse4_1 sse4_2 x2apic movbe popcnt tsc_deadline_timer aes xsave avx f16c rdrand lahf_lm abm epb tpr_shadow vnmi flexpriority ept vpid fsgsbase tsc_adjust bmi1 avx2 smep bmi2 erms invpcid xsaveopt dtherm ida arat pln pts
bugs		:
bogomips	: 4788.83
clflush size	: 64
cache_alignment	: 64
address sizes	: 39 bits physical, 48 bits virtual
power management:

processor	: 6
vendor_id	: GenuineIntel
cpu family	: 6
model		: 60
model name	: Intel(R) Core(TM) i7-4700HQ CPU @ 2.40GHz
stepping	: 3
microcode	: 0x9
cpu MHz		: 3192.281
cache size	: 6144 KB
physical id	: 0
siblings	: 8
core id		: 2
cpu cores	: 4
apicid		: 5
initial apicid	: 5
fpu		: yes
fpu_exception	: yes
cpuid level	: 13
wp		: yes
flags		: fpu vme de pse tsc msr pae mce cx8 apic sep mtrr pge mca cmov pat pse36 clflush dts acpi mmx fxsr sse sse2 ss ht tm pbe syscall nx pdpe1gb rdtscp lm constant_tsc arch_perfmon pebs bts rep_good nopl xtopology nonstop_tsc aperfmperf eagerfpu pni pclmulqdq dtes64 monitor ds_cpl vmx est tm2 ssse3 sdbg fma cx16 xtpr pdcm pcid sse4_1 sse4_2 x2apic movbe popcnt tsc_deadline_timer aes xsave avx f16c rdrand lahf_lm abm epb tpr_shadow vnmi flexpriority ept vpid fsgsbase tsc_adjust bmi1 avx2 smep bmi2 erms invpcid xsaveopt dtherm ida arat pln pts
bugs		:
bogomips	: 4788.83
clflush size	: 64
cache_alignment	: 64
address sizes	: 39 bits physical, 48 bits virtual
power management:

processor	: 7
vendor_id	: GenuineIntel
cpu family	: 6
model		: 60
model name	: Intel(R) Core(TM) i7-4700HQ CPU @ 2.40GHz
stepping	: 3
microcode	: 0x9
cpu MHz		: 3189.468
cache size	: 6144 KB
physical id	: 0
siblings	: 8
core id		: 3
cpu cores	: 4
apicid		: 7
initial apicid	: 7
fpu		: yes
fpu_exception	: yes
cpuid level	: 13
wp		: yes
flags		: fpu vme de pse tsc msr pae mce cx8 apic sep mtrr pge mca cmov pat pse36 clflush dts acpi mmx fxsr sse sse2 ss ht tm pbe syscall nx pdpe1gb rdtscp lm constant_tsc arch_perfmon pebs bts rep_good nopl xtopology nonstop_tsc aperfmperf eagerfpu pni pclmulqdq dtes64 monitor ds_cpl vmx est tm2 ssse3 sdbg fma cx16 xtpr pdcm pcid sse4_1 sse4_2 x2apic movbe popcnt tsc_deadline_timer aes xsave avx f16c rdrand lahf_lm abm epb tpr_shadow vnmi flexpriority ept vpid fsgsbase tsc_adjust bmi1 avx2 smep bmi2 erms invpcid xsaveopt dtherm ida arat pln pts
bugs		:
bogomips	: 4788.83
clflush size	: 64
cache_alignment	: 64
address sizes	: 39 bits physical, 48 bits virtual
power management:



Memory: 4k page, physical 16312852k(8182544k free), swap 16657404k(16657404k free)

vm_info: Java HotSpot(TM) 64-Bit Server VM (24.79-b02) for linux-amd64 JRE (1.7.0_79-b15), built on Apr 10 2015 11:34:48 by "java_re" with gcc 4.3.0 20080428 (Red Hat 4.3.0-8)

time: Tue Mar  7 21:30:26 2017
elapsed time: 0 seconds

