#
# A fatal error has been detected by the Java Runtime Environment:
#
#  SIGILL (0x4) at pc=0x00007f93b15f0341, pid=10315, tid=140272021272320
#
# JRE version: Java(TM) SE Runtime Environment (7.0_79-b15) (build 1.7.0_79-b15)
# Java VM: Java HotSpot(TM) 64-Bit Server VM (24.79-b02 mixed mode linux-amd64 compressed oops)
# Problematic frame:
# V  [libjvm.so+0x795341]  Matcher::match()+0x3d1
#
# Failed to write core dump. Core dumps have been disabled. To enable core dumping, try "ulimit -c unlimited" before starting Java again
#
# If you would like to submit a bug report, please visit:
#   http://bugreport.java.com/bugreport/crash.jsp
#

---------------  T H R E A D  ---------------

Current thread (0x00007f93ac0a5000):  JavaThread "C2 CompilerThread0" daemon [_thread_in_native, id=10334, stack(0x00007f939feff000,0x00007f93a0000000)]

siginfo:si_signo=SIGILL: si_errno=0, si_code=2 (ILL_ILLOPN), si_addr=0x00007f93b15f0341

Registers:
RAX=0x00007f9368017b30, RBX=0x00007f939fffae70, RCX=0x00007f939fffae70, RDX=0x00007f939fffae70
RSP=0x00007f939fffad60, RBP=0x00007f939fffae60, RSI=0x00007f9368017b10, RDI=0x00007f939fffd190
R8 =0x0000000000000008, R9 =0x00007f93b1c933c0, R10=0x0000000000000028, R11=0x00007f936800a218
R12=0x0000000000000004, R13=0x0000000000000001, R14=0x0000000000000000, R15=0x0000000000000000
RIP=0x00007f93b15f0341, EFLAGS=0x0000000000010206, CSGSFS=0x0000000000000033, ERR=0x0000000000000000
  TRAPNO=0x0000000000000006

Top of Stack: (sp=0x00007f939fffad60)
0x00007f939fffad60:   0000000000000000 00007f93b1c933c0
0x00007f939fffad70:   0000000000000000 00007f939fffae70
0x00007f939fffad80:   00007f9368017b10 00000000000027d8
0x00007f939fffad90:   00007f939fffb7e0 00000006b10fb6b3
0x00007f939fffada0:   0000000000000000 00007f93b10fb48a
0x00007f939fffadb0:   00007f93680178d8 00007f939fffadf0
0x00007f939fffadc0:   00000000000027d8 00007f939fffb7e0
0x00007f939fffadd0:   0000000000100000 0000000000000000
0x00007f939fffade0:   0000000000000000 0000000000000000
0x00007f939fffadf0:   0000000000000000 00007f939fffae70
0x00007f939fffae00:   0000000000000000 0000000000000000
0x00007f939fffae10:   0400000000000000 0000000000000000
0x00007f939fffae20:   0000000000000000 00007f939fffbac0
0x00007f939fffae30:   00007f939fffae60 00007f939fffc5f0
0x00007f939fffae40:   00007f939fffd190 00007f939fffae70
0x00007f939fffae50:   00007f939fffbac0 00007f93b1c7ad20
0x00007f939fffae60:   00007f939fffc640 00007f93b129eefa
0x00007f939fffae70:   00007f93b1c587f0 0000000000000005
0x00007f939fffae80:   00007f939fffd190 00007f93ac0a5970
0x00007f939fffae90:   00007f93ac0a5970 0000000000000004
0x00007f939fffaea0:   00007f93680178b0 00007f93ac0a5970
0x00007f939fffaeb0:   0000000000000040 00007f93680178e0
0x00007f939fffaec0:   0000000000000000 0000000000000000
0x00007f939fffaed0:   0000000000000000 0000000000000000
0x00007f939fffaee0:   0000000000000000 0000000000000000
0x00007f939fffaef0:   0000000000000000 0000000000000000
0x00007f939fffaf00:   0000000000000000 0000000000000000
0x00007f939fffaf10:   0000000000000000 0000000000000000
0x00007f939fffaf20:   0000000000000000 0000000000000000
0x00007f939fffaf30:   0000000000000000 0000000000000000
0x00007f939fffaf40:   0000000000000000 0000000000000000
0x00007f939fffaf50:   0000000000000000 0000000000000000 

Instructions: (pc=0x00007f93b15f0341)
0x00007f93b15f0321:   00 00 00 00 c7 40 0c 00 00 00 00 c7 40 10 00 00
0x00007f93b15f0331:   00 00 c7 40 14 00 00 00 00 c7 40 18 00 00 00 b0
0x00007f93b15f0341:   06 ee b0 b0 3f ad 94 77 80 cd 94 00 00 00 c7 40
0x00007f93b15f0351:   24 00 00 00 00 48 8b 8d 20 ff ff ff 4e 8b 64 b9 

Register to memory mapping:

RAX=0x00007f9368017b30 is an unknown value
RBX=0x00007f939fffae70 is pointing into the stack for thread: 0x00007f93ac0a5000
RCX=0x00007f939fffae70 is pointing into the stack for thread: 0x00007f93ac0a5000
RDX=0x00007f939fffae70 is pointing into the stack for thread: 0x00007f93ac0a5000
RSP=0x00007f939fffad60 is pointing into the stack for thread: 0x00007f93ac0a5000
RBP=0x00007f939fffae60 is pointing into the stack for thread: 0x00007f93ac0a5000
RSI=0x00007f9368017b10 is an unknown value
RDI=0x00007f939fffd190 is pointing into the stack for thread: 0x00007f93ac0a5000
R8 =0x0000000000000008 is an unknown value
R9 =0x00007f93b1c933c0: <offset 0xe383c0> in /home/capstone/installs/jdk1.7.0_79/jre/lib/amd64/server/libjvm.so at 0x00007f93b0e5b000
R10=0x0000000000000028 is an unknown value
R11=0x00007f936800a218 is an unknown value
R12=0x0000000000000004 is an unknown value
R13=0x0000000000000001 is an unknown value
R14=0x0000000000000000 is an unknown value
R15=0x0000000000000000 is an unknown value


Stack: [0x00007f939feff000,0x00007f93a0000000],  sp=0x00007f939fffad60,  free space=1007k
Native frames: (J=compiled Java code, j=interpreted, Vv=VM code, C=native code)
V  [libjvm.so+0x795341]  Matcher::match()+0x3d1
V  [libjvm.so+0x443efa]  Compile::Code_Gen()+0x12a
V  [libjvm.so+0x444a8d]  Compile::Compile(ciEnv*, TypeFunc const* (*)(), unsigned char*, char const*, int, bool, bool, bool)+0x7bd
V  [libjvm.so+0x8abe19]  OptoRuntime::generate_stub(ciEnv*, TypeFunc const* (*)(), unsigned char*, char const*, int, bool, bool, bool)+0xd9
V  [libjvm.so+0x8abff6]  OptoRuntime::generate(ciEnv*)+0x46
V  [libjvm.so+0x3b19d9]  C2Compiler::initialize_runtime()+0x119
V  [libjvm.so+0x1eabe3]  AbstractCompiler::initialize_runtimes(void (*)(), int volatile*)+0x1c3
V  [libjvm.so+0x3b18aa]  C2Compiler::initialize()+0x2a
V  [libjvm.so+0x3b1d1e]  C2Compiler::compile_method(ciEnv*, ciMethod*, int)+0x31e
V  [libjvm.so+0x44ec6e]  CompileBroker::invoke_compiler_on_method(CompileTask*)+0x33e
V  [libjvm.so+0x44fa4d]  CompileBroker::compiler_thread_loop()+0x43d
V  [libjvm.so+0x95c11f]  JavaThread::thread_main_inner()+0xdf
V  [libjvm.so+0x95c225]  JavaThread::run()+0xf5
V  [libjvm.so+0x821ca8]  java_start(Thread*)+0x108


Current CompileTask:
C2:     45    1             java.lang.String::indexOf (70 bytes)


---------------  P R O C E S S  ---------------

Java Threads: ( => current thread )
  0x00007f93ac0aa800 JavaThread "Service Thread" daemon [_thread_blocked, id=10336, stack(0x00007f939fcfd000,0x00007f939fdfe000)]
  0x00007f93ac0a8000 JavaThread "C2 CompilerThread1" daemon [_thread_blocked, id=10335, stack(0x00007f939fdfe000,0x00007f939feff000)]
=>0x00007f93ac0a5000 JavaThread "C2 CompilerThread0" daemon [_thread_in_native, id=10334, stack(0x00007f939feff000,0x00007f93a0000000)]
  0x00007f93ac0a3000 JavaThread "Signal Dispatcher" daemon [_thread_blocked, id=10333, stack(0x00007f93a4014000,0x00007f93a4115000)]
  0x00007f93ac079800 JavaThread "Finalizer" daemon [_thread_blocked, id=10332, stack(0x00007f93a4ad4000,0x00007f93a4bd5000)]
  0x00007f93ac077800 JavaThread "Reference Handler" daemon [_thread_blocked, id=10331, stack(0x00007f93a4bd5000,0x00007f93a4cd6000)]
  0x00007f93ac00b000 JavaThread "main" [_thread_in_Java, id=10321, stack(0x00007f93b27d5000,0x00007f93b28d6000)]

Other Threads:
  0x00007f93ac073800 VMThread [stack: 0x00007f93a4cd6000,0x00007f93a4dd7000] [id=10330]
  0x00007f93ac0b5000 WatcherThread [stack: 0x00007f939fbfc000,0x00007f939fcfd000] [id=10337]

VM state:not at safepoint (normal execution)

VM Mutex/Monitor currently owned by a thread: None

Heap
 PSYoungGen      total 74752K, used 2580K [0x00000007ad000000, 0x00000007b2300000, 0x0000000800000000)
  eden space 64512K, 4% used [0x00000007ad000000,0x00000007ad2852d8,0x00000007b0f00000)
  from space 10240K, 0% used [0x00000007b1900000,0x00000007b1900000,0x00000007b2300000)
  to   space 10240K, 0% used [0x00000007b0f00000,0x00000007b0f00000,0x00000007b1900000)
 ParOldGen       total 169984K, used 0K [0x0000000707000000, 0x0000000711600000, 0x00000007ad000000)
  object space 169984K, 0% used [0x0000000707000000,0x0000000707000000,0x0000000711600000)
 PSPermGen       total 21504K, used 2482K [0x0000000701e00000, 0x0000000703300000, 0x0000000707000000)
  object space 21504K, 11% used [0x0000000701e00000,0x000000070206ca08,0x0000000703300000)

Card table byte_map: [0x00007f93a81d5000,0x00007f93a89c7000] byte_map_base: 0x00007f93a49c6000

Polling page: 0x00007f93b28f8000

Code Cache  [0x00007f93a89c7000, 0x00007f93a8c37000, 0x00007f93ab9c7000)
 total_blobs=167 nmethods=0 adapters=135 free_code_cache=48773Kb largest_free_block=49941376

Compilation events (1 events):
Event: 0.041 Thread 0x00007f93ac0a5000    1             java.lang.String::indexOf (70 bytes)

GC Heap History (0 events):
No events

Deoptimization events (0 events):
No events

Internal exceptions (2 events):
Event: 0.018 Thread 0x00007f93ac00b000 Threw 0x00000007ad00f0a0 at /HUDSON/workspace/7u-2-build-linux-amd64/jdk7u79/2331/hotspot/src/share/vm/prims/jni.cpp:3991
Event: 0.037 Thread 0x00007f93ac00b000 Threw 0x00000007ad057108 at /HUDSON/workspace/7u-2-build-linux-amd64/jdk7u79/2331/hotspot/src/share/vm/prims/jvm.cpp:1304

Events (10 events):
Event: 0.040 loading class 0x00007f93a6ca8390
Event: 0.040 loading class 0x00007f93a6ca8390 done
Event: 0.040 loading class 0x00007f93ac07e170
Event: 0.040 loading class 0x00007f93ac07e170 done
Event: 0.041 loading class 0x00007f93a6ca84b0
Event: 0.041 loading class 0x00007f93ac07e350
Event: 0.041 loading class 0x00007f93ac07e350 done
Event: 0.041 loading class 0x00007f93a6ca84b0 done
Event: 0.041 loading class 0x00007f93a6ca9c00
Event: 0.041 loading class 0x00007f93a6ca9c00 done


Dynamic libraries:
00400000-00401000 r-xp 00000000 08:02 6567276                            /home/capstone/installs/jdk1.7.0_79/bin/java
00600000-00601000 rw-p 00000000 08:02 6567276                            /home/capstone/installs/jdk1.7.0_79/bin/java
0083a000-0085b000 rw-p 00000000 00:00 0                                  [heap]
701e00000-703300000 rw-p 00000000 00:00 0 
703300000-707000000 rw-p 00000000 00:00 0 
707000000-711600000 rw-p 00000000 00:00 0 
711600000-7ad000000 rw-p 00000000 00:00 0 
7ad000000-7b2300000 rw-p 00000000 00:00 0 
7b2300000-800000000 rw-p 00000000 00:00 0 
7f9354000000-7f9354021000 rw-p 00000000 00:00 0 
7f9354021000-7f9358000000 ---p 00000000 00:00 0 
7f935c000000-7f935c021000 rw-p 00000000 00:00 0 
7f935c021000-7f9360000000 ---p 00000000 00:00 0 
7f9360000000-7f9360021000 rw-p 00000000 00:00 0 
7f9360021000-7f9364000000 ---p 00000000 00:00 0 
7f9364000000-7f9364021000 rw-p 00000000 00:00 0 
7f9364021000-7f9368000000 ---p 00000000 00:00 0 
7f9368000000-7f9368034000 rw-p 00000000 00:00 0 
7f9368034000-7f936c000000 ---p 00000000 00:00 0 
7f936c000000-7f936c021000 rw-p 00000000 00:00 0 
7f936c021000-7f9370000000 ---p 00000000 00:00 0 
7f9370000000-7f9370021000 rw-p 00000000 00:00 0 
7f9370021000-7f9374000000 ---p 00000000 00:00 0 
7f9374000000-7f9374021000 rw-p 00000000 00:00 0 
7f9374021000-7f9378000000 ---p 00000000 00:00 0 
7f9378000000-7f9378021000 rw-p 00000000 00:00 0 
7f9378021000-7f937c000000 ---p 00000000 00:00 0 
7f937c000000-7f937c021000 rw-p 00000000 00:00 0 
7f937c021000-7f9380000000 ---p 00000000 00:00 0 
7f93800f0000-7f9388000000 rw-p 00000000 00:00 0 
7f9388000000-7f9388021000 rw-p 00000000 00:00 0 
7f9388021000-7f938c000000 ---p 00000000 00:00 0 
7f938c000000-7f938c021000 rw-p 00000000 00:00 0 
7f938c021000-7f9390000000 ---p 00000000 00:00 0 
7f9390000000-7f9390021000 rw-p 00000000 00:00 0 
7f9390021000-7f9394000000 ---p 00000000 00:00 0 
7f9394000000-7f9394021000 rw-p 00000000 00:00 0 
7f9394021000-7f9398000000 ---p 00000000 00:00 0 
7f9398000000-7f9398021000 rw-p 00000000 00:00 0 
7f9398021000-7f939c000000 ---p 00000000 00:00 0 
7f939f97a000-7f939f996000 r--s 00103000 08:02 7092747                    /home/capstone/.m2/repository/org/mockito/mockito-core/1.10.19/mockito-core-1.10.19.jar
7f939f996000-7f939f9b4000 r--s 00110000 08:02 7092536                    /home/capstone/.m2/repository/org/mockito/mockito-all/1.10.19/mockito-all-1.10.19.jar
7f939f9b4000-7f939fbfc000 rw-p 00000000 00:00 0 
7f939fbfc000-7f939fbfd000 ---p 00000000 00:00 0 
7f939fbfd000-7f939fcfd000 rw-p 00000000 00:00 0 
7f939fcfd000-7f939fd00000 ---p 00000000 00:00 0 
7f939fd00000-7f939fdfe000 rw-p 00000000 00:00 0 
7f939fdfe000-7f939fe01000 ---p 00000000 00:00 0 
7f939fe01000-7f939feff000 rw-p 00000000 00:00 0 
7f939feff000-7f939ff02000 ---p 00000000 00:00 0 
7f939ff02000-7f93a0000000 rw-p 00000000 00:00 0 
7f93a0000000-7f93a0021000 rw-p 00000000 00:00 0 
7f93a0021000-7f93a4000000 ---p 00000000 00:00 0 
7f93a400b000-7f93a400d000 r--s 00004000 08:02 7092753                    /home/capstone/.m2/repository/org/powermock/powermock-api-support/1.6.6/powermock-api-support-1.6.6.jar
7f93a400d000-7f93a400f000 r--s 00008000 08:02 7092751                    /home/capstone/.m2/repository/org/powermock/powermock-api-mockito-common/1.6.6/powermock-api-mockito-common-1.6.6.jar
7f93a400f000-7f93a4011000 r--s 00009000 08:02 7092749                    /home/capstone/.m2/repository/org/objenesis/objenesis/2.1/objenesis-2.1.jar
7f93a4011000-7f93a4014000 r--s 00011000 08:02 7092745                    /home/capstone/.m2/repository/org/powermock/powermock-api-mockito/1.6.6/powermock-api-mockito-1.6.6.jar
7f93a4014000-7f93a4017000 ---p 00000000 00:00 0 
7f93a4017000-7f93a4115000 rw-p 00000000 00:00 0 
7f93a4115000-7f93a4ad4000 r--p 00000000 08:02 33101599                   /usr/lib/locale/locale-archive
7f93a4ad4000-7f93a4ad7000 ---p 00000000 00:00 0 
7f93a4ad7000-7f93a4bd5000 rw-p 00000000 00:00 0 
7f93a4bd5000-7f93a4bd8000 ---p 00000000 00:00 0 
7f93a4bd8000-7f93a4cd6000 rw-p 00000000 00:00 0 
7f93a4cd6000-7f93a4cd7000 ---p 00000000 00:00 0 
7f93a4cd7000-7f93a6a1b000 rw-p 00000000 00:00 0 
7f93a6a1b000-7f93a6bdb000 r--s 039f7000 08:02 6438489                    /home/capstone/installs/jdk1.7.0_79/jre/lib/rt.jar
7f93a6bdb000-7f93a749d000 rw-p 00000000 00:00 0 
7f93a749d000-7f93a749e000 ---p 00000000 00:00 0 
7f93a749e000-7f93a759e000 rw-p 00000000 00:00 0 
7f93a759e000-7f93a759f000 ---p 00000000 00:00 0 
7f93a759f000-7f93a769f000 rw-p 00000000 00:00 0 
7f93a769f000-7f93a76a0000 ---p 00000000 00:00 0 
7f93a76a0000-7f93a77a0000 rw-p 00000000 00:00 0 
7f93a77a0000-7f93a77a1000 ---p 00000000 00:00 0 
7f93a77a1000-7f93a78a1000 rw-p 00000000 00:00 0 
7f93a78a1000-7f93a78a2000 ---p 00000000 00:00 0 
7f93a78a2000-7f93a79a2000 rw-p 00000000 00:00 0 
7f93a79a2000-7f93a79a3000 ---p 00000000 00:00 0 
7f93a79a3000-7f93a7aa3000 rw-p 00000000 00:00 0 
7f93a7aa3000-7f93a7aa4000 ---p 00000000 00:00 0 
7f93a7aa4000-7f93a7ba4000 rw-p 00000000 00:00 0 
7f93a7ba4000-7f93a7ba5000 ---p 00000000 00:00 0 
7f93a7ba5000-7f93a7cf8000 rw-p 00000000 00:00 0 
7f93a7cf8000-7f93a81d5000 rw-p 00000000 00:00 0 
7f93a81d5000-7f93a81e0000 rw-p 00000000 00:00 0 
7f93a81e0000-7f93a81fe000 rw-p 00000000 00:00 0 
7f93a81fe000-7f93a8251000 rw-p 00000000 00:00 0 
7f93a8251000-7f93a872e000 rw-p 00000000 00:00 0 
7f93a872e000-7f93a8758000 rw-p 00000000 00:00 0 
7f93a8758000-7f93a89c6000 rw-p 00000000 00:00 0 
7f93a89c6000-7f93a89c7000 rw-p 00000000 00:00 0 
7f93a89c7000-7f93a8c37000 rwxp 00000000 00:00 0 
7f93a8c37000-7f93ab9c7000 rw-p 00000000 00:00 0 
7f93ab9c7000-7f93ab9e1000 r-xp 00000000 08:02 6437836                    /home/capstone/installs/jdk1.7.0_79/jre/lib/amd64/libzip.so
7f93ab9e1000-7f93abbe1000 ---p 0001a000 08:02 6437836                    /home/capstone/installs/jdk1.7.0_79/jre/lib/amd64/libzip.so
7f93abbe1000-7f93abbe2000 rw-p 0001a000 08:02 6437836                    /home/capstone/installs/jdk1.7.0_79/jre/lib/amd64/libzip.so
7f93abbe2000-7f93abbed000 r-xp 00000000 08:02 16288543                   /lib/x86_64-linux-gnu/libnss_files-2.23.so
7f93abbed000-7f93abdec000 ---p 0000b000 08:02 16288543                   /lib/x86_64-linux-gnu/libnss_files-2.23.so
7f93abdec000-7f93abded000 r--p 0000a000 08:02 16288543                   /lib/x86_64-linux-gnu/libnss_files-2.23.so
7f93abded000-7f93abdee000 rw-p 0000b000 08:02 16288543                   /lib/x86_64-linux-gnu/libnss_files-2.23.so
7f93abdee000-7f93abdf4000 rw-p 00000000 00:00 0 
7f93abdf4000-7f93abdff000 r-xp 00000000 08:02 16288528                   /lib/x86_64-linux-gnu/libnss_nis-2.23.so
7f93abdff000-7f93abffe000 ---p 0000b000 08:02 16288528                   /lib/x86_64-linux-gnu/libnss_nis-2.23.so
7f93abffe000-7f93abfff000 r--p 0000a000 08:02 16288528                   /lib/x86_64-linux-gnu/libnss_nis-2.23.so
7f93abfff000-7f93ac000000 rw-p 0000b000 08:02 16288528                   /lib/x86_64-linux-gnu/libnss_nis-2.23.so
7f93ac000000-7f93ac158000 rw-p 00000000 00:00 0 
7f93ac158000-7f93b0000000 ---p 00000000 00:00 0 
7f93b0001000-7f93b0003000 r--s 0000d000 08:02 7092743                    /home/capstone/.m2/repository/org/powermock/powermock-reflect/1.6.6/powermock-reflect-1.6.6.jar
7f93b0003000-7f93b00d1000 rw-p 00000000 00:00 0 
7f93b00d1000-7f93b00ef000 rw-p 00000000 00:00 0 
7f93b00ef000-7f93b0105000 r-xp 00000000 08:02 16288539                   /lib/x86_64-linux-gnu/libnsl-2.23.so
7f93b0105000-7f93b0304000 ---p 00016000 08:02 16288539                   /lib/x86_64-linux-gnu/libnsl-2.23.so
7f93b0304000-7f93b0305000 r--p 00015000 08:02 16288539                   /lib/x86_64-linux-gnu/libnsl-2.23.so
7f93b0305000-7f93b0306000 rw-p 00016000 08:02 16288539                   /lib/x86_64-linux-gnu/libnsl-2.23.so
7f93b0306000-7f93b0308000 rw-p 00000000 00:00 0 
7f93b0308000-7f93b0310000 r-xp 00000000 08:02 16288540                   /lib/x86_64-linux-gnu/libnss_compat-2.23.so
7f93b0310000-7f93b050f000 ---p 00008000 08:02 16288540                   /lib/x86_64-linux-gnu/libnss_compat-2.23.so
7f93b050f000-7f93b0510000 r--p 00007000 08:02 16288540                   /lib/x86_64-linux-gnu/libnss_compat-2.23.so
7f93b0510000-7f93b0511000 rw-p 00008000 08:02 16288540                   /lib/x86_64-linux-gnu/libnss_compat-2.23.so
7f93b0511000-7f93b053a000 r-xp 00000000 08:02 6437802                    /home/capstone/installs/jdk1.7.0_79/jre/lib/amd64/libjava.so
7f93b053a000-7f93b073a000 ---p 00029000 08:02 6437802                    /home/capstone/installs/jdk1.7.0_79/jre/lib/amd64/libjava.so
7f93b073a000-7f93b073c000 rw-p 00029000 08:02 6437802                    /home/capstone/installs/jdk1.7.0_79/jre/lib/amd64/libjava.so
7f93b073c000-7f93b0749000 r-xp 00000000 08:02 6437829                    /home/capstone/installs/jdk1.7.0_79/jre/lib/amd64/libverify.so
7f93b0749000-7f93b0948000 ---p 0000d000 08:02 6437829                    /home/capstone/installs/jdk1.7.0_79/jre/lib/amd64/libverify.so
7f93b0948000-7f93b094a000 rw-p 0000c000 08:02 6437829                    /home/capstone/installs/jdk1.7.0_79/jre/lib/amd64/libverify.so
7f93b094a000-7f93b0951000 r-xp 00000000 08:02 16288527                   /lib/x86_64-linux-gnu/librt-2.23.so
7f93b0951000-7f93b0b50000 ---p 00007000 08:02 16288527                   /lib/x86_64-linux-gnu/librt-2.23.so
7f93b0b50000-7f93b0b51000 r--p 00006000 08:02 16288527                   /lib/x86_64-linux-gnu/librt-2.23.so
7f93b0b51000-7f93b0b52000 rw-p 00007000 08:02 16288527                   /lib/x86_64-linux-gnu/librt-2.23.so
7f93b0b52000-7f93b0c5a000 r-xp 00000000 08:02 16288537                   /lib/x86_64-linux-gnu/libm-2.23.so
7f93b0c5a000-7f93b0e59000 ---p 00108000 08:02 16288537                   /lib/x86_64-linux-gnu/libm-2.23.so
7f93b0e59000-7f93b0e5a000 r--p 00107000 08:02 16288537                   /lib/x86_64-linux-gnu/libm-2.23.so
7f93b0e5a000-7f93b0e5b000 rw-p 00108000 08:02 16288537                   /lib/x86_64-linux-gnu/libm-2.23.so
7f93b0e5b000-7f93b19d0000 r-xp 00000000 08:02 6437856                    /home/capstone/installs/jdk1.7.0_79/jre/lib/amd64/server/libjvm.so
7f93b19d0000-7f93b1bd0000 ---p 00b75000 08:02 6437856                    /home/capstone/installs/jdk1.7.0_79/jre/lib/amd64/server/libjvm.so
7f93b1bd0000-7f93b1c94000 rw-p 00b75000 08:02 6437856                    /home/capstone/installs/jdk1.7.0_79/jre/lib/amd64/server/libjvm.so
7f93b1c94000-7f93b1cd5000 rw-p 00000000 00:00 0 
7f93b1cd5000-7f93b1e94000 r-xp 00000000 08:02 16288532                   /lib/x86_64-linux-gnu/libc-2.23.so
7f93b1e94000-7f93b2094000 ---p 001bf000 08:02 16288532                   /lib/x86_64-linux-gnu/libc-2.23.so
7f93b2094000-7f93b2098000 r--p 001bf000 08:02 16288532                   /lib/x86_64-linux-gnu/libc-2.23.so
7f93b2098000-7f93b209a000 rw-p 001c3000 08:02 16288532                   /lib/x86_64-linux-gnu/libc-2.23.so
7f93b209a000-7f93b209e000 rw-p 00000000 00:00 0 
7f93b209e000-7f93b20a1000 r-xp 00000000 08:02 16288531                   /lib/x86_64-linux-gnu/libdl-2.23.so
7f93b20a1000-7f93b22a0000 ---p 00003000 08:02 16288531                   /lib/x86_64-linux-gnu/libdl-2.23.so
7f93b22a0000-7f93b22a1000 r--p 00002000 08:02 16288531                   /lib/x86_64-linux-gnu/libdl-2.23.so
7f93b22a1000-7f93b22a2000 rw-p 00003000 08:02 16288531                   /lib/x86_64-linux-gnu/libdl-2.23.so
7f93b22a2000-7f93b22b8000 r-xp 00000000 08:02 6438537                    /home/capstone/installs/jdk1.7.0_79/lib/amd64/jli/libjli.so
7f93b22b8000-7f93b24b8000 ---p 00016000 08:02 6438537                    /home/capstone/installs/jdk1.7.0_79/lib/amd64/jli/libjli.so
7f93b24b8000-7f93b24b9000 rw-p 00016000 08:02 6438537                    /home/capstone/installs/jdk1.7.0_79/lib/amd64/jli/libjli.so
7f93b24b9000-7f93b24d1000 r-xp 00000000 08:02 16288538                   /lib/x86_64-linux-gnu/libpthread-2.23.so
7f93b24d1000-7f93b26d0000 ---p 00018000 08:02 16288538                   /lib/x86_64-linux-gnu/libpthread-2.23.so
7f93b26d0000-7f93b26d1000 r--p 00017000 08:02 16288538                   /lib/x86_64-linux-gnu/libpthread-2.23.so
7f93b26d1000-7f93b26d2000 rw-p 00018000 08:02 16288538                   /lib/x86_64-linux-gnu/libpthread-2.23.so
7f93b26d2000-7f93b26d6000 rw-p 00000000 00:00 0 
7f93b26d6000-7f93b26fc000 r-xp 00000000 08:02 16288521                   /lib/x86_64-linux-gnu/ld-2.23.so
7f93b26fd000-7f93b2707000 r--s 000aa000 08:02 7092741                    /home/capstone/.m2/repository/org/javassist/javassist/3.21.0-GA/javassist-3.21.0-GA.jar
7f93b2707000-7f93b270b000 r--s 0001a000 08:02 7092739                    /home/capstone/.m2/repository/org/powermock/powermock-core/1.6.6/powermock-core-1.6.6.jar
7f93b270b000-7f93b270d000 r--s 0000a000 08:02 7092735                    /home/capstone/.m2/repository/org/powermock/powermock-module-junit4/1.6.6/powermock-module-junit4-1.6.6.jar
7f93b270d000-7f93b2715000 r--s 00045000 08:02 6829082                    /home/capstone/.m2/repository/junit/junit/4.12/junit-4.12.jar
7f93b2715000-7f93b271f000 rw-p 00000000 00:00 0 
7f93b271f000-7f93b27d5000 rw-p 00000000 00:00 0 
7f93b27d5000-7f93b27d8000 ---p 00000000 00:00 0 
7f93b27d8000-7f93b28da000 rw-p 00000000 00:00 0 
7f93b28da000-7f93b28db000 r--s 00003000 08:02 7092737                    /home/capstone/.m2/repository/org/powermock/powermock-module-junit4-common/1.6.6/powermock-module-junit4-common-1.6.6.jar
7f93b28db000-7f93b28dd000 r--s 00009000 08:02 6829084                    /home/capstone/.m2/repository/org/hamcrest/hamcrest-core/1.3/hamcrest-core-1.3.jar
7f93b28dd000-7f93b28e2000 r--s 00034000 08:02 7224931                    /home/capstone/.m2/repository/com/google/code/gson/gson/2.8.0/gson-2.8.0.jar
7f93b28e2000-7f93b28e6000 r--s 00016000 08:02 7225212                    /home/capstone/.m2/repository/org/tukaani/xz/1.6/xz-1.6.jar
7f93b28e6000-7f93b28ef000 r--s 0006a000 08:02 7224476                    /home/capstone/.m2/repository/org/apache/commons/commons-compress/1.13/commons-compress-1.13.jar
7f93b28ef000-7f93b28f7000 rw-s 00000000 08:02 17337031                   /tmp/hsperfdata_capstone/10315
7f93b28f7000-7f93b28f8000 rw-p 00000000 00:00 0 
7f93b28f8000-7f93b28f9000 r--p 00000000 00:00 0 
7f93b28f9000-7f93b28fb000 rw-p 00000000 00:00 0 
7f93b28fb000-7f93b28fc000 r--p 00025000 08:02 16288521                   /lib/x86_64-linux-gnu/ld-2.23.so
7f93b28fc000-7f93b28fd000 rw-p 00026000 08:02 16288521                   /lib/x86_64-linux-gnu/ld-2.23.so
7f93b28fd000-7f93b28fe000 rw-p 00000000 00:00 0 
7fff627c3000-7fff627e5000 rw-p 00000000 00:00 0                          [stack]
7fff627ed000-7fff627ef000 r--p 00000000 00:00 0                          [vvar]
7fff627ef000-7fff627f1000 r-xp 00000000 00:00 0                          [vdso]
ffffffffff600000-ffffffffff601000 r-xp 00000000 00:00 0                  [vsyscall]

VM Arguments:
jvm_args: -ea -Dfile.encoding=UTF-8 
java_command: org.eclipse.jdt.internal.junit.runner.RemoteTestRunner -version 3 -port 35251 -testLoaderClass org.eclipse.jdt.internal.junit4.runner.JUnit4TestLoader -loaderpluginname org.eclipse.jdt.junit4.runtime -test com.alanbuttars.commons.compress.stub.compress.CompressTest:testFileNull
Launcher Type: SUN_STANDARD

Environment Variables:
JAVA_HOME=/home/capstone/installs/jdk1.8.0_111
PATH=/home/capstone/bin:/usr/local/sbin:/usr/local/bin:/usr/sbin:/usr/bin:/sbin:/bin:/usr/games:/usr/local/games:$JAVA_HOME/bin:/snap/bin
SHELL=/usr/bin/zsh
DISPLAY=:0

Signal Handlers:
SIGSEGV: [libjvm.so+0x9a3bf0], sa_mask[0]=0x7ffbfeff, sa_flags=0x10000004
SIGBUS: [libjvm.so+0x9a3bf0], sa_mask[0]=0x7ffbfeff, sa_flags=0x10000004
SIGFPE: [libjvm.so+0x81cb60], sa_mask[0]=0x7ffbfeff, sa_flags=0x10000004
SIGPIPE: [libjvm.so+0x81cb60], sa_mask[0]=0x7ffbfeff, sa_flags=0x10000004
SIGXFSZ: [libjvm.so+0x81cb60], sa_mask[0]=0x7ffbfeff, sa_flags=0x10000004
SIGILL: [libjvm.so+0x81cb60], sa_mask[0]=0x7ffbfeff, sa_flags=0x10000004
SIGUSR1: SIG_DFL, sa_mask[0]=0x00000000, sa_flags=0x00000000
SIGUSR2: [libjvm.so+0x81e360], sa_mask[0]=0x00000004, sa_flags=0x10000004
SIGHUP: [libjvm.so+0x81f480], sa_mask[0]=0x7ffbfeff, sa_flags=0x10000004
SIGINT: [libjvm.so+0x81f480], sa_mask[0]=0x7ffbfeff, sa_flags=0x10000004
SIGTERM: [libjvm.so+0x81f480], sa_mask[0]=0x7ffbfeff, sa_flags=0x10000004
SIGQUIT: [libjvm.so+0x81f480], sa_mask[0]=0x7ffbfeff, sa_flags=0x10000004


---------------  S Y S T E M  ---------------

OS:stretch/sid

uname:Linux 4.4.0-64-generic #85-Ubuntu SMP Mon Feb 20 11:50:30 UTC 2017 x86_64
libc:glibc 2.23 NPTL 2.23 
rlimit: STACK 8192k, CORE 0k, NPROC 62809, NOFILE 65536, AS infinity
load average:0.63 0.39 0.28

/proc/meminfo:
MemTotal:       16312852 kB
MemFree:         7527584 kB
MemAvailable:   11575920 kB
Buffers:          287572 kB
Cached:          4592832 kB
SwapCached:            0 kB
Active:          5489540 kB
Inactive:        2798072 kB
Active(anon):    3428888 kB
Inactive(anon):   751932 kB
Active(file):    2060652 kB
Inactive(file):  2046140 kB
Unevictable:         340 kB
Mlocked:             340 kB
SwapTotal:      16657404 kB
SwapFree:       16657404 kB
Dirty:              7680 kB
Writeback:             0 kB
AnonPages:       3407628 kB
Mapped:           627044 kB
Shmem:            773616 kB
Slab:             332108 kB
SReclaimable:     278784 kB
SUnreclaim:        53324 kB
KernelStack:       12464 kB
PageTables:        53140 kB
NFS_Unstable:          0 kB
Bounce:                0 kB
WritebackTmp:          0 kB
CommitLimit:    24813828 kB
Committed_AS:   10450288 kB
VmallocTotal:   34359738367 kB
VmallocUsed:           0 kB
VmallocChunk:          0 kB
HardwareCorrupted:     0 kB
AnonHugePages:   1384448 kB
CmaTotal:              0 kB
CmaFree:               0 kB
HugePages_Total:       0
HugePages_Free:        0
HugePages_Rsvd:        0
HugePages_Surp:        0
Hugepagesize:       2048 kB
DirectMap4k:      245320 kB
DirectMap2M:     8024064 kB
DirectMap1G:     8388608 kB


CPU:total 8 (4 cores per cpu, 2 threads per core) family 6 model 60 stepping 3, cmov, cx8, fxsr, mmx, sse, sse2, sse3, ssse3, sse4.1, sse4.2, popcnt, avx, avx2, aes, erms, ht, tsc, tscinvbit

/proc/cpuinfo:
processor	: 0
vendor_id	: GenuineIntel
cpu family	: 6
model		: 60
model name	: Intel(R) Core(TM) i7-4700HQ CPU @ 2.40GHz
stepping	: 3
microcode	: 0x9
cpu MHz		: 3250.968
cache size	: 6144 KB
physical id	: 0
siblings	: 8
core id		: 0
cpu cores	: 4
apicid		: 0
initial apicid	: 0
fpu		: yes
fpu_exception	: yes
cpuid level	: 13
wp		: yes
flags		: fpu vme de pse tsc msr pae mce cx8 apic sep mtrr pge mca cmov pat pse36 clflush dts acpi mmx fxsr sse sse2 ss ht tm pbe syscall nx pdpe1gb rdtscp lm constant_tsc arch_perfmon pebs bts rep_good nopl xtopology nonstop_tsc aperfmperf eagerfpu pni pclmulqdq dtes64 monitor ds_cpl vmx est tm2 ssse3 sdbg fma cx16 xtpr pdcm pcid sse4_1 sse4_2 x2apic movbe popcnt tsc_deadline_timer aes xsave avx f16c rdrand lahf_lm abm epb tpr_shadow vnmi flexpriority ept vpid fsgsbase tsc_adjust bmi1 avx2 smep bmi2 erms invpcid xsaveopt dtherm ida arat pln pts
bugs		:
bogomips	: 4788.83
clflush size	: 64
cache_alignment	: 64
address sizes	: 39 bits physical, 48 bits virtual
power management:

processor	: 1
vendor_id	: GenuineIntel
cpu family	: 6
model		: 60
model name	: Intel(R) Core(TM) i7-4700HQ CPU @ 2.40GHz
stepping	: 3
microcode	: 0x9
cpu MHz		: 3200.062
cache size	: 6144 KB
physical id	: 0
siblings	: 8
core id		: 1
cpu cores	: 4
apicid		: 2
initial apicid	: 2
fpu		: yes
fpu_exception	: yes
cpuid level	: 13
wp		: yes
flags		: fpu vme de pse tsc msr pae mce cx8 apic sep mtrr pge mca cmov pat pse36 clflush dts acpi mmx fxsr sse sse2 ss ht tm pbe syscall nx pdpe1gb rdtscp lm constant_tsc arch_perfmon pebs bts rep_good nopl xtopology nonstop_tsc aperfmperf eagerfpu pni pclmulqdq dtes64 monitor ds_cpl vmx est tm2 ssse3 sdbg fma cx16 xtpr pdcm pcid sse4_1 sse4_2 x2apic movbe popcnt tsc_deadline_timer aes xsave avx f16c rdrand lahf_lm abm epb tpr_shadow vnmi flexpriority ept vpid fsgsbase tsc_adjust bmi1 avx2 smep bmi2 erms invpcid xsaveopt dtherm ida arat pln pts
bugs		:
bogomips	: 4788.83
clflush size	: 64
cache_alignment	: 64
address sizes	: 39 bits physical, 48 bits virtual
power management:

processor	: 2
vendor_id	: GenuineIntel
cpu family	: 6
model		: 60
model name	: Intel(R) Core(TM) i7-4700HQ CPU @ 2.40GHz
stepping	: 3
microcode	: 0x9
cpu MHz		: 3243.187
cache size	: 6144 KB
physical id	: 0
siblings	: 8
core id		: 2
cpu cores	: 4
apicid		: 4
initial apicid	: 4
fpu		: yes
fpu_exception	: yes
cpuid level	: 13
wp		: yes
flags		: fpu vme de pse tsc msr pae mce cx8 apic sep mtrr pge mca cmov pat pse36 clflush dts acpi mmx fxsr sse sse2 ss ht tm pbe syscall nx pdpe1gb rdtscp lm constant_tsc arch_perfmon pebs bts rep_good nopl xtopology nonstop_tsc aperfmperf eagerfpu pni pclmulqdq dtes64 monitor ds_cpl vmx est tm2 ssse3 sdbg fma cx16 xtpr pdcm pcid sse4_1 sse4_2 x2apic movbe popcnt tsc_deadline_timer aes xsave avx f16c rdrand lahf_lm abm epb tpr_shadow vnmi flexpriority ept vpid fsgsbase tsc_adjust bmi1 avx2 smep bmi2 erms invpcid xsaveopt dtherm ida arat pln pts
bugs		:
bogomips	: 4788.83
clflush size	: 64
cache_alignment	: 64
address sizes	: 39 bits physical, 48 bits virtual
power management:

processor	: 3
vendor_id	: GenuineIntel
cpu family	: 6
model		: 60
model name	: Intel(R) Core(TM) i7-4700HQ CPU @ 2.40GHz
stepping	: 3
microcode	: 0x9
cpu MHz		: 3199.968
cache size	: 6144 KB
physical id	: 0
siblings	: 8
core id		: 3
cpu cores	: 4
apicid		: 6
initial apicid	: 6
fpu		: yes
fpu_exception	: yes
cpuid level	: 13
wp		: yes
flags		: fpu vme de pse tsc msr pae mce cx8 apic sep mtrr pge mca cmov pat pse36 clflush dts acpi mmx fxsr sse sse2 ss ht tm pbe syscall nx pdpe1gb rdtscp lm constant_tsc arch_perfmon pebs bts rep_good nopl xtopology nonstop_tsc aperfmperf eagerfpu pni pclmulqdq dtes64 monitor ds_cpl vmx est tm2 ssse3 sdbg fma cx16 xtpr pdcm pcid sse4_1 sse4_2 x2apic movbe popcnt tsc_deadline_timer aes xsave avx f16c rdrand lahf_lm abm epb tpr_shadow vnmi flexpriority ept vpid fsgsbase tsc_adjust bmi1 avx2 smep bmi2 erms invpcid xsaveopt dtherm ida arat pln pts
bugs		:
bogomips	: 4788.83
clflush size	: 64
cache_alignment	: 64
address sizes	: 39 bits physical, 48 bits virtual
power management:

processor	: 4
vendor_id	: GenuineIntel
cpu family	: 6
model		: 60
model name	: Intel(R) Core(TM) i7-4700HQ CPU @ 2.40GHz
stepping	: 3
microcode	: 0x9
cpu MHz		: 3233.906
cache size	: 6144 KB
physical id	: 0
siblings	: 8
core id		: 0
cpu cores	: 4
apicid		: 1
initial apicid	: 1
fpu		: yes
fpu_exception	: yes
cpuid level	: 13
wp		: yes
flags		: fpu vme de pse tsc msr pae mce cx8 apic sep mtrr pge mca cmov pat pse36 clflush dts acpi mmx fxsr sse sse2 ss ht tm pbe syscall nx pdpe1gb rdtscp lm constant_tsc arch_perfmon pebs bts rep_good nopl xtopology nonstop_tsc aperfmperf eagerfpu pni pclmulqdq dtes64 monitor ds_cpl vmx est tm2 ssse3 sdbg fma cx16 xtpr pdcm pcid sse4_1 sse4_2 x2apic movbe popcnt tsc_deadline_timer aes xsave avx f16c rdrand lahf_lm abm epb tpr_shadow vnmi flexpriority ept vpid fsgsbase tsc_adjust bmi1 avx2 smep bmi2 erms invpcid xsaveopt dtherm ida arat pln pts
bugs		:
bogomips	: 4788.83
clflush size	: 64
cache_alignment	: 64
address sizes	: 39 bits physical, 48 bits virtual
power management:

processor	: 5
vendor_id	: GenuineIntel
cpu family	: 6
model		: 60
model name	: Intel(R) Core(TM) i7-4700HQ CPU @ 2.40GHz
stepping	: 3
microcode	: 0x9
cpu MHz		: 3199.968
cache size	: 6144 KB
physical id	: 0
siblings	: 8
core id		: 1
cpu cores	: 4
apicid		: 3
initial apicid	: 3
fpu		: yes
fpu_exception	: yes
cpuid level	: 13
wp		: yes
flags		: fpu vme de pse tsc msr pae mce cx8 apic sep mtrr pge mca cmov pat pse36 clflush dts acpi mmx fxsr sse sse2 ss ht tm pbe syscall nx pdpe1gb rdtscp lm constant_tsc arch_perfmon pebs bts rep_good nopl xtopology nonstop_tsc aperfmperf eagerfpu pni pclmulqdq dtes64 monitor ds_cpl vmx est tm2 ssse3 sdbg fma cx16 xtpr pdcm pcid sse4_1 sse4_2 x2apic movbe popcnt tsc_deadline_timer aes xsave avx f16c rdrand lahf_lm abm epb tpr_shadow vnmi flexpriority ept vpid fsgsbase tsc_adjust bmi1 avx2 smep bmi2 erms invpcid xsaveopt dtherm ida arat pln pts
bugs		:
bogomips	: 4788.83
clflush size	: 64
cache_alignment	: 64
address sizes	: 39 bits physical, 48 bits virtual
power management:

processor	: 6
vendor_id	: GenuineIntel
cpu family	: 6
model		: 60
model name	: Intel(R) Core(TM) i7-4700HQ CPU @ 2.40GHz
stepping	: 3
microcode	: 0x9
cpu MHz		: 2681.343
cache size	: 6144 KB
physical id	: 0
siblings	: 8
core id		: 2
cpu cores	: 4
apicid		: 5
initial apicid	: 5
fpu		: yes
fpu_exception	: yes
cpuid level	: 13
wp		: yes
flags		: fpu vme de pse tsc msr pae mce cx8 apic sep mtrr pge mca cmov pat pse36 clflush dts acpi mmx fxsr sse sse2 ss ht tm pbe syscall nx pdpe1gb rdtscp lm constant_tsc arch_perfmon pebs bts rep_good nopl xtopology nonstop_tsc aperfmperf eagerfpu pni pclmulqdq dtes64 monitor ds_cpl vmx est tm2 ssse3 sdbg fma cx16 xtpr pdcm pcid sse4_1 sse4_2 x2apic movbe popcnt tsc_deadline_timer aes xsave avx f16c rdrand lahf_lm abm epb tpr_shadow vnmi flexpriority ept vpid fsgsbase tsc_adjust bmi1 avx2 smep bmi2 erms invpcid xsaveopt dtherm ida arat pln pts
bugs		:
bogomips	: 4788.83
clflush size	: 64
cache_alignment	: 64
address sizes	: 39 bits physical, 48 bits virtual
power management:

processor	: 7
vendor_id	: GenuineIntel
cpu family	: 6
model		: 60
model name	: Intel(R) Core(TM) i7-4700HQ CPU @ 2.40GHz
stepping	: 3
microcode	: 0x9
cpu MHz		: 3199.968
cache size	: 6144 KB
physical id	: 0
siblings	: 8
core id		: 3
cpu cores	: 4
apicid		: 7
initial apicid	: 7
fpu		: yes
fpu_exception	: yes
cpuid level	: 13
wp		: yes
flags		: fpu vme de pse tsc msr pae mce cx8 apic sep mtrr pge mca cmov pat pse36 clflush dts acpi mmx fxsr sse sse2 ss ht tm pbe syscall nx pdpe1gb rdtscp lm constant_tsc arch_perfmon pebs bts rep_good nopl xtopology nonstop_tsc aperfmperf eagerfpu pni pclmulqdq dtes64 monitor ds_cpl vmx est tm2 ssse3 sdbg fma cx16 xtpr pdcm pcid sse4_1 sse4_2 x2apic movbe popcnt tsc_deadline_timer aes xsave avx f16c rdrand lahf_lm abm epb tpr_shadow vnmi flexpriority ept vpid fsgsbase tsc_adjust bmi1 avx2 smep bmi2 erms invpcid xsaveopt dtherm ida arat pln pts
bugs		:
bogomips	: 4788.83
clflush size	: 64
cache_alignment	: 64
address sizes	: 39 bits physical, 48 bits virtual
power management:



Memory: 4k page, physical 16312852k(7527584k free), swap 16657404k(16657404k free)

vm_info: Java HotSpot(TM) 64-Bit Server VM (24.79-b02) for linux-amd64 JRE (1.7.0_79-b15), built on Apr 10 2015 11:34:48 by "java_re" with gcc 4.3.0 20080428 (Red Hat 4.3.0-8)

time: Tue Mar  7 21:28:27 2017
elapsed time: 0 seconds

