#
# A fatal error has been detected by the Java Runtime Environment:
#
#  SIGILL (0x4) at pc=0x00007f2c38a3e341, pid=13048, tid=139826942961408
#
# JRE version: Java(TM) SE Runtime Environment (7.0_79-b15) (build 1.7.0_79-b15)
# Java VM: Java HotSpot(TM) 64-Bit Server VM (24.79-b02 mixed mode linux-amd64 compressed oops)
# Problematic frame:
# V  [libjvm.so+0x795341]  Matcher::match()+0x3d1
#
# Failed to write core dump. Core dumps have been disabled. To enable core dumping, try "ulimit -c unlimited" before starting Java again
#
# If you would like to submit a bug report, please visit:
#   http://bugreport.java.com/bugreport/crash.jsp
#

---------------  T H R E A D  ---------------

Current thread (0x00007f2c3009d000):  JavaThread "C2 CompilerThread0" daemon [_thread_in_native, id=13068, stack(0x00007f2bff33e000,0x00007f2bff43f000)]

siginfo:si_signo=SIGILL: si_errno=0, si_code=2 (ILL_ILLOPN), si_addr=0x00007f2c38a3e341

Registers:
RAX=0x00007f2be8017b30, RBX=0x00007f2bff439ff0, RCX=0x00007f2bff439ff0, RDX=0x00007f2bff439ff0
RSP=0x00007f2bff439ee0, RBP=0x00007f2bff439fe0, RSI=0x00007f2be8017b10, RDI=0x00007f2bff43c310
R8 =0x0000000000000008, R9 =0x00007f2c390e13c0, R10=0x0000000000000028, R11=0x00007f2be800a218
R12=0x0000000000000004, R13=0x0000000000000001, R14=0x0000000000000000, R15=0x0000000000000000
RIP=0x00007f2c38a3e341, EFLAGS=0x0000000000010206, CSGSFS=0x0000000000000033, ERR=0x0000000000000000
  TRAPNO=0x0000000000000006

Top of Stack: (sp=0x00007f2bff439ee0)
0x00007f2bff439ee0:   0000000000000000 00007f2c390e13c0
0x00007f2bff439ef0:   0000000000000000 00007f2bff439ff0
0x00007f2bff439f00:   00007f2be8017b10 00000000000027d8
0x00007f2bff439f10:   00007f2bff43a960 00000006385496b3
0x00007f2bff439f20:   0000000000000000 00007f2c3854948a
0x00007f2bff439f30:   00007f2be80178d8 00007f2bff439f70
0x00007f2bff439f40:   00000000000027d8 00007f2bff43a960
0x00007f2bff439f50:   0000000000100000 0000000000000000
0x00007f2bff439f60:   0000000000000000 0000000000000000
0x00007f2bff439f70:   0000000000000000 00007f2bff439ff0
0x00007f2bff439f80:   0000000000000000 0000000000000000
0x00007f2bff439f90:   0400000000000000 0000000000000000
0x00007f2bff439fa0:   0000000000000000 00007f2bff43ac40
0x00007f2bff439fb0:   00007f2bff439fe0 00007f2bff43b770
0x00007f2bff439fc0:   00007f2bff43c310 00007f2bff439ff0
0x00007f2bff439fd0:   00007f2bff43ac40 00007f2c390c8d20
0x00007f2bff439fe0:   00007f2bff43b7c0 00007f2c386ecefa
0x00007f2bff439ff0:   00007f2c390a67f0 0000000000000005
0x00007f2bff43a000:   00007f2bff43c310 00007f2c3009da70
0x00007f2bff43a010:   00007f2c3009da70 0000000000000004
0x00007f2bff43a020:   00007f2be80178b0 00007f2c3009da70
0x00007f2bff43a030:   0000000000000040 00007f2be80178e0
0x00007f2bff43a040:   0000000000000000 0000000000000000
0x00007f2bff43a050:   0000000000000000 0000000000000000
0x00007f2bff43a060:   0000000000000000 0000000000000000
0x00007f2bff43a070:   0000000000000000 0000000000000000
0x00007f2bff43a080:   0000000000000000 0000000000000000
0x00007f2bff43a090:   0000000000000000 0000000000000000
0x00007f2bff43a0a0:   0000000000000000 0000000000000000
0x00007f2bff43a0b0:   0000000000000000 0000000000000000
0x00007f2bff43a0c0:   0000000000000000 0000000000000000
0x00007f2bff43a0d0:   0000000000000000 0000000000000000 

Instructions: (pc=0x00007f2c38a3e341)
0x00007f2c38a3e321:   00 00 00 00 c7 40 0c 00 00 00 00 c7 40 10 00 00
0x00007f2c38a3e331:   00 00 c7 40 14 00 00 00 00 c7 40 18 00 00 00 b0
0x00007f2c38a3e341:   06 ee b0 b0 3f ad 94 77 80 cd 94 00 00 00 c7 40
0x00007f2c38a3e351:   24 00 00 00 00 48 8b 8d 20 ff ff ff 4e 8b 64 b9 

Register to memory mapping:

RAX=0x00007f2be8017b30 is an unknown value
RBX=0x00007f2bff439ff0 is pointing into the stack for thread: 0x00007f2c3009d000
RCX=0x00007f2bff439ff0 is pointing into the stack for thread: 0x00007f2c3009d000
RDX=0x00007f2bff439ff0 is pointing into the stack for thread: 0x00007f2c3009d000
RSP=0x00007f2bff439ee0 is pointing into the stack for thread: 0x00007f2c3009d000
RBP=0x00007f2bff439fe0 is pointing into the stack for thread: 0x00007f2c3009d000
RSI=0x00007f2be8017b10 is an unknown value
RDI=0x00007f2bff43c310 is pointing into the stack for thread: 0x00007f2c3009d000
R8 =0x0000000000000008 is an unknown value
R9 =0x00007f2c390e13c0: <offset 0xe383c0> in /home/capstone/installs/jdk1.7.0_79/jre/lib/amd64/server/libjvm.so at 0x00007f2c382a9000
R10=0x0000000000000028 is an unknown value
R11=0x00007f2be800a218 is an unknown value
R12=0x0000000000000004 is an unknown value
R13=0x0000000000000001 is an unknown value
R14=0x0000000000000000 is an unknown value
R15=0x0000000000000000 is an unknown value


Stack: [0x00007f2bff33e000,0x00007f2bff43f000],  sp=0x00007f2bff439ee0,  free space=1007k
Native frames: (J=compiled Java code, j=interpreted, Vv=VM code, C=native code)
V  [libjvm.so+0x795341]  Matcher::match()+0x3d1
V  [libjvm.so+0x443efa]  Compile::Code_Gen()+0x12a
V  [libjvm.so+0x444a8d]  Compile::Compile(ciEnv*, TypeFunc const* (*)(), unsigned char*, char const*, int, bool, bool, bool)+0x7bd
V  [libjvm.so+0x8abe19]  OptoRuntime::generate_stub(ciEnv*, TypeFunc const* (*)(), unsigned char*, char const*, int, bool, bool, bool)+0xd9
V  [libjvm.so+0x8abff6]  OptoRuntime::generate(ciEnv*)+0x46
V  [libjvm.so+0x3b19d9]  C2Compiler::initialize_runtime()+0x119
V  [libjvm.so+0x1eabe3]  AbstractCompiler::initialize_runtimes(void (*)(), int volatile*)+0x1c3
V  [libjvm.so+0x3b18aa]  C2Compiler::initialize()+0x2a
V  [libjvm.so+0x3b1d1e]  C2Compiler::compile_method(ciEnv*, ciMethod*, int)+0x31e
V  [libjvm.so+0x44ec6e]  CompileBroker::invoke_compiler_on_method(CompileTask*)+0x33e
V  [libjvm.so+0x44fa4d]  CompileBroker::compiler_thread_loop()+0x43d
V  [libjvm.so+0x95c11f]  JavaThread::thread_main_inner()+0xdf
V  [libjvm.so+0x95c225]  JavaThread::run()+0xf5
V  [libjvm.so+0x821ca8]  java_start(Thread*)+0x108


Current CompileTask:
C2:     59    1             java.lang.String::indexOf (70 bytes)


---------------  P R O C E S S  ---------------

Java Threads: ( => current thread )
  0x00007f2c300a2800 JavaThread "Service Thread" daemon [_thread_blocked, id=13070, stack(0x00007f2bff13c000,0x00007f2bff23d000)]
  0x00007f2c300a0000 JavaThread "C2 CompilerThread1" daemon [_thread_blocked, id=13069, stack(0x00007f2bff23d000,0x00007f2bff33e000)]
=>0x00007f2c3009d000 JavaThread "C2 CompilerThread0" daemon [_thread_in_native, id=13068, stack(0x00007f2bff33e000,0x00007f2bff43f000)]
  0x00007f2c3009b000 JavaThread "Signal Dispatcher" daemon [_thread_blocked, id=13067, stack(0x00007f2bff43f000,0x00007f2bff540000)]
  0x00007f2c30079800 JavaThread "Finalizer" daemon [_thread_blocked, id=13066, stack(0x00007f2bffeff000,0x00007f2c00000000)]
  0x00007f2c30077800 JavaThread "Reference Handler" daemon [_thread_blocked, id=13065, stack(0x00007f2c240e0000,0x00007f2c241e1000)]
  0x00007f2c3000b000 JavaThread "main" [_thread_in_Java, id=13052, stack(0x00007f2c39c23000,0x00007f2c39d24000)]

Other Threads:
  0x00007f2c30073800 VMThread [stack: 0x00007f2c241e1000,0x00007f2c242e2000] [id=13064]
  0x00007f2c300ad000 WatcherThread [stack: 0x00007f2bff03b000,0x00007f2bff13c000] [id=13071]

VM state:not at safepoint (normal execution)

VM Mutex/Monitor currently owned by a thread: None

Heap
 PSYoungGen      total 74752K, used 2580K [0x00000007ad000000, 0x00000007b2300000, 0x0000000800000000)
  eden space 64512K, 4% used [0x00000007ad000000,0x00000007ad2852d8,0x00000007b0f00000)
  from space 10240K, 0% used [0x00000007b1900000,0x00000007b1900000,0x00000007b2300000)
  to   space 10240K, 0% used [0x00000007b0f00000,0x00000007b0f00000,0x00000007b1900000)
 ParOldGen       total 169984K, used 0K [0x0000000707000000, 0x0000000711600000, 0x00000007ad000000)
  object space 169984K, 0% used [0x0000000707000000,0x0000000707000000,0x0000000711600000)
 PSPermGen       total 21504K, used 2482K [0x0000000701e00000, 0x0000000703300000, 0x0000000707000000)
  object space 21504K, 11% used [0x0000000701e00000,0x000000070206ca08,0x0000000703300000)

Card table byte_map: [0x00007f2c36712000,0x00007f2c36f04000] byte_map_base: 0x00007f2c32f03000

Polling page: 0x00007f2c39d46000

Code Cache  [0x00007f2c2d000000, 0x00007f2c2d270000, 0x00007f2c30000000)
 total_blobs=167 nmethods=0 adapters=135 free_code_cache=48773Kb largest_free_block=49941376

Compilation events (1 events):
Event: 0.054 Thread 0x00007f2c3009d000    1             java.lang.String::indexOf (70 bytes)

GC Heap History (0 events):
No events

Deoptimization events (0 events):
No events

Internal exceptions (2 events):
Event: 0.026 Thread 0x00007f2c3000b000 Threw 0x00000007ad00f178 at /HUDSON/workspace/7u-2-build-linux-amd64/jdk7u79/2331/hotspot/src/share/vm/prims/jni.cpp:3991
Event: 0.050 Thread 0x00007f2c3000b000 Threw 0x00000007ad057208 at /HUDSON/workspace/7u-2-build-linux-amd64/jdk7u79/2331/hotspot/src/share/vm/prims/jvm.cpp:1304

Events (10 events):
Event: 0.053 loading class 0x00007f2c35144390
Event: 0.053 loading class 0x00007f2c35144390 done
Event: 0.053 loading class 0x00007f2c3004dd20
Event: 0.053 loading class 0x00007f2c3004dd20 done
Event: 0.053 loading class 0x00007f2c351444b0
Event: 0.053 loading class 0x00007f2c3004df00
Event: 0.053 loading class 0x00007f2c3004df00 done
Event: 0.053 loading class 0x00007f2c351444b0 done
Event: 0.053 loading class 0x00007f2c35145c00
Event: 0.053 loading class 0x00007f2c35145c00 done


Dynamic libraries:
00400000-00401000 r-xp 00000000 08:02 6567276                            /home/capstone/installs/jdk1.7.0_79/bin/java
00600000-00601000 rw-p 00000000 08:02 6567276                            /home/capstone/installs/jdk1.7.0_79/bin/java
020ab000-020cc000 rw-p 00000000 00:00 0                                  [heap]
701e00000-703300000 rw-p 00000000 00:00 0 
703300000-707000000 rw-p 00000000 00:00 0 
707000000-711600000 rw-p 00000000 00:00 0 
711600000-7ad000000 rw-p 00000000 00:00 0 
7ad000000-7b2300000 rw-p 00000000 00:00 0 
7b2300000-800000000 rw-p 00000000 00:00 0 
7f2be0000000-7f2be0021000 rw-p 00000000 00:00 0 
7f2be0021000-7f2be4000000 ---p 00000000 00:00 0 
7f2be4000000-7f2be4021000 rw-p 00000000 00:00 0 
7f2be4021000-7f2be8000000 ---p 00000000 00:00 0 
7f2be8000000-7f2be8034000 rw-p 00000000 00:00 0 
7f2be8034000-7f2bec000000 ---p 00000000 00:00 0 
7f2bec000000-7f2bec021000 rw-p 00000000 00:00 0 
7f2bec021000-7f2bf0000000 ---p 00000000 00:00 0 
7f2bf0000000-7f2bf0021000 rw-p 00000000 00:00 0 
7f2bf0021000-7f2bf4000000 ---p 00000000 00:00 0 
7f2bf4000000-7f2bf4021000 rw-p 00000000 00:00 0 
7f2bf4021000-7f2bf8000000 ---p 00000000 00:00 0 
7f2bf8000000-7f2bf8021000 rw-p 00000000 00:00 0 
7f2bf8021000-7f2bfc000000 ---p 00000000 00:00 0 
7f2bfeeb2000-7f2bfeece000 r--s 00103000 08:02 7092747                    /home/capstone/.m2/repository/org/mockito/mockito-core/1.10.19/mockito-core-1.10.19.jar
7f2bfeece000-7f2bff03b000 rw-p 00000000 00:00 0 
7f2bff03b000-7f2bff03c000 ---p 00000000 00:00 0 
7f2bff03c000-7f2bff13c000 rw-p 00000000 00:00 0 
7f2bff13c000-7f2bff13f000 ---p 00000000 00:00 0 
7f2bff13f000-7f2bff23d000 rw-p 00000000 00:00 0 
7f2bff23d000-7f2bff240000 ---p 00000000 00:00 0 
7f2bff240000-7f2bff33e000 rw-p 00000000 00:00 0 
7f2bff33e000-7f2bff341000 ---p 00000000 00:00 0 
7f2bff341000-7f2bff43f000 rw-p 00000000 00:00 0 
7f2bff43f000-7f2bff442000 ---p 00000000 00:00 0 
7f2bff442000-7f2bff540000 rw-p 00000000 00:00 0 
7f2bff540000-7f2bffeff000 r--p 00000000 08:02 33101599                   /usr/lib/locale/locale-archive
7f2bffeff000-7f2bfff02000 ---p 00000000 00:00 0 
7f2bfff02000-7f2c00000000 rw-p 00000000 00:00 0 
7f2c00000000-7f2c00021000 rw-p 00000000 00:00 0 
7f2c00021000-7f2c04000000 ---p 00000000 00:00 0 
7f2c04000000-7f2c04021000 rw-p 00000000 00:00 0 
7f2c04021000-7f2c08000000 ---p 00000000 00:00 0 
7f2c08000000-7f2c08021000 rw-p 00000000 00:00 0 
7f2c08021000-7f2c0c000000 ---p 00000000 00:00 0 
7f2c0c000000-7f2c0c021000 rw-p 00000000 00:00 0 
7f2c0c021000-7f2c10000000 ---p 00000000 00:00 0 
7f2c10000000-7f2c10021000 rw-p 00000000 00:00 0 
7f2c10021000-7f2c14000000 ---p 00000000 00:00 0 
7f2c14000000-7f2c14021000 rw-p 00000000 00:00 0 
7f2c14021000-7f2c18000000 ---p 00000000 00:00 0 
7f2c18000000-7f2c18021000 rw-p 00000000 00:00 0 
7f2c18021000-7f2c1c000000 ---p 00000000 00:00 0 
7f2c1c000000-7f2c1c021000 rw-p 00000000 00:00 0 
7f2c1c021000-7f2c20000000 ---p 00000000 00:00 0 
7f2c20000000-7f2c20021000 rw-p 00000000 00:00 0 
7f2c20021000-7f2c24000000 ---p 00000000 00:00 0 
7f2c24005000-7f2c240e0000 rw-p 00000000 00:00 0 
7f2c240e0000-7f2c240e3000 ---p 00000000 00:00 0 
7f2c240e3000-7f2c241e1000 rw-p 00000000 00:00 0 
7f2c241e1000-7f2c241e2000 ---p 00000000 00:00 0 
7f2c241e2000-7f2c2d000000 rw-p 00000000 00:00 0 
7f2c2d000000-7f2c2d270000 rwxp 00000000 00:00 0 
7f2c2d270000-7f2c30145000 rw-p 00000000 00:00 0 
7f2c30145000-7f2c34000000 ---p 00000000 00:00 0 
7f2c3400f000-7f2c34011000 r--s 00008000 08:02 7092751                    /home/capstone/.m2/repository/org/powermock/powermock-api-mockito-common/1.6.6/powermock-api-mockito-common-1.6.6.jar
7f2c34011000-7f2c34013000 r--s 00009000 08:02 7092749                    /home/capstone/.m2/repository/org/objenesis/objenesis/2.1/objenesis-2.1.jar
7f2c34013000-7f2c34016000 r--s 00011000 08:02 7092745                    /home/capstone/.m2/repository/org/powermock/powermock-api-mockito/1.6.6/powermock-api-mockito-1.6.6.jar
7f2c34016000-7f2c34018000 r--s 0000d000 08:02 7092743                    /home/capstone/.m2/repository/org/powermock/powermock-reflect/1.6.6/powermock-reflect-1.6.6.jar
7f2c34018000-7f2c34036000 r--s 00110000 08:02 7092536                    /home/capstone/.m2/repository/org/mockito/mockito-all/1.10.19/mockito-all-1.10.19.jar
7f2c34036000-7f2c34eb7000 rw-p 00000000 00:00 0 
7f2c34eb7000-7f2c35077000 r--s 039f7000 08:02 6438489                    /home/capstone/installs/jdk1.7.0_79/jre/lib/rt.jar
7f2c35077000-7f2c359b1000 rw-p 00000000 00:00 0 
7f2c359b1000-7f2c359b2000 ---p 00000000 00:00 0 
7f2c359b2000-7f2c35ab2000 rw-p 00000000 00:00 0 
7f2c35ab2000-7f2c35ab3000 ---p 00000000 00:00 0 
7f2c35ab3000-7f2c35bb3000 rw-p 00000000 00:00 0 
7f2c35bb3000-7f2c35bb4000 ---p 00000000 00:00 0 
7f2c35bb4000-7f2c35cb4000 rw-p 00000000 00:00 0 
7f2c35cb4000-7f2c35cb5000 ---p 00000000 00:00 0 
7f2c35cb5000-7f2c35db5000 rw-p 00000000 00:00 0 
7f2c35db5000-7f2c35db6000 ---p 00000000 00:00 0 
7f2c35db6000-7f2c35eb6000 rw-p 00000000 00:00 0 
7f2c35eb6000-7f2c35eb7000 ---p 00000000 00:00 0 
7f2c35eb7000-7f2c35fb7000 rw-p 00000000 00:00 0 
7f2c35fb7000-7f2c35fb8000 ---p 00000000 00:00 0 
7f2c35fb8000-7f2c360b8000 rw-p 00000000 00:00 0 
7f2c360b8000-7f2c360b9000 ---p 00000000 00:00 0 
7f2c360b9000-7f2c361c4000 rw-p 00000000 00:00 0 
7f2c361c4000-7f2c361e2000 rw-p 00000000 00:00 0 
7f2c361e2000-7f2c36235000 rw-p 00000000 00:00 0 
7f2c36235000-7f2c36712000 rw-p 00000000 00:00 0 
7f2c36712000-7f2c3671d000 rw-p 00000000 00:00 0 
7f2c3671d000-7f2c3673b000 rw-p 00000000 00:00 0 
7f2c3673b000-7f2c3678e000 rw-p 00000000 00:00 0 
7f2c3678e000-7f2c36c6b000 rw-p 00000000 00:00 0 
7f2c36c6b000-7f2c36c95000 rw-p 00000000 00:00 0 
7f2c36c95000-7f2c36f03000 rw-p 00000000 00:00 0 
7f2c36f03000-7f2c36f04000 rw-p 00000000 00:00 0 
7f2c36f04000-7f2c36f1e000 r-xp 00000000 08:02 6437836                    /home/capstone/installs/jdk1.7.0_79/jre/lib/amd64/libzip.so
7f2c36f1e000-7f2c3711e000 ---p 0001a000 08:02 6437836                    /home/capstone/installs/jdk1.7.0_79/jre/lib/amd64/libzip.so
7f2c3711e000-7f2c3711f000 rw-p 0001a000 08:02 6437836                    /home/capstone/installs/jdk1.7.0_79/jre/lib/amd64/libzip.so
7f2c3711f000-7f2c3712a000 r-xp 00000000 08:02 16288543                   /lib/x86_64-linux-gnu/libnss_files-2.23.so
7f2c3712a000-7f2c37329000 ---p 0000b000 08:02 16288543                   /lib/x86_64-linux-gnu/libnss_files-2.23.so
7f2c37329000-7f2c3732a000 r--p 0000a000 08:02 16288543                   /lib/x86_64-linux-gnu/libnss_files-2.23.so
7f2c3732a000-7f2c3732b000 rw-p 0000b000 08:02 16288543                   /lib/x86_64-linux-gnu/libnss_files-2.23.so
7f2c3732b000-7f2c37331000 rw-p 00000000 00:00 0 
7f2c37331000-7f2c3733c000 r-xp 00000000 08:02 16288528                   /lib/x86_64-linux-gnu/libnss_nis-2.23.so
7f2c3733c000-7f2c3753b000 ---p 0000b000 08:02 16288528                   /lib/x86_64-linux-gnu/libnss_nis-2.23.so
7f2c3753b000-7f2c3753c000 r--p 0000a000 08:02 16288528                   /lib/x86_64-linux-gnu/libnss_nis-2.23.so
7f2c3753c000-7f2c3753d000 rw-p 0000b000 08:02 16288528                   /lib/x86_64-linux-gnu/libnss_nis-2.23.so
7f2c3753d000-7f2c37553000 r-xp 00000000 08:02 16288539                   /lib/x86_64-linux-gnu/libnsl-2.23.so
7f2c37553000-7f2c37752000 ---p 00016000 08:02 16288539                   /lib/x86_64-linux-gnu/libnsl-2.23.so
7f2c37752000-7f2c37753000 r--p 00015000 08:02 16288539                   /lib/x86_64-linux-gnu/libnsl-2.23.so
7f2c37753000-7f2c37754000 rw-p 00016000 08:02 16288539                   /lib/x86_64-linux-gnu/libnsl-2.23.so
7f2c37754000-7f2c37756000 rw-p 00000000 00:00 0 
7f2c37756000-7f2c3775e000 r-xp 00000000 08:02 16288540                   /lib/x86_64-linux-gnu/libnss_compat-2.23.so
7f2c3775e000-7f2c3795d000 ---p 00008000 08:02 16288540                   /lib/x86_64-linux-gnu/libnss_compat-2.23.so
7f2c3795d000-7f2c3795e000 r--p 00007000 08:02 16288540                   /lib/x86_64-linux-gnu/libnss_compat-2.23.so
7f2c3795e000-7f2c3795f000 rw-p 00008000 08:02 16288540                   /lib/x86_64-linux-gnu/libnss_compat-2.23.so
7f2c3795f000-7f2c37988000 r-xp 00000000 08:02 6437802                    /home/capstone/installs/jdk1.7.0_79/jre/lib/amd64/libjava.so
7f2c37988000-7f2c37b88000 ---p 00029000 08:02 6437802                    /home/capstone/installs/jdk1.7.0_79/jre/lib/amd64/libjava.so
7f2c37b88000-7f2c37b8a000 rw-p 00029000 08:02 6437802                    /home/capstone/installs/jdk1.7.0_79/jre/lib/amd64/libjava.so
7f2c37b8a000-7f2c37b97000 r-xp 00000000 08:02 6437829                    /home/capstone/installs/jdk1.7.0_79/jre/lib/amd64/libverify.so
7f2c37b97000-7f2c37d96000 ---p 0000d000 08:02 6437829                    /home/capstone/installs/jdk1.7.0_79/jre/lib/amd64/libverify.so
7f2c37d96000-7f2c37d98000 rw-p 0000c000 08:02 6437829                    /home/capstone/installs/jdk1.7.0_79/jre/lib/amd64/libverify.so
7f2c37d98000-7f2c37d9f000 r-xp 00000000 08:02 16288527                   /lib/x86_64-linux-gnu/librt-2.23.so
7f2c37d9f000-7f2c37f9e000 ---p 00007000 08:02 16288527                   /lib/x86_64-linux-gnu/librt-2.23.so
7f2c37f9e000-7f2c37f9f000 r--p 00006000 08:02 16288527                   /lib/x86_64-linux-gnu/librt-2.23.so
7f2c37f9f000-7f2c37fa0000 rw-p 00007000 08:02 16288527                   /lib/x86_64-linux-gnu/librt-2.23.so
7f2c37fa0000-7f2c380a8000 r-xp 00000000 08:02 16288537                   /lib/x86_64-linux-gnu/libm-2.23.so
7f2c380a8000-7f2c382a7000 ---p 00108000 08:02 16288537                   /lib/x86_64-linux-gnu/libm-2.23.so
7f2c382a7000-7f2c382a8000 r--p 00107000 08:02 16288537                   /lib/x86_64-linux-gnu/libm-2.23.so
7f2c382a8000-7f2c382a9000 rw-p 00108000 08:02 16288537                   /lib/x86_64-linux-gnu/libm-2.23.so
7f2c382a9000-7f2c38e1e000 r-xp 00000000 08:02 6437856                    /home/capstone/installs/jdk1.7.0_79/jre/lib/amd64/server/libjvm.so
7f2c38e1e000-7f2c3901e000 ---p 00b75000 08:02 6437856                    /home/capstone/installs/jdk1.7.0_79/jre/lib/amd64/server/libjvm.so
7f2c3901e000-7f2c390e2000 rw-p 00b75000 08:02 6437856                    /home/capstone/installs/jdk1.7.0_79/jre/lib/amd64/server/libjvm.so
7f2c390e2000-7f2c39123000 rw-p 00000000 00:00 0 
7f2c39123000-7f2c392e2000 r-xp 00000000 08:02 16288532                   /lib/x86_64-linux-gnu/libc-2.23.so
7f2c392e2000-7f2c394e2000 ---p 001bf000 08:02 16288532                   /lib/x86_64-linux-gnu/libc-2.23.so
7f2c394e2000-7f2c394e6000 r--p 001bf000 08:02 16288532                   /lib/x86_64-linux-gnu/libc-2.23.so
7f2c394e6000-7f2c394e8000 rw-p 001c3000 08:02 16288532                   /lib/x86_64-linux-gnu/libc-2.23.so
7f2c394e8000-7f2c394ec000 rw-p 00000000 00:00 0 
7f2c394ec000-7f2c394ef000 r-xp 00000000 08:02 16288531                   /lib/x86_64-linux-gnu/libdl-2.23.so
7f2c394ef000-7f2c396ee000 ---p 00003000 08:02 16288531                   /lib/x86_64-linux-gnu/libdl-2.23.so
7f2c396ee000-7f2c396ef000 r--p 00002000 08:02 16288531                   /lib/x86_64-linux-gnu/libdl-2.23.so
7f2c396ef000-7f2c396f0000 rw-p 00003000 08:02 16288531                   /lib/x86_64-linux-gnu/libdl-2.23.so
7f2c396f0000-7f2c39706000 r-xp 00000000 08:02 6438537                    /home/capstone/installs/jdk1.7.0_79/lib/amd64/jli/libjli.so
7f2c39706000-7f2c39906000 ---p 00016000 08:02 6438537                    /home/capstone/installs/jdk1.7.0_79/lib/amd64/jli/libjli.so
7f2c39906000-7f2c39907000 rw-p 00016000 08:02 6438537                    /home/capstone/installs/jdk1.7.0_79/lib/amd64/jli/libjli.so
7f2c39907000-7f2c3991f000 r-xp 00000000 08:02 16288538                   /lib/x86_64-linux-gnu/libpthread-2.23.so
7f2c3991f000-7f2c39b1e000 ---p 00018000 08:02 16288538                   /lib/x86_64-linux-gnu/libpthread-2.23.so
7f2c39b1e000-7f2c39b1f000 r--p 00017000 08:02 16288538                   /lib/x86_64-linux-gnu/libpthread-2.23.so
7f2c39b1f000-7f2c39b20000 rw-p 00018000 08:02 16288538                   /lib/x86_64-linux-gnu/libpthread-2.23.so
7f2c39b20000-7f2c39b24000 rw-p 00000000 00:00 0 
7f2c39b24000-7f2c39b4a000 r-xp 00000000 08:02 16288521                   /lib/x86_64-linux-gnu/ld-2.23.so
7f2c39b4b000-7f2c39b55000 r--s 000aa000 08:02 7092741                    /home/capstone/.m2/repository/org/javassist/javassist/3.21.0-GA/javassist-3.21.0-GA.jar
7f2c39b55000-7f2c39b59000 r--s 0001a000 08:02 7092739                    /home/capstone/.m2/repository/org/powermock/powermock-core/1.6.6/powermock-core-1.6.6.jar
7f2c39b59000-7f2c39b5b000 r--s 0000a000 08:02 7092735                    /home/capstone/.m2/repository/org/powermock/powermock-module-junit4/1.6.6/powermock-module-junit4-1.6.6.jar
7f2c39b5b000-7f2c39b63000 r--s 00045000 08:02 6829082                    /home/capstone/.m2/repository/junit/junit/4.12/junit-4.12.jar
7f2c39b63000-7f2c39b6d000 rw-p 00000000 00:00 0 
7f2c39b6d000-7f2c39c23000 rw-p 00000000 00:00 0 
7f2c39c23000-7f2c39c26000 ---p 00000000 00:00 0 
7f2c39c26000-7f2c39d28000 rw-p 00000000 00:00 0 
7f2c39d28000-7f2c39d29000 r--s 00003000 08:02 7092737                    /home/capstone/.m2/repository/org/powermock/powermock-module-junit4-common/1.6.6/powermock-module-junit4-common-1.6.6.jar
7f2c39d29000-7f2c39d2b000 r--s 00009000 08:02 6829084                    /home/capstone/.m2/repository/org/hamcrest/hamcrest-core/1.3/hamcrest-core-1.3.jar
7f2c39d2b000-7f2c39d30000 r--s 00034000 08:02 7224931                    /home/capstone/.m2/repository/com/google/code/gson/gson/2.8.0/gson-2.8.0.jar
7f2c39d30000-7f2c39d34000 r--s 00016000 08:02 7225212                    /home/capstone/.m2/repository/org/tukaani/xz/1.6/xz-1.6.jar
7f2c39d34000-7f2c39d3d000 r--s 0006a000 08:02 7224476                    /home/capstone/.m2/repository/org/apache/commons/commons-compress/1.13/commons-compress-1.13.jar
7f2c39d3d000-7f2c39d45000 rw-s 00000000 08:02 17337038                   /tmp/hsperfdata_capstone/13048
7f2c39d45000-7f2c39d46000 rw-p 00000000 00:00 0 
7f2c39d46000-7f2c39d47000 r--p 00000000 00:00 0 
7f2c39d47000-7f2c39d49000 rw-p 00000000 00:00 0 
7f2c39d49000-7f2c39d4a000 r--p 00025000 08:02 16288521                   /lib/x86_64-linux-gnu/ld-2.23.so
7f2c39d4a000-7f2c39d4b000 rw-p 00026000 08:02 16288521                   /lib/x86_64-linux-gnu/ld-2.23.so
7f2c39d4b000-7f2c39d4c000 rw-p 00000000 00:00 0 
7ffe1856e000-7ffe18590000 rw-p 00000000 00:00 0                          [stack]
7ffe185bb000-7ffe185bd000 r--p 00000000 00:00 0                          [vvar]
7ffe185bd000-7ffe185bf000 r-xp 00000000 00:00 0                          [vdso]
ffffffffff600000-ffffffffff601000 r-xp 00000000 00:00 0                  [vsyscall]

VM Arguments:
jvm_args: -ea -Dfile.encoding=UTF-8 
java_command: org.eclipse.jdt.internal.junit.runner.RemoteTestRunner -version 3 -port 42853 -testLoaderClass org.eclipse.jdt.internal.junit4.runner.JUnit4TestLoader -loaderpluginname org.eclipse.jdt.junit4.runtime -classNames com.alanbuttars.commons.compress.stub.compress.CompressFileWithStubBzipImplTest
Launcher Type: SUN_STANDARD

Environment Variables:
JAVA_HOME=/home/capstone/installs/jdk1.8.0_111
PATH=/home/capstone/bin:/usr/local/sbin:/usr/local/bin:/usr/sbin:/usr/bin:/sbin:/bin:/usr/games:/usr/local/games:$JAVA_HOME/bin:/snap/bin
SHELL=/usr/bin/zsh
DISPLAY=:0

Signal Handlers:
SIGSEGV: [libjvm.so+0x9a3bf0], sa_mask[0]=0x7ffbfeff, sa_flags=0x10000004
SIGBUS: [libjvm.so+0x9a3bf0], sa_mask[0]=0x7ffbfeff, sa_flags=0x10000004
SIGFPE: [libjvm.so+0x81cb60], sa_mask[0]=0x7ffbfeff, sa_flags=0x10000004
SIGPIPE: [libjvm.so+0x81cb60], sa_mask[0]=0x7ffbfeff, sa_flags=0x10000004
SIGXFSZ: [libjvm.so+0x81cb60], sa_mask[0]=0x7ffbfeff, sa_flags=0x10000004
SIGILL: [libjvm.so+0x81cb60], sa_mask[0]=0x7ffbfeff, sa_flags=0x10000004
SIGUSR1: SIG_DFL, sa_mask[0]=0x00000000, sa_flags=0x00000000
SIGUSR2: [libjvm.so+0x81e360], sa_mask[0]=0x00000004, sa_flags=0x10000004
SIGHUP: [libjvm.so+0x81f480], sa_mask[0]=0x7ffbfeff, sa_flags=0x10000004
SIGINT: [libjvm.so+0x81f480], sa_mask[0]=0x7ffbfeff, sa_flags=0x10000004
SIGTERM: [libjvm.so+0x81f480], sa_mask[0]=0x7ffbfeff, sa_flags=0x10000004
SIGQUIT: [libjvm.so+0x81f480], sa_mask[0]=0x7ffbfeff, sa_flags=0x10000004


---------------  S Y S T E M  ---------------

OS:stretch/sid

uname:Linux 4.4.0-64-generic #85-Ubuntu SMP Mon Feb 20 11:50:30 UTC 2017 x86_64
libc:glibc 2.23 NPTL 2.23 
rlimit: STACK 8192k, CORE 0k, NPROC 62809, NOFILE 65536, AS infinity
load average:0.48 0.59 0.75

/proc/meminfo:
MemTotal:       16312852 kB
MemFree:         8047996 kB
MemAvailable:   12135548 kB
Buffers:          290600 kB
Cached:          4571664 kB
SwapCached:            0 kB
Active:          4945276 kB
Inactive:        2832244 kB
Active(anon):    2925480 kB
Inactive(anon):   706968 kB
Active(file):    2019796 kB
Inactive(file):  2125276 kB
Unevictable:         340 kB
Mlocked:             340 kB
SwapTotal:      16657404 kB
SwapFree:       16657404 kB
Dirty:                92 kB
Writeback:             0 kB
AnonPages:       2915596 kB
Mapped:           549736 kB
Shmem:            717196 kB
Slab:             332224 kB
SReclaimable:     279720 kB
SUnreclaim:        52504 kB
KernelStack:       11952 kB
PageTables:        47632 kB
NFS_Unstable:          0 kB
Bounce:                0 kB
WritebackTmp:          0 kB
CommitLimit:    24813828 kB
Committed_AS:    9287720 kB
VmallocTotal:   34359738367 kB
VmallocUsed:           0 kB
VmallocChunk:          0 kB
HardwareCorrupted:     0 kB
AnonHugePages:   1124352 kB
CmaTotal:              0 kB
CmaFree:               0 kB
HugePages_Total:       0
HugePages_Free:        0
HugePages_Rsvd:        0
HugePages_Surp:        0
Hugepagesize:       2048 kB
DirectMap4k:      245320 kB
DirectMap2M:     8024064 kB
DirectMap1G:     8388608 kB


CPU:total 8 (4 cores per cpu, 2 threads per core) family 6 model 60 stepping 3, cmov, cx8, fxsr, mmx, sse, sse2, sse3, ssse3, sse4.1, sse4.2, popcnt, avx, avx2, aes, erms, ht, tsc, tscinvbit

/proc/cpuinfo:
processor	: 0
vendor_id	: GenuineIntel
cpu family	: 6
model		: 60
model name	: Intel(R) Core(TM) i7-4700HQ CPU @ 2.40GHz
stepping	: 3
microcode	: 0x9
cpu MHz		: 3283.968
cache size	: 6144 KB
physical id	: 0
siblings	: 8
core id		: 0
cpu cores	: 4
apicid		: 0
initial apicid	: 0
fpu		: yes
fpu_exception	: yes
cpuid level	: 13
wp		: yes
flags		: fpu vme de pse tsc msr pae mce cx8 apic sep mtrr pge mca cmov pat pse36 clflush dts acpi mmx fxsr sse sse2 ss ht tm pbe syscall nx pdpe1gb rdtscp lm constant_tsc arch_perfmon pebs bts rep_good nopl xtopology nonstop_tsc aperfmperf eagerfpu pni pclmulqdq dtes64 monitor ds_cpl vmx est tm2 ssse3 sdbg fma cx16 xtpr pdcm pcid sse4_1 sse4_2 x2apic movbe popcnt tsc_deadline_timer aes xsave avx f16c rdrand lahf_lm abm epb tpr_shadow vnmi flexpriority ept vpid fsgsbase tsc_adjust bmi1 avx2 smep bmi2 erms invpcid xsaveopt dtherm ida arat pln pts
bugs		:
bogomips	: 4788.83
clflush size	: 64
cache_alignment	: 64
address sizes	: 39 bits physical, 48 bits virtual
power management:

processor	: 1
vendor_id	: GenuineIntel
cpu family	: 6
model		: 60
model name	: Intel(R) Core(TM) i7-4700HQ CPU @ 2.40GHz
stepping	: 3
microcode	: 0x9
cpu MHz		: 3286.781
cache size	: 6144 KB
physical id	: 0
siblings	: 8
core id		: 1
cpu cores	: 4
apicid		: 2
initial apicid	: 2
fpu		: yes
fpu_exception	: yes
cpuid level	: 13
wp		: yes
flags		: fpu vme de pse tsc msr pae mce cx8 apic sep mtrr pge mca cmov pat pse36 clflush dts acpi mmx fxsr sse sse2 ss ht tm pbe syscall nx pdpe1gb rdtscp lm constant_tsc arch_perfmon pebs bts rep_good nopl xtopology nonstop_tsc aperfmperf eagerfpu pni pclmulqdq dtes64 monitor ds_cpl vmx est tm2 ssse3 sdbg fma cx16 xtpr pdcm pcid sse4_1 sse4_2 x2apic movbe popcnt tsc_deadline_timer aes xsave avx f16c rdrand lahf_lm abm epb tpr_shadow vnmi flexpriority ept vpid fsgsbase tsc_adjust bmi1 avx2 smep bmi2 erms invpcid xsaveopt dtherm ida arat pln pts
bugs		:
bogomips	: 4788.83
clflush size	: 64
cache_alignment	: 64
address sizes	: 39 bits physical, 48 bits virtual
power management:

processor	: 2
vendor_id	: GenuineIntel
cpu family	: 6
model		: 60
model name	: Intel(R) Core(TM) i7-4700HQ CPU @ 2.40GHz
stepping	: 3
microcode	: 0x9
cpu MHz		: 3213.937
cache size	: 6144 KB
physical id	: 0
siblings	: 8
core id		: 2
cpu cores	: 4
apicid		: 4
initial apicid	: 4
fpu		: yes
fpu_exception	: yes
cpuid level	: 13
wp		: yes
flags		: fpu vme de pse tsc msr pae mce cx8 apic sep mtrr pge mca cmov pat pse36 clflush dts acpi mmx fxsr sse sse2 ss ht tm pbe syscall nx pdpe1gb rdtscp lm constant_tsc arch_perfmon pebs bts rep_good nopl xtopology nonstop_tsc aperfmperf eagerfpu pni pclmulqdq dtes64 monitor ds_cpl vmx est tm2 ssse3 sdbg fma cx16 xtpr pdcm pcid sse4_1 sse4_2 x2apic movbe popcnt tsc_deadline_timer aes xsave avx f16c rdrand lahf_lm abm epb tpr_shadow vnmi flexpriority ept vpid fsgsbase tsc_adjust bmi1 avx2 smep bmi2 erms invpcid xsaveopt dtherm ida arat pln pts
bugs		:
bogomips	: 4788.83
clflush size	: 64
cache_alignment	: 64
address sizes	: 39 bits physical, 48 bits virtual
power management:

processor	: 3
vendor_id	: GenuineIntel
cpu family	: 6
model		: 60
model name	: Intel(R) Core(TM) i7-4700HQ CPU @ 2.40GHz
stepping	: 3
microcode	: 0x9
cpu MHz		: 3201.281
cache size	: 6144 KB
physical id	: 0
siblings	: 8
core id		: 3
cpu cores	: 4
apicid		: 6
initial apicid	: 6
fpu		: yes
fpu_exception	: yes
cpuid level	: 13
wp		: yes
flags		: fpu vme de pse tsc msr pae mce cx8 apic sep mtrr pge mca cmov pat pse36 clflush dts acpi mmx fxsr sse sse2 ss ht tm pbe syscall nx pdpe1gb rdtscp lm constant_tsc arch_perfmon pebs bts rep_good nopl xtopology nonstop_tsc aperfmperf eagerfpu pni pclmulqdq dtes64 monitor ds_cpl vmx est tm2 ssse3 sdbg fma cx16 xtpr pdcm pcid sse4_1 sse4_2 x2apic movbe popcnt tsc_deadline_timer aes xsave avx f16c rdrand lahf_lm abm epb tpr_shadow vnmi flexpriority ept vpid fsgsbase tsc_adjust bmi1 avx2 smep bmi2 erms invpcid xsaveopt dtherm ida arat pln pts
bugs		:
bogomips	: 4788.83
clflush size	: 64
cache_alignment	: 64
address sizes	: 39 bits physical, 48 bits virtual
power management:

processor	: 4
vendor_id	: GenuineIntel
cpu family	: 6
model		: 60
model name	: Intel(R) Core(TM) i7-4700HQ CPU @ 2.40GHz
stepping	: 3
microcode	: 0x9
cpu MHz		: 3226.500
cache size	: 6144 KB
physical id	: 0
siblings	: 8
core id		: 0
cpu cores	: 4
apicid		: 1
initial apicid	: 1
fpu		: yes
fpu_exception	: yes
cpuid level	: 13
wp		: yes
flags		: fpu vme de pse tsc msr pae mce cx8 apic sep mtrr pge mca cmov pat pse36 clflush dts acpi mmx fxsr sse sse2 ss ht tm pbe syscall nx pdpe1gb rdtscp lm constant_tsc arch_perfmon pebs bts rep_good nopl xtopology nonstop_tsc aperfmperf eagerfpu pni pclmulqdq dtes64 monitor ds_cpl vmx est tm2 ssse3 sdbg fma cx16 xtpr pdcm pcid sse4_1 sse4_2 x2apic movbe popcnt tsc_deadline_timer aes xsave avx f16c rdrand lahf_lm abm epb tpr_shadow vnmi flexpriority ept vpid fsgsbase tsc_adjust bmi1 avx2 smep bmi2 erms invpcid xsaveopt dtherm ida arat pln pts
bugs		:
bogomips	: 4788.83
clflush size	: 64
cache_alignment	: 64
address sizes	: 39 bits physical, 48 bits virtual
power management:

processor	: 5
vendor_id	: GenuineIntel
cpu family	: 6
model		: 60
model name	: Intel(R) Core(TM) i7-4700HQ CPU @ 2.40GHz
stepping	: 3
microcode	: 0x9
cpu MHz		: 3234.750
cache size	: 6144 KB
physical id	: 0
siblings	: 8
core id		: 1
cpu cores	: 4
apicid		: 3
initial apicid	: 3
fpu		: yes
fpu_exception	: yes
cpuid level	: 13
wp		: yes
flags		: fpu vme de pse tsc msr pae mce cx8 apic sep mtrr pge mca cmov pat pse36 clflush dts acpi mmx fxsr sse sse2 ss ht tm pbe syscall nx pdpe1gb rdtscp lm constant_tsc arch_perfmon pebs bts rep_good nopl xtopology nonstop_tsc aperfmperf eagerfpu pni pclmulqdq dtes64 monitor ds_cpl vmx est tm2 ssse3 sdbg fma cx16 xtpr pdcm pcid sse4_1 sse4_2 x2apic movbe popcnt tsc_deadline_timer aes xsave avx f16c rdrand lahf_lm abm epb tpr_shadow vnmi flexpriority ept vpid fsgsbase tsc_adjust bmi1 avx2 smep bmi2 erms invpcid xsaveopt dtherm ida arat pln pts
bugs		:
bogomips	: 4788.83
clflush size	: 64
cache_alignment	: 64
address sizes	: 39 bits physical, 48 bits virtual
power management:

processor	: 6
vendor_id	: GenuineIntel
cpu family	: 6
model		: 60
model name	: Intel(R) Core(TM) i7-4700HQ CPU @ 2.40GHz
stepping	: 3
microcode	: 0x9
cpu MHz		: 3199.968
cache size	: 6144 KB
physical id	: 0
siblings	: 8
core id		: 2
cpu cores	: 4
apicid		: 5
initial apicid	: 5
fpu		: yes
fpu_exception	: yes
cpuid level	: 13
wp		: yes
flags		: fpu vme de pse tsc msr pae mce cx8 apic sep mtrr pge mca cmov pat pse36 clflush dts acpi mmx fxsr sse sse2 ss ht tm pbe syscall nx pdpe1gb rdtscp lm constant_tsc arch_perfmon pebs bts rep_good nopl xtopology nonstop_tsc aperfmperf eagerfpu pni pclmulqdq dtes64 monitor ds_cpl vmx est tm2 ssse3 sdbg fma cx16 xtpr pdcm pcid sse4_1 sse4_2 x2apic movbe popcnt tsc_deadline_timer aes xsave avx f16c rdrand lahf_lm abm epb tpr_shadow vnmi flexpriority ept vpid fsgsbase tsc_adjust bmi1 avx2 smep bmi2 erms invpcid xsaveopt dtherm ida arat pln pts
bugs		:
bogomips	: 4788.83
clflush size	: 64
cache_alignment	: 64
address sizes	: 39 bits physical, 48 bits virtual
power management:

processor	: 7
vendor_id	: GenuineIntel
cpu family	: 6
model		: 60
model name	: Intel(R) Core(TM) i7-4700HQ CPU @ 2.40GHz
stepping	: 3
microcode	: 0x9
cpu MHz		: 3200.531
cache size	: 6144 KB
physical id	: 0
siblings	: 8
core id		: 3
cpu cores	: 4
apicid		: 7
initial apicid	: 7
fpu		: yes
fpu_exception	: yes
cpuid level	: 13
wp		: yes
flags		: fpu vme de pse tsc msr pae mce cx8 apic sep mtrr pge mca cmov pat pse36 clflush dts acpi mmx fxsr sse sse2 ss ht tm pbe syscall nx pdpe1gb rdtscp lm constant_tsc arch_perfmon pebs bts rep_good nopl xtopology nonstop_tsc aperfmperf eagerfpu pni pclmulqdq dtes64 monitor ds_cpl vmx est tm2 ssse3 sdbg fma cx16 xtpr pdcm pcid sse4_1 sse4_2 x2apic movbe popcnt tsc_deadline_timer aes xsave avx f16c rdrand lahf_lm abm epb tpr_shadow vnmi flexpriority ept vpid fsgsbase tsc_adjust bmi1 avx2 smep bmi2 erms invpcid xsaveopt dtherm ida arat pln pts
bugs		:
bogomips	: 4788.83
clflush size	: 64
cache_alignment	: 64
address sizes	: 39 bits physical, 48 bits virtual
power management:



Memory: 4k page, physical 16312852k(8047996k free), swap 16657404k(16657404k free)

vm_info: Java HotSpot(TM) 64-Bit Server VM (24.79-b02) for linux-amd64 JRE (1.7.0_79-b15), built on Apr 10 2015 11:34:48 by "java_re" with gcc 4.3.0 20080428 (Red Hat 4.3.0-8)

time: Tue Mar  7 22:13:27 2017
elapsed time: 0 seconds

