#
# A fatal error has been detected by the Java Runtime Environment:
#
#  SIGILL (0x4) at pc=0x00007f21d0c82341, pid=12247, tid=139782116345600
#
# JRE version: Java(TM) SE Runtime Environment (7.0_79-b15) (build 1.7.0_79-b15)
# Java VM: Java HotSpot(TM) 64-Bit Server VM (24.79-b02 mixed mode linux-amd64 compressed oops)
# Problematic frame:
# V  [libjvm.so+0x795341]  Matcher::match()+0x3d1
#
# Failed to write core dump. Core dumps have been disabled. To enable core dumping, try "ulimit -c unlimited" before starting Java again
#
# If you would like to submit a bug report, please visit:
#   http://bugreport.java.com/bugreport/crash.jsp
#

---------------  T H R E A D  ---------------

Current thread (0x00007f21cc09d000):  JavaThread "C2 CompilerThread0" daemon [_thread_in_native, id=12267, stack(0x00007f218f540000,0x00007f218f641000)]

siginfo:si_signo=SIGILL: si_errno=0, si_code=2 (ILL_ILLOPN), si_addr=0x00007f21d0c82341

Registers:
RAX=0x00007f218000fb40, RBX=0x00007f218f63c070, RCX=0x00007f218f63c070, RDX=0x00007f218f63c070
RSP=0x00007f218f63bf60, RBP=0x00007f218f63c060, RSI=0x00007f218000fb20, RDI=0x00007f218f63e390
R8 =0x0000000000000008, R9 =0x00007f21d13253c0, R10=0x0000000000000028, R11=0x00007f2180002228
R12=0x0000000000000004, R13=0x0000000000000001, R14=0x0000000000000000, R15=0x0000000000000000
RIP=0x00007f21d0c82341, EFLAGS=0x0000000000010202, CSGSFS=0x0000000000000033, ERR=0x0000000000000000
  TRAPNO=0x0000000000000006

Top of Stack: (sp=0x00007f218f63bf60)
0x00007f218f63bf60:   0000000000000000 00007f21d13253c0
0x00007f218f63bf70:   0000000000000000 00007f218f63c070
0x00007f218f63bf80:   00007f218000fb20 00000000000027d8
0x00007f218f63bf90:   00007f218f63c9e0 00000006d078d6b3
0x00007f218f63bfa0:   0000000000000000 00007f21d078d48a
0x00007f218f63bfb0:   00007f218000f8e8 00007f218f63bff0
0x00007f218f63bfc0:   00000000000027d8 00007f218f63c9e0
0x00007f218f63bfd0:   0000000000100000 0000000000000000
0x00007f218f63bfe0:   0000000000000000 0000000000000000
0x00007f218f63bff0:   0000000000000000 00007f218f63c070
0x00007f218f63c000:   0000000000000000 0000000000000000
0x00007f218f63c010:   0400000000000000 0000000000000000
0x00007f218f63c020:   0000000000000000 00007f218f63ccc0
0x00007f218f63c030:   00007f218f63c060 00007f218f63d7f0
0x00007f218f63c040:   00007f218f63e390 00007f218f63c070
0x00007f218f63c050:   00007f218f63ccc0 00007f21d130cd20
0x00007f218f63c060:   00007f218f63d840 00007f21d0930efa
0x00007f218f63c070:   00007f21d12ea7f0 0000000000000005
0x00007f218f63c080:   00007f218f63e390 00007f21cc09da70
0x00007f218f63c090:   00007f21cc09da70 0000000000000004
0x00007f218f63c0a0:   00007f218000f8c0 00007f21cc09da70
0x00007f218f63c0b0:   0000000000000040 00007f218000f8f0
0x00007f218f63c0c0:   0000000000000000 0000000000000000
0x00007f218f63c0d0:   0000000000000000 0000000000000000
0x00007f218f63c0e0:   0000000000000000 0000000000000000
0x00007f218f63c0f0:   0000000000000000 0000000000000000
0x00007f218f63c100:   0000000000000000 0000000000000000
0x00007f218f63c110:   0000000000000000 0000000000000000
0x00007f218f63c120:   0000000000000000 0000000000000000
0x00007f218f63c130:   0000000000000000 0000000000000000
0x00007f218f63c140:   0000000000000000 0000000000000000
0x00007f218f63c150:   0000000000000000 0000000000000000 

Instructions: (pc=0x00007f21d0c82341)
0x00007f21d0c82321:   00 00 00 00 c7 40 0c 00 00 00 00 c7 40 10 00 00
0x00007f21d0c82331:   00 00 c7 40 14 00 00 00 00 c7 40 18 00 00 00 b0
0x00007f21d0c82341:   06 ee b0 b0 3f ad 94 77 80 cd 94 00 00 00 c7 40
0x00007f21d0c82351:   24 00 00 00 00 48 8b 8d 20 ff ff ff 4e 8b 64 b9 

Register to memory mapping:

RAX=0x00007f218000fb40 is an unknown value
RBX=0x00007f218f63c070 is pointing into the stack for thread: 0x00007f21cc09d000
RCX=0x00007f218f63c070 is pointing into the stack for thread: 0x00007f21cc09d000
RDX=0x00007f218f63c070 is pointing into the stack for thread: 0x00007f21cc09d000
RSP=0x00007f218f63bf60 is pointing into the stack for thread: 0x00007f21cc09d000
RBP=0x00007f218f63c060 is pointing into the stack for thread: 0x00007f21cc09d000
RSI=0x00007f218000fb20 is an unknown value
RDI=0x00007f218f63e390 is pointing into the stack for thread: 0x00007f21cc09d000
R8 =0x0000000000000008 is an unknown value
R9 =0x00007f21d13253c0: <offset 0xe383c0> in /home/capstone/installs/jdk1.7.0_79/jre/lib/amd64/server/libjvm.so at 0x00007f21d04ed000
R10=0x0000000000000028 is an unknown value
R11=0x00007f2180002228 is an unknown value
R12=0x0000000000000004 is an unknown value
R13=0x0000000000000001 is an unknown value
R14=0x0000000000000000 is an unknown value
R15=0x0000000000000000 is an unknown value


Stack: [0x00007f218f540000,0x00007f218f641000],  sp=0x00007f218f63bf60,  free space=1007k
Native frames: (J=compiled Java code, j=interpreted, Vv=VM code, C=native code)
V  [libjvm.so+0x795341]  Matcher::match()+0x3d1
V  [libjvm.so+0x443efa]  Compile::Code_Gen()+0x12a
V  [libjvm.so+0x444a8d]  Compile::Compile(ciEnv*, TypeFunc const* (*)(), unsigned char*, char const*, int, bool, bool, bool)+0x7bd
V  [libjvm.so+0x8abe19]  OptoRuntime::generate_stub(ciEnv*, TypeFunc const* (*)(), unsigned char*, char const*, int, bool, bool, bool)+0xd9
V  [libjvm.so+0x8abff6]  OptoRuntime::generate(ciEnv*)+0x46
V  [libjvm.so+0x3b19d9]  C2Compiler::initialize_runtime()+0x119
V  [libjvm.so+0x1eabe3]  AbstractCompiler::initialize_runtimes(void (*)(), int volatile*)+0x1c3
V  [libjvm.so+0x3b18aa]  C2Compiler::initialize()+0x2a
V  [libjvm.so+0x3b1d1e]  C2Compiler::compile_method(ciEnv*, ciMethod*, int)+0x31e
V  [libjvm.so+0x44ec6e]  CompileBroker::invoke_compiler_on_method(CompileTask*)+0x33e
V  [libjvm.so+0x44fa4d]  CompileBroker::compiler_thread_loop()+0x43d
V  [libjvm.so+0x95c11f]  JavaThread::thread_main_inner()+0xdf
V  [libjvm.so+0x95c225]  JavaThread::run()+0xf5
V  [libjvm.so+0x821ca8]  java_start(Thread*)+0x108


Current CompileTask:
C2:     48    1             java.lang.String::indexOf (70 bytes)


---------------  P R O C E S S  ---------------

Java Threads: ( => current thread )
  0x00007f21cc0a2800 JavaThread "Service Thread" daemon [_thread_blocked, id=12269, stack(0x00007f218f33e000,0x00007f218f43f000)]
  0x00007f21cc0a0000 JavaThread "C2 CompilerThread1" daemon [_thread_blocked, id=12268, stack(0x00007f218f43f000,0x00007f218f540000)]
=>0x00007f21cc09d000 JavaThread "C2 CompilerThread0" daemon [_thread_in_native, id=12267, stack(0x00007f218f540000,0x00007f218f641000)]
  0x00007f21cc09b000 JavaThread "Signal Dispatcher" daemon [_thread_blocked, id=12266, stack(0x00007f21c4068000,0x00007f21c4169000)]
  0x00007f21cc079800 JavaThread "Finalizer" daemon [_thread_blocked, id=12265, stack(0x00007f21c4169000,0x00007f21c426a000)]
  0x00007f21cc077800 JavaThread "Reference Handler" daemon [_thread_blocked, id=12264, stack(0x00007f21c426a000,0x00007f21c436b000)]
  0x00007f21cc00b000 JavaThread "main" [_thread_in_Java, id=12251, stack(0x00007f21d1e67000,0x00007f21d1f68000)]

Other Threads:
  0x00007f21cc073800 VMThread [stack: 0x00007f21c436b000,0x00007f21c446c000] [id=12263]
  0x00007f21cc0b5000 WatcherThread [stack: 0x00007f218f23d000,0x00007f218f33e000] [id=12270]

VM state:not at safepoint (normal execution)

VM Mutex/Monitor currently owned by a thread: None

Heap
 PSYoungGen      total 74752K, used 2580K [0x00000007ad000000, 0x00000007b2300000, 0x0000000800000000)
  eden space 64512K, 4% used [0x00000007ad000000,0x00000007ad2852d8,0x00000007b0f00000)
  from space 10240K, 0% used [0x00000007b1900000,0x00000007b1900000,0x00000007b2300000)
  to   space 10240K, 0% used [0x00000007b0f00000,0x00000007b0f00000,0x00000007b1900000)
 ParOldGen       total 169984K, used 0K [0x0000000707000000, 0x0000000711600000, 0x00000007ad000000)
  object space 169984K, 0% used [0x0000000707000000,0x0000000707000000,0x0000000711600000)
 PSPermGen       total 21504K, used 2482K [0x0000000701e00000, 0x0000000703300000, 0x0000000707000000)
  object space 21504K, 11% used [0x0000000701e00000,0x000000070206ca08,0x0000000703300000)

Card table byte_map: [0x00007f21c7772000,0x00007f21c7f64000] byte_map_base: 0x00007f21c3f63000

Polling page: 0x00007f21d1f8a000

Code Cache  [0x00007f21c7f64000, 0x00007f21c81d4000, 0x00007f21caf64000)
 total_blobs=167 nmethods=0 adapters=135 free_code_cache=48773Kb largest_free_block=49941376

Compilation events (1 events):
Event: 0.044 Thread 0x00007f21cc09d000    1             java.lang.String::indexOf (70 bytes)

GC Heap History (0 events):
No events

Deoptimization events (0 events):
No events

Internal exceptions (2 events):
Event: 0.020 Thread 0x00007f21cc00b000 Threw 0x00000007ad00f178 at /HUDSON/workspace/7u-2-build-linux-amd64/jdk7u79/2331/hotspot/src/share/vm/prims/jni.cpp:3991
Event: 0.040 Thread 0x00007f21cc00b000 Threw 0x00000007ad0571f0 at /HUDSON/workspace/7u-2-build-linux-amd64/jdk7u79/2331/hotspot/src/share/vm/prims/jvm.cpp:1304

Events (10 events):
Event: 0.043 loading class 0x00007f21c6346390
Event: 0.043 loading class 0x00007f21c6346390 done
Event: 0.043 loading class 0x00007f21cc00fdf0
Event: 0.043 loading class 0x00007f21cc00fdf0 done
Event: 0.043 loading class 0x00007f21c63464b0
Event: 0.043 loading class 0x00007f21cc00ffd0
Event: 0.043 loading class 0x00007f21cc00ffd0 done
Event: 0.043 loading class 0x00007f21c63464b0 done
Event: 0.043 loading class 0x00007f21c6347c00
Event: 0.043 loading class 0x00007f21c6347c00 done


Dynamic libraries:
00400000-00401000 r-xp 00000000 08:02 6567276                            /home/capstone/installs/jdk1.7.0_79/bin/java
00600000-00601000 rw-p 00000000 08:02 6567276                            /home/capstone/installs/jdk1.7.0_79/bin/java
022bf000-022e0000 rw-p 00000000 00:00 0                                  [heap]
701e00000-703300000 rw-p 00000000 00:00 0 
703300000-707000000 rw-p 00000000 00:00 0 
707000000-711600000 rw-p 00000000 00:00 0 
711600000-7ad000000 rw-p 00000000 00:00 0 
7ad000000-7b2300000 rw-p 00000000 00:00 0 
7b2300000-800000000 rw-p 00000000 00:00 0 
7f2178000000-7f2178021000 rw-p 00000000 00:00 0 
7f2178021000-7f217c000000 ---p 00000000 00:00 0 
7f217c000000-7f217c021000 rw-p 00000000 00:00 0 
7f217c021000-7f2180000000 ---p 00000000 00:00 0 
7f2180000000-7f218002c000 rw-p 00000000 00:00 0 
7f218002c000-7f2184000000 ---p 00000000 00:00 0 
7f2184000000-7f2184021000 rw-p 00000000 00:00 0 
7f2184021000-7f2188000000 ---p 00000000 00:00 0 
7f2188000000-7f2188021000 rw-p 00000000 00:00 0 
7f2188021000-7f218c000000 ---p 00000000 00:00 0 
7f218f0d0000-7f218f23d000 rw-p 00000000 00:00 0 
7f218f23d000-7f218f23e000 ---p 00000000 00:00 0 
7f218f23e000-7f218f33e000 rw-p 00000000 00:00 0 
7f218f33e000-7f218f341000 ---p 00000000 00:00 0 
7f218f341000-7f218f43f000 rw-p 00000000 00:00 0 
7f218f43f000-7f218f442000 ---p 00000000 00:00 0 
7f218f442000-7f218f540000 rw-p 00000000 00:00 0 
7f218f540000-7f218f543000 ---p 00000000 00:00 0 
7f218f543000-7f218f641000 rw-p 00000000 00:00 0 
7f218f641000-7f2190000000 r--p 00000000 08:02 33101599                   /usr/lib/locale/locale-archive
7f2190000000-7f2190021000 rw-p 00000000 00:00 0 
7f2190021000-7f2194000000 ---p 00000000 00:00 0 
7f2194000000-7f2194021000 rw-p 00000000 00:00 0 
7f2194021000-7f2198000000 ---p 00000000 00:00 0 
7f2198000000-7f2198021000 rw-p 00000000 00:00 0 
7f2198021000-7f219c000000 ---p 00000000 00:00 0 
7f219c015000-7f21a4000000 rw-p 00000000 00:00 0 
7f21a4000000-7f21a4021000 rw-p 00000000 00:00 0 
7f21a4021000-7f21a8000000 ---p 00000000 00:00 0 
7f21a8000000-7f21a8021000 rw-p 00000000 00:00 0 
7f21a8021000-7f21ac000000 ---p 00000000 00:00 0 
7f21ac000000-7f21ac021000 rw-p 00000000 00:00 0 
7f21ac021000-7f21b0000000 ---p 00000000 00:00 0 
7f21b0000000-7f21b0021000 rw-p 00000000 00:00 0 
7f21b0021000-7f21b4000000 ---p 00000000 00:00 0 
7f21b4000000-7f21b4021000 rw-p 00000000 00:00 0 
7f21b4021000-7f21b8000000 ---p 00000000 00:00 0 
7f21b8000000-7f21b8021000 rw-p 00000000 00:00 0 
7f21b8021000-7f21bc000000 ---p 00000000 00:00 0 
7f21bc000000-7f21bc021000 rw-p 00000000 00:00 0 
7f21bc021000-7f21c0000000 ---p 00000000 00:00 0 
7f21c0000000-7f21c0021000 rw-p 00000000 00:00 0 
7f21c0021000-7f21c4000000 ---p 00000000 00:00 0 
7f21c4023000-7f21c4025000 r--s 00004000 08:02 7092753                    /home/capstone/.m2/repository/org/powermock/powermock-api-support/1.6.6/powermock-api-support-1.6.6.jar
7f21c4025000-7f21c4027000 r--s 00008000 08:02 7092751                    /home/capstone/.m2/repository/org/powermock/powermock-api-mockito-common/1.6.6/powermock-api-mockito-common-1.6.6.jar
7f21c4027000-7f21c4029000 r--s 00009000 08:02 7092749                    /home/capstone/.m2/repository/org/objenesis/objenesis/2.1/objenesis-2.1.jar
7f21c4029000-7f21c4045000 r--s 00103000 08:02 7092747                    /home/capstone/.m2/repository/org/mockito/mockito-core/1.10.19/mockito-core-1.10.19.jar
7f21c4045000-7f21c4048000 r--s 00011000 08:02 7092745                    /home/capstone/.m2/repository/org/powermock/powermock-api-mockito/1.6.6/powermock-api-mockito-1.6.6.jar
7f21c4048000-7f21c404a000 r--s 0000d000 08:02 7092743                    /home/capstone/.m2/repository/org/powermock/powermock-reflect/1.6.6/powermock-reflect-1.6.6.jar
7f21c404a000-7f21c4068000 r--s 00110000 08:02 7092536                    /home/capstone/.m2/repository/org/mockito/mockito-all/1.10.19/mockito-all-1.10.19.jar
7f21c4068000-7f21c406b000 ---p 00000000 00:00 0 
7f21c406b000-7f21c4169000 rw-p 00000000 00:00 0 
7f21c4169000-7f21c416c000 ---p 00000000 00:00 0 
7f21c416c000-7f21c426a000 rw-p 00000000 00:00 0 
7f21c426a000-7f21c426d000 ---p 00000000 00:00 0 
7f21c426d000-7f21c436b000 rw-p 00000000 00:00 0 
7f21c436b000-7f21c436c000 ---p 00000000 00:00 0 
7f21c436c000-7f21c60b9000 rw-p 00000000 00:00 0 
7f21c60b9000-7f21c6279000 r--s 039f7000 08:02 6438489                    /home/capstone/installs/jdk1.7.0_79/jre/lib/rt.jar
7f21c6279000-7f21c6b3b000 rw-p 00000000 00:00 0 
7f21c6b3b000-7f21c6b3c000 ---p 00000000 00:00 0 
7f21c6b3c000-7f21c6c3c000 rw-p 00000000 00:00 0 
7f21c6c3c000-7f21c6c3d000 ---p 00000000 00:00 0 
7f21c6c3d000-7f21c6d3d000 rw-p 00000000 00:00 0 
7f21c6d3d000-7f21c6d3e000 ---p 00000000 00:00 0 
7f21c6d3e000-7f21c6e3e000 rw-p 00000000 00:00 0 
7f21c6e3e000-7f21c6e3f000 ---p 00000000 00:00 0 
7f21c6e3f000-7f21c6f3f000 rw-p 00000000 00:00 0 
7f21c6f3f000-7f21c6f40000 ---p 00000000 00:00 0 
7f21c6f40000-7f21c7040000 rw-p 00000000 00:00 0 
7f21c7040000-7f21c7041000 ---p 00000000 00:00 0 
7f21c7041000-7f21c7141000 rw-p 00000000 00:00 0 
7f21c7141000-7f21c7142000 ---p 00000000 00:00 0 
7f21c7142000-7f21c7295000 rw-p 00000000 00:00 0 
7f21c7295000-7f21c7772000 rw-p 00000000 00:00 0 
7f21c7772000-7f21c777d000 rw-p 00000000 00:00 0 
7f21c777d000-7f21c779b000 rw-p 00000000 00:00 0 
7f21c779b000-7f21c77ee000 rw-p 00000000 00:00 0 
7f21c77ee000-7f21c7ccb000 rw-p 00000000 00:00 0 
7f21c7ccb000-7f21c7cf5000 rw-p 00000000 00:00 0 
7f21c7cf5000-7f21c7f63000 rw-p 00000000 00:00 0 
7f21c7f63000-7f21c7f64000 rw-p 00000000 00:00 0 
7f21c7f64000-7f21c81d4000 rwxp 00000000 00:00 0 
7f21c81d4000-7f21caf64000 rw-p 00000000 00:00 0 
7f21caf64000-7f21caf7e000 r-xp 00000000 08:02 6437836                    /home/capstone/installs/jdk1.7.0_79/jre/lib/amd64/libzip.so
7f21caf7e000-7f21cb17e000 ---p 0001a000 08:02 6437836                    /home/capstone/installs/jdk1.7.0_79/jre/lib/amd64/libzip.so
7f21cb17e000-7f21cb17f000 rw-p 0001a000 08:02 6437836                    /home/capstone/installs/jdk1.7.0_79/jre/lib/amd64/libzip.so
7f21cb17f000-7f21cb18a000 r-xp 00000000 08:02 16288543                   /lib/x86_64-linux-gnu/libnss_files-2.23.so
7f21cb18a000-7f21cb389000 ---p 0000b000 08:02 16288543                   /lib/x86_64-linux-gnu/libnss_files-2.23.so
7f21cb389000-7f21cb38a000 r--p 0000a000 08:02 16288543                   /lib/x86_64-linux-gnu/libnss_files-2.23.so
7f21cb38a000-7f21cb38b000 rw-p 0000b000 08:02 16288543                   /lib/x86_64-linux-gnu/libnss_files-2.23.so
7f21cb38b000-7f21cb391000 rw-p 00000000 00:00 0 
7f21cb391000-7f21cb39c000 r-xp 00000000 08:02 16288528                   /lib/x86_64-linux-gnu/libnss_nis-2.23.so
7f21cb39c000-7f21cb59b000 ---p 0000b000 08:02 16288528                   /lib/x86_64-linux-gnu/libnss_nis-2.23.so
7f21cb59b000-7f21cb59c000 r--p 0000a000 08:02 16288528                   /lib/x86_64-linux-gnu/libnss_nis-2.23.so
7f21cb59c000-7f21cb59d000 rw-p 0000b000 08:02 16288528                   /lib/x86_64-linux-gnu/libnss_nis-2.23.so
7f21cb59d000-7f21cb5b3000 r-xp 00000000 08:02 16288539                   /lib/x86_64-linux-gnu/libnsl-2.23.so
7f21cb5b3000-7f21cb7b2000 ---p 00016000 08:02 16288539                   /lib/x86_64-linux-gnu/libnsl-2.23.so
7f21cb7b2000-7f21cb7b3000 r--p 00015000 08:02 16288539                   /lib/x86_64-linux-gnu/libnsl-2.23.so
7f21cb7b3000-7f21cb7b4000 rw-p 00016000 08:02 16288539                   /lib/x86_64-linux-gnu/libnsl-2.23.so
7f21cb7b4000-7f21cb7b6000 rw-p 00000000 00:00 0 
7f21cb7b6000-7f21cb7be000 r-xp 00000000 08:02 16288540                   /lib/x86_64-linux-gnu/libnss_compat-2.23.so
7f21cb7be000-7f21cb9bd000 ---p 00008000 08:02 16288540                   /lib/x86_64-linux-gnu/libnss_compat-2.23.so
7f21cb9bd000-7f21cb9be000 r--p 00007000 08:02 16288540                   /lib/x86_64-linux-gnu/libnss_compat-2.23.so
7f21cb9be000-7f21cb9bf000 rw-p 00008000 08:02 16288540                   /lib/x86_64-linux-gnu/libnss_compat-2.23.so
7f21cb9bf000-7f21cb9e8000 r-xp 00000000 08:02 6437802                    /home/capstone/installs/jdk1.7.0_79/jre/lib/amd64/libjava.so
7f21cb9e8000-7f21cbbe8000 ---p 00029000 08:02 6437802                    /home/capstone/installs/jdk1.7.0_79/jre/lib/amd64/libjava.so
7f21cbbe8000-7f21cbbea000 rw-p 00029000 08:02 6437802                    /home/capstone/installs/jdk1.7.0_79/jre/lib/amd64/libjava.so
7f21cbbea000-7f21cbbf7000 r-xp 00000000 08:02 6437829                    /home/capstone/installs/jdk1.7.0_79/jre/lib/amd64/libverify.so
7f21cbbf7000-7f21cbdf6000 ---p 0000d000 08:02 6437829                    /home/capstone/installs/jdk1.7.0_79/jre/lib/amd64/libverify.so
7f21cbdf6000-7f21cbdf8000 rw-p 0000c000 08:02 6437829                    /home/capstone/installs/jdk1.7.0_79/jre/lib/amd64/libverify.so
7f21cbdf8000-7f21cbdff000 r-xp 00000000 08:02 16288527                   /lib/x86_64-linux-gnu/librt-2.23.so
7f21cbdff000-7f21cbffe000 ---p 00007000 08:02 16288527                   /lib/x86_64-linux-gnu/librt-2.23.so
7f21cbffe000-7f21cbfff000 r--p 00006000 08:02 16288527                   /lib/x86_64-linux-gnu/librt-2.23.so
7f21cbfff000-7f21cc000000 rw-p 00007000 08:02 16288527                   /lib/x86_64-linux-gnu/librt-2.23.so
7f21cc000000-7f21cc160000 rw-p 00000000 00:00 0 
7f21cc160000-7f21d0000000 ---p 00000000 00:00 0 
7f21d0000000-7f21d00ba000 rw-p 00000000 00:00 0 
7f21d00ba000-7f21d00bb000 ---p 00000000 00:00 0 
7f21d00bb000-7f21d01c6000 rw-p 00000000 00:00 0 
7f21d01c6000-7f21d01e4000 rw-p 00000000 00:00 0 
7f21d01e4000-7f21d02ec000 r-xp 00000000 08:02 16288537                   /lib/x86_64-linux-gnu/libm-2.23.so
7f21d02ec000-7f21d04eb000 ---p 00108000 08:02 16288537                   /lib/x86_64-linux-gnu/libm-2.23.so
7f21d04eb000-7f21d04ec000 r--p 00107000 08:02 16288537                   /lib/x86_64-linux-gnu/libm-2.23.so
7f21d04ec000-7f21d04ed000 rw-p 00108000 08:02 16288537                   /lib/x86_64-linux-gnu/libm-2.23.so
7f21d04ed000-7f21d1062000 r-xp 00000000 08:02 6437856                    /home/capstone/installs/jdk1.7.0_79/jre/lib/amd64/server/libjvm.so
7f21d1062000-7f21d1262000 ---p 00b75000 08:02 6437856                    /home/capstone/installs/jdk1.7.0_79/jre/lib/amd64/server/libjvm.so
7f21d1262000-7f21d1326000 rw-p 00b75000 08:02 6437856                    /home/capstone/installs/jdk1.7.0_79/jre/lib/amd64/server/libjvm.so
7f21d1326000-7f21d1367000 rw-p 00000000 00:00 0 
7f21d1367000-7f21d1526000 r-xp 00000000 08:02 16288532                   /lib/x86_64-linux-gnu/libc-2.23.so
7f21d1526000-7f21d1726000 ---p 001bf000 08:02 16288532                   /lib/x86_64-linux-gnu/libc-2.23.so
7f21d1726000-7f21d172a000 r--p 001bf000 08:02 16288532                   /lib/x86_64-linux-gnu/libc-2.23.so
7f21d172a000-7f21d172c000 rw-p 001c3000 08:02 16288532                   /lib/x86_64-linux-gnu/libc-2.23.so
7f21d172c000-7f21d1730000 rw-p 00000000 00:00 0 
7f21d1730000-7f21d1733000 r-xp 00000000 08:02 16288531                   /lib/x86_64-linux-gnu/libdl-2.23.so
7f21d1733000-7f21d1932000 ---p 00003000 08:02 16288531                   /lib/x86_64-linux-gnu/libdl-2.23.so
7f21d1932000-7f21d1933000 r--p 00002000 08:02 16288531                   /lib/x86_64-linux-gnu/libdl-2.23.so
7f21d1933000-7f21d1934000 rw-p 00003000 08:02 16288531                   /lib/x86_64-linux-gnu/libdl-2.23.so
7f21d1934000-7f21d194a000 r-xp 00000000 08:02 6438537                    /home/capstone/installs/jdk1.7.0_79/lib/amd64/jli/libjli.so
7f21d194a000-7f21d1b4a000 ---p 00016000 08:02 6438537                    /home/capstone/installs/jdk1.7.0_79/lib/amd64/jli/libjli.so
7f21d1b4a000-7f21d1b4b000 rw-p 00016000 08:02 6438537                    /home/capstone/installs/jdk1.7.0_79/lib/amd64/jli/libjli.so
7f21d1b4b000-7f21d1b63000 r-xp 00000000 08:02 16288538                   /lib/x86_64-linux-gnu/libpthread-2.23.so
7f21d1b63000-7f21d1d62000 ---p 00018000 08:02 16288538                   /lib/x86_64-linux-gnu/libpthread-2.23.so
7f21d1d62000-7f21d1d63000 r--p 00017000 08:02 16288538                   /lib/x86_64-linux-gnu/libpthread-2.23.so
7f21d1d63000-7f21d1d64000 rw-p 00018000 08:02 16288538                   /lib/x86_64-linux-gnu/libpthread-2.23.so
7f21d1d64000-7f21d1d68000 rw-p 00000000 00:00 0 
7f21d1d68000-7f21d1d8e000 r-xp 00000000 08:02 16288521                   /lib/x86_64-linux-gnu/ld-2.23.so
7f21d1d8f000-7f21d1d99000 r--s 000aa000 08:02 7092741                    /home/capstone/.m2/repository/org/javassist/javassist/3.21.0-GA/javassist-3.21.0-GA.jar
7f21d1d99000-7f21d1d9d000 r--s 0001a000 08:02 7092739                    /home/capstone/.m2/repository/org/powermock/powermock-core/1.6.6/powermock-core-1.6.6.jar
7f21d1d9d000-7f21d1d9f000 r--s 0000a000 08:02 7092735                    /home/capstone/.m2/repository/org/powermock/powermock-module-junit4/1.6.6/powermock-module-junit4-1.6.6.jar
7f21d1d9f000-7f21d1da7000 r--s 00045000 08:02 6829082                    /home/capstone/.m2/repository/junit/junit/4.12/junit-4.12.jar
7f21d1da7000-7f21d1db1000 rw-p 00000000 00:00 0 
7f21d1db1000-7f21d1e67000 rw-p 00000000 00:00 0 
7f21d1e67000-7f21d1e6a000 ---p 00000000 00:00 0 
7f21d1e6a000-7f21d1f6c000 rw-p 00000000 00:00 0 
7f21d1f6c000-7f21d1f6d000 r--s 00003000 08:02 7092737                    /home/capstone/.m2/repository/org/powermock/powermock-module-junit4-common/1.6.6/powermock-module-junit4-common-1.6.6.jar
7f21d1f6d000-7f21d1f6f000 r--s 00009000 08:02 6829084                    /home/capstone/.m2/repository/org/hamcrest/hamcrest-core/1.3/hamcrest-core-1.3.jar
7f21d1f6f000-7f21d1f74000 r--s 00034000 08:02 7224931                    /home/capstone/.m2/repository/com/google/code/gson/gson/2.8.0/gson-2.8.0.jar
7f21d1f74000-7f21d1f78000 r--s 00016000 08:02 7225212                    /home/capstone/.m2/repository/org/tukaani/xz/1.6/xz-1.6.jar
7f21d1f78000-7f21d1f81000 r--s 0006a000 08:02 7224476                    /home/capstone/.m2/repository/org/apache/commons/commons-compress/1.13/commons-compress-1.13.jar
7f21d1f81000-7f21d1f89000 rw-s 00000000 08:02 17337038                   /tmp/hsperfdata_capstone/12247
7f21d1f89000-7f21d1f8a000 rw-p 00000000 00:00 0 
7f21d1f8a000-7f21d1f8b000 r--p 00000000 00:00 0 
7f21d1f8b000-7f21d1f8d000 rw-p 00000000 00:00 0 
7f21d1f8d000-7f21d1f8e000 r--p 00025000 08:02 16288521                   /lib/x86_64-linux-gnu/ld-2.23.so
7f21d1f8e000-7f21d1f8f000 rw-p 00026000 08:02 16288521                   /lib/x86_64-linux-gnu/ld-2.23.so
7f21d1f8f000-7f21d1f90000 rw-p 00000000 00:00 0 
7ffc32193000-7ffc321b5000 rw-p 00000000 00:00 0                          [stack]
7ffc321c2000-7ffc321c4000 r--p 00000000 00:00 0                          [vvar]
7ffc321c4000-7ffc321c6000 r-xp 00000000 00:00 0                          [vdso]
ffffffffff600000-ffffffffff601000 r-xp 00000000 00:00 0                  [vsyscall]

VM Arguments:
jvm_args: -ea -Dfile.encoding=UTF-8 
java_command: org.eclipse.jdt.internal.junit.runner.RemoteTestRunner -version 3 -port 45276 -testLoaderClass org.eclipse.jdt.internal.junit4.runner.JUnit4TestLoader -loaderpluginname org.eclipse.jdt.junit4.runtime -classNames com.alanbuttars.commons.compress.stub.compress.CompressFileWithStubTest
Launcher Type: SUN_STANDARD

Environment Variables:
JAVA_HOME=/home/capstone/installs/jdk1.8.0_111
PATH=/home/capstone/bin:/usr/local/sbin:/usr/local/bin:/usr/sbin:/usr/bin:/sbin:/bin:/usr/games:/usr/local/games:$JAVA_HOME/bin:/snap/bin
SHELL=/usr/bin/zsh
DISPLAY=:0

Signal Handlers:
SIGSEGV: [libjvm.so+0x9a3bf0], sa_mask[0]=0x7ffbfeff, sa_flags=0x10000004
SIGBUS: [libjvm.so+0x9a3bf0], sa_mask[0]=0x7ffbfeff, sa_flags=0x10000004
SIGFPE: [libjvm.so+0x81cb60], sa_mask[0]=0x7ffbfeff, sa_flags=0x10000004
SIGPIPE: [libjvm.so+0x81cb60], sa_mask[0]=0x7ffbfeff, sa_flags=0x10000004
SIGXFSZ: [libjvm.so+0x81cb60], sa_mask[0]=0x7ffbfeff, sa_flags=0x10000004
SIGILL: [libjvm.so+0x81cb60], sa_mask[0]=0x7ffbfeff, sa_flags=0x10000004
SIGUSR1: SIG_DFL, sa_mask[0]=0x00000000, sa_flags=0x00000000
SIGUSR2: [libjvm.so+0x81e360], sa_mask[0]=0x00000004, sa_flags=0x10000004
SIGHUP: [libjvm.so+0x81f480], sa_mask[0]=0x7ffbfeff, sa_flags=0x10000004
SIGINT: [libjvm.so+0x81f480], sa_mask[0]=0x7ffbfeff, sa_flags=0x10000004
SIGTERM: [libjvm.so+0x81f480], sa_mask[0]=0x7ffbfeff, sa_flags=0x10000004
SIGQUIT: [libjvm.so+0x81f480], sa_mask[0]=0x7ffbfeff, sa_flags=0x10000004


---------------  S Y S T E M  ---------------

OS:stretch/sid

uname:Linux 4.4.0-64-generic #85-Ubuntu SMP Mon Feb 20 11:50:30 UTC 2017 x86_64
libc:glibc 2.23 NPTL 2.23 
rlimit: STACK 8192k, CORE 0k, NPROC 62809, NOFILE 65536, AS infinity
load average:0.81 0.84 0.87

/proc/meminfo:
MemTotal:       16312852 kB
MemFree:         8018996 kB
MemAvailable:   12113580 kB
Buffers:          290228 kB
Cached:          4589516 kB
SwapCached:            0 kB
Active:          4949732 kB
Inactive:        2853608 kB
Active(anon):    2933772 kB
Inactive(anon):   717484 kB
Active(file):    2015960 kB
Inactive(file):  2136124 kB
Unevictable:         340 kB
Mlocked:             340 kB
SwapTotal:      16657404 kB
SwapFree:       16657404 kB
Dirty:              6620 kB
Writeback:             0 kB
AnonPages:       2924048 kB
Mapped:           558304 kB
Shmem:            727640 kB
Slab:             332384 kB
SReclaimable:     279740 kB
SUnreclaim:        52644 kB
KernelStack:       12112 kB
PageTables:        48708 kB
NFS_Unstable:          0 kB
Bounce:                0 kB
WritebackTmp:          0 kB
CommitLimit:    24813828 kB
Committed_AS:    9567960 kB
VmallocTotal:   34359738367 kB
VmallocUsed:           0 kB
VmallocChunk:          0 kB
HardwareCorrupted:     0 kB
AnonHugePages:    913408 kB
CmaTotal:              0 kB
CmaFree:               0 kB
HugePages_Total:       0
HugePages_Free:        0
HugePages_Rsvd:        0
HugePages_Surp:        0
Hugepagesize:       2048 kB
DirectMap4k:      245320 kB
DirectMap2M:     8024064 kB
DirectMap1G:     8388608 kB


CPU:total 8 (4 cores per cpu, 2 threads per core) family 6 model 60 stepping 3, cmov, cx8, fxsr, mmx, sse, sse2, sse3, ssse3, sse4.1, sse4.2, popcnt, avx, avx2, aes, erms, ht, tsc, tscinvbit

/proc/cpuinfo:
processor	: 0
vendor_id	: GenuineIntel
cpu family	: 6
model		: 60
model name	: Intel(R) Core(TM) i7-4700HQ CPU @ 2.40GHz
stepping	: 3
microcode	: 0x9
cpu MHz		: 3122.906
cache size	: 6144 KB
physical id	: 0
siblings	: 8
core id		: 0
cpu cores	: 4
apicid		: 0
initial apicid	: 0
fpu		: yes
fpu_exception	: yes
cpuid level	: 13
wp		: yes
flags		: fpu vme de pse tsc msr pae mce cx8 apic sep mtrr pge mca cmov pat pse36 clflush dts acpi mmx fxsr sse sse2 ss ht tm pbe syscall nx pdpe1gb rdtscp lm constant_tsc arch_perfmon pebs bts rep_good nopl xtopology nonstop_tsc aperfmperf eagerfpu pni pclmulqdq dtes64 monitor ds_cpl vmx est tm2 ssse3 sdbg fma cx16 xtpr pdcm pcid sse4_1 sse4_2 x2apic movbe popcnt tsc_deadline_timer aes xsave avx f16c rdrand lahf_lm abm epb tpr_shadow vnmi flexpriority ept vpid fsgsbase tsc_adjust bmi1 avx2 smep bmi2 erms invpcid xsaveopt dtherm ida arat pln pts
bugs		:
bogomips	: 4788.83
clflush size	: 64
cache_alignment	: 64
address sizes	: 39 bits physical, 48 bits virtual
power management:

processor	: 1
vendor_id	: GenuineIntel
cpu family	: 6
model		: 60
model name	: Intel(R) Core(TM) i7-4700HQ CPU @ 2.40GHz
stepping	: 3
microcode	: 0x9
cpu MHz		: 3177.937
cache size	: 6144 KB
physical id	: 0
siblings	: 8
core id		: 1
cpu cores	: 4
apicid		: 2
initial apicid	: 2
fpu		: yes
fpu_exception	: yes
cpuid level	: 13
wp		: yes
flags		: fpu vme de pse tsc msr pae mce cx8 apic sep mtrr pge mca cmov pat pse36 clflush dts acpi mmx fxsr sse sse2 ss ht tm pbe syscall nx pdpe1gb rdtscp lm constant_tsc arch_perfmon pebs bts rep_good nopl xtopology nonstop_tsc aperfmperf eagerfpu pni pclmulqdq dtes64 monitor ds_cpl vmx est tm2 ssse3 sdbg fma cx16 xtpr pdcm pcid sse4_1 sse4_2 x2apic movbe popcnt tsc_deadline_timer aes xsave avx f16c rdrand lahf_lm abm epb tpr_shadow vnmi flexpriority ept vpid fsgsbase tsc_adjust bmi1 avx2 smep bmi2 erms invpcid xsaveopt dtherm ida arat pln pts
bugs		:
bogomips	: 4788.83
clflush size	: 64
cache_alignment	: 64
address sizes	: 39 bits physical, 48 bits virtual
power management:

processor	: 2
vendor_id	: GenuineIntel
cpu family	: 6
model		: 60
model name	: Intel(R) Core(TM) i7-4700HQ CPU @ 2.40GHz
stepping	: 3
microcode	: 0x9
cpu MHz		: 3192.937
cache size	: 6144 KB
physical id	: 0
siblings	: 8
core id		: 2
cpu cores	: 4
apicid		: 4
initial apicid	: 4
fpu		: yes
fpu_exception	: yes
cpuid level	: 13
wp		: yes
flags		: fpu vme de pse tsc msr pae mce cx8 apic sep mtrr pge mca cmov pat pse36 clflush dts acpi mmx fxsr sse sse2 ss ht tm pbe syscall nx pdpe1gb rdtscp lm constant_tsc arch_perfmon pebs bts rep_good nopl xtopology nonstop_tsc aperfmperf eagerfpu pni pclmulqdq dtes64 monitor ds_cpl vmx est tm2 ssse3 sdbg fma cx16 xtpr pdcm pcid sse4_1 sse4_2 x2apic movbe popcnt tsc_deadline_timer aes xsave avx f16c rdrand lahf_lm abm epb tpr_shadow vnmi flexpriority ept vpid fsgsbase tsc_adjust bmi1 avx2 smep bmi2 erms invpcid xsaveopt dtherm ida arat pln pts
bugs		:
bogomips	: 4788.83
clflush size	: 64
cache_alignment	: 64
address sizes	: 39 bits physical, 48 bits virtual
power management:

processor	: 3
vendor_id	: GenuineIntel
cpu family	: 6
model		: 60
model name	: Intel(R) Core(TM) i7-4700HQ CPU @ 2.40GHz
stepping	: 3
microcode	: 0x9
cpu MHz		: 3192.843
cache size	: 6144 KB
physical id	: 0
siblings	: 8
core id		: 3
cpu cores	: 4
apicid		: 6
initial apicid	: 6
fpu		: yes
fpu_exception	: yes
cpuid level	: 13
wp		: yes
flags		: fpu vme de pse tsc msr pae mce cx8 apic sep mtrr pge mca cmov pat pse36 clflush dts acpi mmx fxsr sse sse2 ss ht tm pbe syscall nx pdpe1gb rdtscp lm constant_tsc arch_perfmon pebs bts rep_good nopl xtopology nonstop_tsc aperfmperf eagerfpu pni pclmulqdq dtes64 monitor ds_cpl vmx est tm2 ssse3 sdbg fma cx16 xtpr pdcm pcid sse4_1 sse4_2 x2apic movbe popcnt tsc_deadline_timer aes xsave avx f16c rdrand lahf_lm abm epb tpr_shadow vnmi flexpriority ept vpid fsgsbase tsc_adjust bmi1 avx2 smep bmi2 erms invpcid xsaveopt dtherm ida arat pln pts
bugs		:
bogomips	: 4788.83
clflush size	: 64
cache_alignment	: 64
address sizes	: 39 bits physical, 48 bits virtual
power management:

processor	: 4
vendor_id	: GenuineIntel
cpu family	: 6
model		: 60
model name	: Intel(R) Core(TM) i7-4700HQ CPU @ 2.40GHz
stepping	: 3
microcode	: 0x9
cpu MHz		: 3159.093
cache size	: 6144 KB
physical id	: 0
siblings	: 8
core id		: 0
cpu cores	: 4
apicid		: 1
initial apicid	: 1
fpu		: yes
fpu_exception	: yes
cpuid level	: 13
wp		: yes
flags		: fpu vme de pse tsc msr pae mce cx8 apic sep mtrr pge mca cmov pat pse36 clflush dts acpi mmx fxsr sse sse2 ss ht tm pbe syscall nx pdpe1gb rdtscp lm constant_tsc arch_perfmon pebs bts rep_good nopl xtopology nonstop_tsc aperfmperf eagerfpu pni pclmulqdq dtes64 monitor ds_cpl vmx est tm2 ssse3 sdbg fma cx16 xtpr pdcm pcid sse4_1 sse4_2 x2apic movbe popcnt tsc_deadline_timer aes xsave avx f16c rdrand lahf_lm abm epb tpr_shadow vnmi flexpriority ept vpid fsgsbase tsc_adjust bmi1 avx2 smep bmi2 erms invpcid xsaveopt dtherm ida arat pln pts
bugs		:
bogomips	: 4788.83
clflush size	: 64
cache_alignment	: 64
address sizes	: 39 bits physical, 48 bits virtual
power management:

processor	: 5
vendor_id	: GenuineIntel
cpu family	: 6
model		: 60
model name	: Intel(R) Core(TM) i7-4700HQ CPU @ 2.40GHz
stepping	: 3
microcode	: 0x9
cpu MHz		: 3199.968
cache size	: 6144 KB
physical id	: 0
siblings	: 8
core id		: 1
cpu cores	: 4
apicid		: 3
initial apicid	: 3
fpu		: yes
fpu_exception	: yes
cpuid level	: 13
wp		: yes
flags		: fpu vme de pse tsc msr pae mce cx8 apic sep mtrr pge mca cmov pat pse36 clflush dts acpi mmx fxsr sse sse2 ss ht tm pbe syscall nx pdpe1gb rdtscp lm constant_tsc arch_perfmon pebs bts rep_good nopl xtopology nonstop_tsc aperfmperf eagerfpu pni pclmulqdq dtes64 monitor ds_cpl vmx est tm2 ssse3 sdbg fma cx16 xtpr pdcm pcid sse4_1 sse4_2 x2apic movbe popcnt tsc_deadline_timer aes xsave avx f16c rdrand lahf_lm abm epb tpr_shadow vnmi flexpriority ept vpid fsgsbase tsc_adjust bmi1 avx2 smep bmi2 erms invpcid xsaveopt dtherm ida arat pln pts
bugs		:
bogomips	: 4788.83
clflush size	: 64
cache_alignment	: 64
address sizes	: 39 bits physical, 48 bits virtual
power management:

processor	: 6
vendor_id	: GenuineIntel
cpu family	: 6
model		: 60
model name	: Intel(R) Core(TM) i7-4700HQ CPU @ 2.40GHz
stepping	: 3
microcode	: 0x9
cpu MHz		: 3192.937
cache size	: 6144 KB
physical id	: 0
siblings	: 8
core id		: 2
cpu cores	: 4
apicid		: 5
initial apicid	: 5
fpu		: yes
fpu_exception	: yes
cpuid level	: 13
wp		: yes
flags		: fpu vme de pse tsc msr pae mce cx8 apic sep mtrr pge mca cmov pat pse36 clflush dts acpi mmx fxsr sse sse2 ss ht tm pbe syscall nx pdpe1gb rdtscp lm constant_tsc arch_perfmon pebs bts rep_good nopl xtopology nonstop_tsc aperfmperf eagerfpu pni pclmulqdq dtes64 monitor ds_cpl vmx est tm2 ssse3 sdbg fma cx16 xtpr pdcm pcid sse4_1 sse4_2 x2apic movbe popcnt tsc_deadline_timer aes xsave avx f16c rdrand lahf_lm abm epb tpr_shadow vnmi flexpriority ept vpid fsgsbase tsc_adjust bmi1 avx2 smep bmi2 erms invpcid xsaveopt dtherm ida arat pln pts
bugs		:
bogomips	: 4788.83
clflush size	: 64
cache_alignment	: 64
address sizes	: 39 bits physical, 48 bits virtual
power management:

processor	: 7
vendor_id	: GenuineIntel
cpu family	: 6
model		: 60
model name	: Intel(R) Core(TM) i7-4700HQ CPU @ 2.40GHz
stepping	: 3
microcode	: 0x9
cpu MHz		: 3181.593
cache size	: 6144 KB
physical id	: 0
siblings	: 8
core id		: 3
cpu cores	: 4
apicid		: 7
initial apicid	: 7
fpu		: yes
fpu_exception	: yes
cpuid level	: 13
wp		: yes
flags		: fpu vme de pse tsc msr pae mce cx8 apic sep mtrr pge mca cmov pat pse36 clflush dts acpi mmx fxsr sse sse2 ss ht tm pbe syscall nx pdpe1gb rdtscp lm constant_tsc arch_perfmon pebs bts rep_good nopl xtopology nonstop_tsc aperfmperf eagerfpu pni pclmulqdq dtes64 monitor ds_cpl vmx est tm2 ssse3 sdbg fma cx16 xtpr pdcm pcid sse4_1 sse4_2 x2apic movbe popcnt tsc_deadline_timer aes xsave avx f16c rdrand lahf_lm abm epb tpr_shadow vnmi flexpriority ept vpid fsgsbase tsc_adjust bmi1 avx2 smep bmi2 erms invpcid xsaveopt dtherm ida arat pln pts
bugs		:
bogomips	: 4788.83
clflush size	: 64
cache_alignment	: 64
address sizes	: 39 bits physical, 48 bits virtual
power management:



Memory: 4k page, physical 16312852k(8018996k free), swap 16657404k(16657404k free)

vm_info: Java HotSpot(TM) 64-Bit Server VM (24.79-b02) for linux-amd64 JRE (1.7.0_79-b15), built on Apr 10 2015 11:34:48 by "java_re" with gcc 4.3.0 20080428 (Red Hat 4.3.0-8)

time: Tue Mar  7 21:57:33 2017
elapsed time: 0 seconds

